F00:0001       ; Code by Tero Hongisto
F00:0002       ; CodeVacation 2018
F00:0003       ; "I never wanted to exit to the OS anyway..."
F00:0004       
F00:0005       	include LVOs.i
F01:0001       
F01:0002       ; dos_lib.i V39
F01:0003       
F01:0004       _LVOOpen			equ	-$001e
F01:0005       _LVOClose			equ	-$0024
F01:0006       _LVORead			equ	-$002a
F01:0007       _LVOWrite			equ	-$0030
F01:0008       _LVOInput			equ	-$0036
F01:0009       _LVOOutput			equ	-$003c
F01:0010       _LVOSeek			equ	-$0042
F01:0011       _LVODeleteFile			equ	-$0048
F01:0012       _LVORename			equ	-$004e
F01:0013       _LVOLock			equ	-$0054
F01:0014       _LVOUnLock			equ	-$005a
F01:0015       _LVODupLock			equ	-$0060
F01:0016       _LVOExamine			equ	-$0066
F01:0017       _LVOExNext			equ	-$006c
F01:0018       _LVOInfo			equ	-$0072
F01:0019       _LVOCreateDir			equ	-$0078
F01:0020       _LVOCurrentDir			equ	-$007e
F01:0021       _LVOIoErr			equ	-$0084
F01:0022       _LVOCreateProc			equ	-$008a
F01:0023       _LVOExit			equ	-$0090
F01:0024       _LVOLoadSeg			equ	-$0096
F01:0025       _LVOUnLoadSeg			equ	-$009c
F01:0026       _LVOGetPacket			equ	-$00a2
F01:0027       _LVOQueuePacket			equ	-$00a8
F01:0028       _LVODeviceProc			equ	-$00ae
F01:0029       _LVOSetComment			equ	-$00b4
F01:0030       _LVOSetProtection		equ	-$00ba
F01:0031       _LVODateStamp			equ	-$00c0
F01:0032       _LVODelay			equ	-$00c6
F01:0033       _LVOWaitForChar			equ	-$00cc
F01:0034       _LVOParentDir			equ	-$00d2
F01:0035       _LVOIsInteractive		equ	-$00d8
F01:0036       _LVOExecute			equ	-$00de
F01:0037       	
F01:0038       ; graphics_lib.i V39
F01:0039       
F01:0040       _LVOBltBitMap	 		equ 	-30
F01:0041       _LVOBltTemplate 		equ 	-36
F01:0042       _LVOClearEOL 			equ 	-42
F01:0043       _LVOClearScreen 		equ 	-48
F01:0044       _LVOTextLength 			equ 	-54
F01:0045       _LVOText 			equ 	-60
F01:0046       _LVOSetFont 			equ 	-66
F01:0047       _LVOOpenFont 			equ 	-72
F01:0048       _LVOCloseFont 			equ 	-78
F01:0049       _LVOAskSoftStyle 		equ 	-84
F01:0050       _LVOSetSoftStyle 		equ 	-90
F01:0051       _LVOAddBob 			equ 	-96
F01:0052       _LVOAddVSprite 			equ 	-102
F01:0053       _LVODoCollision 		equ 	-108
F01:0054       _LVODrawGList 			equ 	-114
F01:0055       _LVOInitGels 			equ 	-120
F01:0056       _LVOInitMasks 			equ 	-126
F01:0057       _LVORemIBob 			equ 	-132
F01:0058       _LVORemVSprite 			equ 	-138
F01:0059       _LVOSetCollision 		equ 	-144
F01:0060       _LVOSortGList 			equ 	-150
F01:0061       _LVOAddAnimOb 			equ 	-156
F01:0062       _LVOAnimate 			equ 	-162
F01:0063       _LVOGetGBuffers 		equ 	-168
F01:0064       _LVOInitGMasks 			equ 	-174
F01:0065       _LVODrawEllipse 		equ 	-180
F01:0066       _LVOAreaEllipse 		equ 	-186
F01:0067       _LVOLoadRGB4 			equ 	-192
F01:0068       _LVOInitRastPort 		equ 	-198
F01:0069       _LVOInitVPort 			equ 	-204
F01:0070       _LVOMrgCop 			equ 	-210
F01:0071       _LVOMakeVPort 			equ 	-216
F01:0072       _LVOLoadView 			equ 	-222
F01:0073       _LVOWaitBlit 			equ 	-228
F01:0074       _LVOSetRast 			equ 	-234
F01:0075       _LVOMove 			equ 	-240
F01:0076       _LVODraw 			equ 	-246
F01:0077       _LVOAreaMove 			equ 	-252
F01:0078       _LVOAreaDraw 			equ 	-258
F01:0079       _LVOAreaEnd 			equ 	-264
F01:0080       _LVOWaitTOF 			equ 	-270
F01:0081       _LVOQBlit 			equ 	-276
F01:0082       _LVOInitArea 			equ 	-282
F01:0083       _LVOSetRGB4 			equ 	-288
F01:0084       _LVOQBSBlit 			equ 	-294
F01:0085       _LVOBltClear 			equ 	-300
F01:0086       _LVORectFill 			equ 	-306
F01:0087       _LVOBltPattern 			equ 	-312
F01:0088       _LVOReadPixel 			equ 	-318
F01:0089       _LVOWritePixel 			equ 	-324
F01:0090       _LVOFlood 			equ 	-330
F01:0091       _LVOPolyDraw 			equ 	-336
F01:0092       _LVOSetAPen 			equ 	-342
F01:0093       _LVOSetBPen 			equ 	-348
F01:0094       _LVOSetDrMd 			equ 	-354
F01:0095       _LVOInitView 			equ 	-360
F01:0096       _LVOCBump 			equ 	-366
F01:0097       _LVOCMove 			equ 	-372
F01:0098       _LVOCWait 			equ 	-378
F01:0099       _LVOVBeamPos 			equ 	-384
F01:0100       _LVOInitBitMap 			equ 	-390
F01:0101       _LVOScrollRaster 		equ 	-396
F01:0102       _LVOWaitBOVP 			equ 	-402
F01:0103       _LVOGetSprite 			equ 	-408
F01:0104       _LVOFreeSprite 			equ 	-414
F01:0105       _LVOChangeSprite 		equ 	-420
F01:0106       _LVOMoveSprite 			equ 	-426
F01:0107       _LVOLockLayerRom 		equ 	-432
F01:0108       _LVOUnlockLayerRom 		equ 	-438
F01:0109       _LVOSyncSBitMap 		equ 	-444
F01:0110       _LVOCopySBitMap 		equ 	-450
F01:0111       _LVOOwnBlitter 			equ 	-456
F01:0112       _LVODisownBlitter 		equ 	-462
F01:0113       _LVOInitTmpRas 			equ 	-468
F01:0114       _LVOAskFont 			equ 	-474
F01:0115       _LVOAddFont 			equ 	-480
F01:0116       _LVORemFont 			equ 	-486
F01:0117       _LVOAllocRaster 		equ 	-492
F01:0118       _LVOFreeRaster 			equ 	-498
F01:0119       _LVOAndRectRegion 		equ 	-504
F01:0120       _LVOOrRectRegion 		equ 	-510
F01:0121       _LVONewRegion 			equ 	-516
F01:0122       _LVOClearRectRegion 		equ 	-522
F01:0123       _LVOClearRegion 		equ 	-528
F01:0124       _LVODisposeRegion 		equ 	-534
F01:0125       _LVOFreeVPortCopLists 		equ 	-540
F01:0126       _LVOFreeCopList 		equ 	-546
F01:0127       _LVOClipBlit 			equ 	-552
F01:0128       _LVOXorRectRegion 		equ 	-558
F01:0129       _LVOFreeCprList 		equ 	-564
F01:0130       _LVOGetColorMap 		equ 	-570
F01:0131       _LVOFreeColorMap 		equ 	-576
F01:0132       _LVOGetRGB4 			equ 	-582
F01:0133       _LVOScrollVPort 		equ 	-588
F01:0134       _LVOUCopperListInit 		equ 	-594
F01:0135       _LVOFreeGBuffers 		equ 	-600
F01:0136       _LVOBltBitMapRastPort 		equ 	-606
F01:0137       _LVOOrRegionRegion 		equ 	-612
F01:0138       _LVOXorRegionRegion 		equ 	-618
F01:0139       _LVOAndRegionRegion 		equ 	-624
F01:0140       _LVOSetRGB4CM 			equ 	-630
F01:0141       _LVOBltMaskBitMapRastPort 	equ 	-636
F01:0142       _LVOgraphicsPrivate1 		equ 	-642
F01:0143       _LVOgraphicsPrivate2 		equ 	-648
F01:0144       _LVOAttemptLockLayerRom 	equ 	-654
F01:0145       _LVOGfxNew 			equ 	-660
F01:0146       _LVOGfxFree 			equ 	-666
F01:0147       _LVOGfxAssociate 		equ 	-672
F01:0148       _LVOBitMapScale 		equ 	-678
F01:0149       _LVOScalerDiv 			equ 	-684
F01:0150       _LVOTextExtent 			equ 	-690
F01:0151       _LVOTextFit 			equ 	-696
F01:0152       _LVOGfxLookUp 			equ 	-702
F01:0153       _LVOVideoControl 		equ 	-708
F01:0154       _LVOOpenMonitor 		equ 	-714
F01:0155       _LVOCloseMonitor 		equ 	-720
F01:0156       _LVOFindDisplayInfo 		equ 	-726
F01:0157       _LVONextDisplayInfo 		equ 	-732
F01:0158       _LVOgraphicsPrivate3 		equ 	-738
F01:0159       _LVOgraphicsPrivate4 		equ 	-744
F01:0160       _LVOgraphicsPrivate5 		equ 	-750
F01:0161       _LVOGetDisplayInfoData 		equ 	-756
F01:0162       _LVOFontExtent 			equ 	-762
F01:0163       _LVOReadPixelLine8 		equ 	-768
F01:0164       _LVOWritePixelLine8 		equ 	-774
F01:0165       _LVOReadPixelArray8 		equ 	-780
F01:0166       _LVOWritePixelArray8 		equ 	-786
F01:0167       _LVOGetVPModeID 		equ 	-792
F01:0168       _LVOModeNotAvailable 		equ 	-798
F01:0169       _LVOWeighTAMatch 		equ 	-804
F01:0170       _LVOEraseRect 			equ 	-810
F01:0171       _LVOExtendFont 			equ 	-816
F01:0172       _LVOStripFont 			equ 	-822
F01:0173       _LVOCalcIVG 			equ 	-828
F01:0174       _LVOAttachPalExtra 		equ 	-834
F01:0175       _LVOObtainBestPenA 		equ 	-840
F01:0176       _LVOgraphicsPrivate6 		equ 	-846
F01:0177       _LVOSetRGB32 			equ 	-852
F01:0178       _LVOGetAPen 			equ 	-858
F01:0179       _LVOGetBPen 			equ 	-864
F01:0180       _LVOGetDrMd 			equ 	-870
F01:0181       _LVOGetOutlinePen 		equ 	-876
F01:0182       _LVOLoadRGB32 			equ 	-882
F01:0183       _LVOSetChipRev 			equ 	-888
F01:0184       _LVOSetABPenDrMd 		equ 	-894
F01:0185       _LVOGetRGB32 			equ 	-900
F01:0186       _LVOgraphicsPrivate7 		equ 	-906
F01:0187       _LVOgraphicsPrivate8 		equ 	-912
F01:0188       _LVOAllocBitMap 		equ 	-918
F01:0189       _LVOFreeBitMap 			equ 	-924
F01:0190       _LVOGetExtSpriteA 		equ 	-930
F01:0191       _LVOCoerceMode 			equ 	-936
F01:0192       _LVOChangeVPBitMap 		equ 	-942
F01:0193       _LVOReleasePen 			equ 	-948
F01:0194       _LVOObtainPen 			equ 	-954
F01:0195       _LVOGetBitMapAttr 		equ 	-960
F01:0196       _LVOAllocDBufInfo 		equ 	-966
F01:0197       _LVOFreeDBufInfo 		equ 	-972
F01:0198       _LVOSetOutlinePen 		equ 	-978
F01:0199       _LVOSetWriteMask 		equ 	-984
F01:0200       _LVOSetMaxPen 			equ 	-990
F01:0201       _LVOSetRGB32CM 			equ 	-996
F01:0202       _LVOScrollRasterBF 		equ 	-1002
F01:0203       _LVOFindColor 			equ 	-1008
F01:0204       _LVOgraphicsPrivate9 		equ 	-1014
F01:0205       _LVOAllocSpriteDataA 		equ 	-1020
F01:0206       _LVOChangeExtSpriteA 		equ 	-1026
F01:0207       _LVOFreeSpriteData 		equ 	-1032
F01:0208       _LVOSetRPAttrsA 		equ 	-1038
F01:0209       _LVOGetRPAttrsA 		equ 	-1044
F01:0210       _LVOBestModeIDA 		equ 	-1050
F01:0211       	
F01:0212       ;intuition_lib.i V39
F01:0213       	
F01:0214       _LVOOpenIntuition  		equ	-30
F01:0215       _LVOIntuition  			equ  	-36
F01:0216       _LVOAddGadget  			equ  	-42
F01:0217       _LVOClearDMRequest  		equ  	-48
F01:0218       _LVOClearMenuStrip  		equ  	-54
F01:0219       _LVOClearPointer  		equ  	-60
F01:0220       _LVOCloseScreen  		equ  	-66
F01:0221       _LVOCloseWindow  		equ  	-72
F01:0222       _LVOCloseWorkBench  		equ  	-78
F01:0223       _LVOCurrentTime  		equ  	-84
F01:0224       _LVODisplayAlert  		equ  	-90
F01:0225       _LVODisplayBeep  		equ  	-96
F01:0226       _LVODoubleClick  		equ  	-102
F01:0227       _LVODrawBorder  		equ  	-108
F01:0228       _LVODrawImage  			equ  	-114
F01:0229       _LVOEndRequest  		equ  	-120
F01:0230       _LVOGetDefPrefs  		equ  	-126
F01:0231       _LVOGetPrefs  			equ  	-132
F01:0232       _LVOInitRequester  		equ  	-138
F01:0233       _LVOItemAddress  		equ  	-144
F01:0234       _LVOModifyIDCMP  		equ  	-150
F01:0235       _LVOModifyProp  		equ  	-156
F01:0236       _LVOMoveScreen  		equ  	-162
F01:0237       _LVOMoveWindow  		equ  	-168
F01:0238       _LVOOffGadget  			equ  	-174
F01:0239       _LVOOffMenu  			equ  	-180
F01:0240       _LVOOnGadget  			equ  	-186
F01:0241       _LVOOnMenu  			equ  	-192
F01:0242       _LVOOpenScreen  		equ  	-198
F01:0243       _LVOOpenWindow  		equ  	-204
F01:0244       _LVOOpenWorkBench  		equ  	-210
F01:0245       _LVOPrintIText  		equ  	-216
F01:0246       _LVORefreshGadgets  		equ  	-222
F01:0247       _LVORemoveGadget  		equ  	-228
F01:0248       _LVOReportMouse  		equ  	-234
F01:0249       _LVORequest  			equ  	-240
F01:0250       _LVOScreenToBack  		equ  	-246
F01:0251       _LVOScreenToFront  		equ  	-252
F01:0252       _LVOSetDMRequest  		equ  	-258
F01:0253       _LVOSetMenuStrip  		equ  	-264
F01:0254       _LVOSetPointer  		equ  	-270
F01:0255       _LVOSetWindowTitles  		equ  	-276
F01:0256       _LVOShowTitle  			equ  	-282
F01:0257       _LVOSizeWindow  		equ  	-288
F01:0258       _LVOViewAddress  		equ  	-294
F01:0259       _LVOViewPortAddress  		equ  	-300
F01:0260       _LVOWindowToBack  		equ  	-306
F01:0261       _LVOWindowToFront  		equ  	-312
F01:0262       _LVOWindowLimits  		equ  	-318
F01:0263       _LVOSetPrefs  			equ  	-324
F01:0264       _LVOIntuiTextLength  		equ  	-330
F01:0265       _LVOWBenchToBack  		equ  	-336
F01:0266       _LVOWBenchToFront  		equ  	-342
F01:0267       _LVOAutoRequest  		equ  	-348
F01:0268       _LVOBeginRefresh  		equ  	-354
F01:0269       _LVOBuildSysRequest  		equ  	-360
F01:0270       _LVOEndRefresh  		equ  	-366
F01:0271       _LVOFreeSysRequest  		equ  	-372
F01:0272       _LVOMakeScreen  		equ  	-378
F01:0273       _LVORemakeDisplay  		equ  	-384
F01:0274       _LVORethinkDisplay  		equ  	-390
F01:0275       _LVOAllocRemember  		equ  	-396
F01:0276       _LVOAlohaWorkbench  		equ  	-402
F01:0277       _LVOFreeRemember  		equ  	-408
F01:0278       _LVOLockIBase  			equ  	-414
F01:0279       _LVOUnlockIBase  		equ  	-420
F01:0280       _LVOGetScreenData  		equ  	-426
F01:0281       _LVORefreshGList  		equ  	-432
F01:0282       _LVOAddGList  			equ  	-438
F01:0283       _LVORemoveGList  		equ  	-444
F01:0284       _LVOActivateWindow  		equ  	-450
F01:0285       _LVORefreshWindowFrame  	equ  	-456
F01:0286       _LVOActivateGadget  		equ  	-462
F01:0287       _LVONewModifyProp  		equ  	-468
F01:0288       _LVOQueryOverscan  		equ  	-474
F01:0289       _LVOMoveWindowInFrontOf  	equ  	-480
F01:0290       _LVOChangeWindowBox  		equ  	-486
F01:0291       _LVOSetEditHook  		equ  	-492
F01:0292       _LVOSetMouseQueue  		equ  	-498
F01:0293       _LVOZipWindow  			equ  	-504
F01:0294       _LVOLockPubScreen  		equ  	-510
F01:0295       _LVOUnlockPubScreen  		equ  	-516
F01:0296       _LVOLockPubScreenList  		equ  	-522
F01:0297       _LVOUnlockPubScreenList  	equ  	-528
F01:0298       _LVONextPubScreen  		equ  	-534
F01:0299       _LVOSetDefaultPubScreen  	equ  	-540
F01:0300       _LVOSetPubScreenModes  		equ  	-546
F01:0301       _LVOPubScreenStatus  		equ  	-552
F01:0302       _LVOObtainGIRPort  		equ  	-558
F01:0303       _LVOReleaseGIRPort  		equ  	-564
F01:0304       _LVOGadgetMouse  		equ  	-570
F01:0305       _LVOintuitionPrivate1  		equ  	-576
F01:0306       _LVOGetDefaultPubScreen  	equ  	-582
F01:0307       _LVOEasyRequestArgs  		equ  	-588
F01:0308       _LVOBuildEasyRequestArgs  	equ  	-594
F01:0309       _LVOSysReqHandler  		equ  	-600
F01:0310       _LVOOpenWindowTagList  		equ  	-606
F01:0311       _LVOOpenScreenTagList  		equ  	-612
F01:0312       _LVODrawImageState  		equ  	-618
F01:0313       _LVOPointInImage  		equ  	-624
F01:0314       _LVOEraseImage  		equ  	-630
F01:0315       _LVONewObjectA  		equ  	-636
F01:0316       _LVODisposeObject  		equ  	-642
F01:0317       _LVOSetAttrsA  			equ  	-648
F01:0318       _LVOGetAttr  			equ  	-654
F01:0319       _LVOSetGadgetAttrsA  		equ  	-660
F01:0320       _LVONextObject  		equ  	-666
F01:0321       _LVOintuitionPrivate2  		equ  	-672
F01:0322       _LVOMakeClass  			equ  	-678
F01:0323       _LVOAddClass  			equ  	-684
F01:0324       _LVOGetScreenDrawInfo  		equ  	-690
F01:0325       _LVOFreeScreenDrawInfo  	equ  	-696
F01:0326       _LVOResetMenuStrip  		equ  	-702
F01:0327       _LVORemoveClass  		equ  	-708
F01:0328       _LVOFreeClass  			equ  	-714
F01:0329       _LVOintuitionPrivate3  		equ  	-720
F01:0330       _LVOintuitionPrivate4  		equ  	-726
F01:0331       _LVOAllocScreenBuffer  		equ  	-768
F01:0332       _LVOFreeScreenBuffer  		equ  	-774
F01:0333       _LVOChangeScreenBuffer  	equ  	-780
F01:0334       _LVOScreenDepth  		equ  	-786
F01:0335       _LVOScreenPosition  		equ  	-792
F01:0336       _LVOScrollWindowRaster  	equ  	-798
F01:0337       _LVOLendMenus  			equ  	-804
F01:0338       _LVODoGadgetMethodA  		equ  	-810
F01:0339       _LVOSetWindowPointerA  		equ  	-816
F01:0340       _LVOTimedDisplayAlert  		equ  	-822
F01:0341       _LVOHelpControl  		equ  	-828
F01:0342       	
F01:0343       ;exec_lib.i V39
F01:0344       
F01:0345       _LVOSupervisor 			equ	-30
F01:0346       _LVOexecPrivate1  		equ  	-36
F01:0347       _LVOexecPrivate2  		equ  	-42
F01:0348       _LVOexecPrivate3  		equ  	-48
F01:0349       _LVOexecPrivate4  		equ  	-54
F01:0350       _LVOexecPrivate5  		equ  	-60
F01:0351       _LVOexecPrivate6  		equ  	-66
F01:0352       _LVOInitCode  			equ  	-72
F01:0353       _LVOInitStruct  		equ  	-78
F01:0354       _LVOMakeLibrary  		equ  	-84
F01:0355       _LVOMakeFunctions  		equ  	-90
F01:0356       _LVOFindResident  		equ  	-96
F01:0357       _LVOInitResident  		equ  	-102
F01:0358       _LVOAlert  			equ  	-108
F01:0359       _LVODebug  			equ  	-114
F01:0360       _LVODisable  			equ  	-120
F01:0361       _LVOEnable  			equ  	-126
F01:0362       _LVOForbid  			equ  	-132
F01:0363       _LVOPermit  			equ  	-138
F01:0364       _LVOSetSR  			equ  	-144
F01:0365       _LVOSuperState  		equ  	-150
F01:0366       _LVOUserState  			equ  	-156
F01:0367       _LVOSetIntVector  		equ  	-162
F01:0368       _LVOAddIntServer  		equ  	-168
F01:0369       _LVORemIntServer  		equ  	-174
F01:0370       _LVOCause  			equ  	-180
F01:0371       _LVOAllocate  			equ  	-186
F01:0372       _LVODeallocate  		equ  	-192
F01:0373       _LVOAllocMem  			equ  	-198
F01:0374       _LVOAllocAbs  			equ  	-204
F01:0375       _LVOFreeMem  			equ  	-210
F01:0376       _LVOAvailMem  			equ  	-216
F01:0377       _LVOAllocEntry  		equ  	-222
F01:0378       _LVOFreeEntry  			equ  	-228
F01:0379       _LVOInsert  			equ  	-234
F01:0380       _LVOAddHead  			equ  	-240
F01:0381       _LVOAddTail  			equ  	-246
F01:0382       _LVORemove  			equ  	-252
F01:0383       _LVORemHead  			equ  	-258
F01:0384       _LVORemTail  			equ  	-264
F01:0385       _LVOEnqueue  			equ  	-270
F01:0386       _LVOFindName  			equ  	-276
F01:0387       _LVOAddTask  			equ  	-282
F01:0388       _LVORemTask  			equ  	-288
F01:0389       _LVOFindTask  			equ  	-294
F01:0390       _LVOSetTaskPri  		equ  	-300
F01:0391       _LVOSetSignal  			equ  	-306
F01:0392       _LVOSetExcept  			equ  	-312
F01:0393       _LVOWait  			equ  	-318
F01:0394       _LVOSignal  			equ  	-324
F01:0395       _LVOAllocSignal  		equ  	-330
F01:0396       _LVOFreeSignal  		equ  	-336
F01:0397       _LVOAllocTrap  			equ  	-342
F01:0398       _LVOFreeTrap  			equ  	-348
F01:0399       _LVOAddPort  			equ  	-354
F01:0400       _LVORemPort  			equ  	-360
F01:0401       _LVOPutMsg  			equ  	-366
F01:0402       _LVOGetMsg  			equ  	-372
F01:0403       _LVOReplyMsg  			equ  	-378
F01:0404       _LVOWaitPort  			equ  	-384
F01:0405       _LVOFindPort  			equ  	-390
F01:0406       _LVOAddLibrary  		equ  	-396
F01:0407       _LVORemLibrary  		equ  	-402
F01:0408       _LVOOldOpenLibrary  		equ  	-408
F01:0409       _LVOCloseLibrary  		equ  	-414
F01:0410       _LVOSetFunction  		equ  	-420
F01:0411       _LVOSumLibrary  		equ  	-426
F01:0412       _LVOAddDevice  			equ  	-432
F01:0413       _LVORemDevice  			equ  	-438
F01:0414       _LVOOpenDevice  		equ  	-444
F01:0415       _LVOCloseDevice  		equ  	-450
F01:0416       _LVODoIO  			equ  	-456
F01:0417       _LVOSendIO  			equ  	-462
F01:0418       _LVOCheckIO  			equ  	-468
F01:0419       _LVOWaitIO  			equ  	-474
F01:0420       _LVOAbortIO  			equ  	-480
F01:0421       _LVOAddResource  		equ  	-486
F01:0422       _LVORemResource  		equ  	-492
F01:0423       _LVOOpenResource  		equ  	-498
F01:0424       _LVOexecPrivate7  		equ  	-504
F01:0425       _LVOexecPrivate8  		equ  	-510
F01:0426       _LVOexecPrivate9  		equ  	-516
F01:0427       _LVORawDoFmt  			equ  	-522
F01:0428       _LVOGetCC  			equ  	-528
F01:0429       _LVOTypeOfMem  			equ  	-534
F01:0430       _LVOProcure  			equ  	-540
F01:0431       _LVOVacate  			equ  	-546
F01:0432       _LVOOpenLibrary  		equ  	-552
F01:0433       _LVOInitSemaphore  		equ  	-558
F01:0434       _LVOObtainSemaphore  		equ  	-564
F01:0435       _LVOReleaseSemaphore  		equ  	-570
F01:0436       _LVOAttemptSemaphore  		equ  	-576
F01:0437       _LVOObtainSemaphoreList  	equ  	-582
F01:0438       _LVOReleaseSemaphoreList  	equ  	-588
F01:0439       _LVOFindSemaphore  		equ  	-594
F01:0440       _LVOAddSemaphore  		equ  	-600
F01:0441       _LVORemSemaphore  		equ  	-606
F01:0442       _LVOSumKickData  		equ  	-612
F01:0443       _LVOAddMemList  		equ  	-618
F01:0444       _LVOCopyMem 	 		equ  	-624
F01:0445       _LVOCopyMemQuick  		equ  	-630
F01:0446       _LVOCacheClearU  		equ  	-636
F01:0447       _LVOCacheClearE  		equ  	-642
F01:0448       _LVOCacheControl  		equ  	-648
F01:0449       _LVOCreateIORequest  		equ  	-654
F01:0450       _LVODeleteIORequest  		equ  	-660
F01:0451       _LVOCreateMsgPort  		equ  	-666
F01:0452       _LVODeleteMsgPort  		equ  	-672
F01:0453       _LVOObtainSemaphoreShared  	equ  	-678
F01:0454       _LVOAllocVec	  		equ  	-684
F01:0455       _LVOFreeVec  			equ  	-690
F01:0456       _LVOCreatePool  		equ  	-696
F01:0457       _LVODeletePool  		equ  	-702
F01:0458       _LVOAllocPooled  		equ  	-708
F01:0459       _LVOFreePooled  		equ  	-714
F01:0460       _LVOAttemptSemaphoreShared  	equ  	-720
F01:0461       _LVOColdReboot  		equ  	-726
F01:0462       _LVOStackSwap  			equ  	-732
F01:0463       _LVOChildFree  			equ  	-738
F01:0464       _LVOChildOrphan  		equ  	-744
F01:0465       _LVOChildStatus  		equ  	-750
F01:0466       _LVOChildWait	  		equ  	-756
F01:0467       _LVOCachePreDMA  		equ  	-762
F01:0468       _LVOCachePostDMA  		equ  	-768
F01:0469       _LVOAddMemHandler  		equ  	-774
F01:0470       _LVORemMemHandler  		equ  	-780
F01:0471       _LVOObtainQuickVector  		equ  	-786
F01:0472       _LVOexecPrivate10  		equ  	-792
F01:0473       _LVOexecPrivate11  		equ  	-798
F01:0474       _LVOexecPrivate12  		equ  	-804
F01:0475       _LVOexecPrivate13  		equ  	-810
F01:0476       _LVOexecPrivate14  		equ  	-816
F01:0477       _LVOexecPrivate15  		equ  	-822
F01:0478       
F00:0006       	include Hards.i
F02:0001       JOY0DAT		equ	$00a
F02:0002       JOY1DAT		equ	$00c
F02:0003       
F02:0004       POT0DAT		equ	$012
F02:0005       POT1DAT		equ	$014
F02:0006       
F02:0007       INTENAR		equ	$01c
F02:0008       INTREQR		equ	$01e
F02:0009       INTENA		equ	$09a
F02:0010       INTREQ		equ	$09c
F02:0011       
F02:0012       ADKCONR		equ	$010
F02:0013       ADKCON		equ	$09E
F02:0014       
F02:0015       AUD0LC		equ	$0a0
F02:0016       AUD0LEN		equ	$0a4
F02:0017       AUD0PER		equ	$0a6
F02:0018       AUD0VOL		equ	$0a8
F02:0019       AUD0DAT		equ	$0aa
F02:0020       AUD1LC		equ	$0b0
F02:0021       AUD1LEN		equ	$0b4
F02:0022       AUD1PER		equ	$0b6
F02:0023       AUD1VOL		equ	$0b8
F02:0024       AUD1DAT		equ	$0ba
F02:0025       AUD2LC		equ	$0c0
F02:0026       AUD2LEN		equ	$0c4
F02:0027       AUD2PER		equ	$0c6
F02:0028       AUD2VOL		equ	$0c8
F02:0029       AUD2DAT		equ	$0ca
F02:0030       AUD3LC		equ	$0d0
F02:0031       AUD3LEN		equ	$0d4
F02:0032       AUD3PER		equ	$0d6
F02:0033       AUD3VOL		equ	$0d8
F02:0034       AUD3DAT		equ	$0da
F02:0035       
F02:0036       COP1LCH		equ	$080
F02:0037       COP1LCL		equ	$082
F02:0038       COP2LCH		equ	$084
F02:0039       COP2LCL		equ	$086
F02:0040       COPJMP1		equ	$088
F02:0041       COPJMP2		equ	$08a
F02:0042       COPINS		equ	$08c
F02:0043       
F02:0044       DIWSTRT		equ	$08e
F02:0045       DIWSTOP		equ	$090
F02:0046       DDFSTRT		equ	$092
F02:0047       DDFSTOP		equ	$094
F02:0048       
F02:0049       DMACON		equ	$096
F02:0050       DMACONR		equ	$002
F02:0051       
F02:0052       BLTCON0		equ	$040
F02:0053       BLTCON1		equ	$042
F02:0054       BLTAFWM		equ	$044
F02:0055       BLTALWM		equ	$046
F02:0056       BLTCPT		equ	$048
F02:0057       BLTBPT		equ	$04c
F02:0058       BLTAPT		equ	$050
F02:0059       BLTDPT		equ	$054
F02:0060       BLTSIZE		equ	$058
F02:0061       BLTCMOD		equ	$060
F02:0062       BLTBMOD		equ	$062
F02:0063       BLTAMOD		equ	$064
F02:0064       BLTDMOD		equ	$066
F02:0065       BLTCDAT		equ	$070
F02:0066       BLTBDAT		equ	$072
F02:0067       BLTADAT		equ	$074
F02:0068       
F02:0069       BPL1PTH		equ	$0e0
F02:0070       BPL1PTL		equ	$0e2
F02:0071       BPL2PTH		equ	$0e4
F02:0072       BPL2PTL		equ	$0e6
F02:0073       BPL3PTH		equ	$0e8
F02:0074       BPL3PTL		equ	$0ea
F02:0075       BPL4PTH		equ	$0ec
F02:0076       BPL4PTL		equ	$0ee
F02:0077       BPL5PTH		equ	$0f0
F02:0078       BPL5PTL		equ	$0f2
F02:0079       BPL6PTH		equ	$0f4
F02:0080       BPL6PTL		equ	$0f6
F02:0081       BPL7PTH		equ	$0f8
F02:0082       BPL7PTL		equ	$0fa
F02:0083       BPL8PTH		equ	$0fc
F02:0084       BPL8PTL		equ	$0fe
F02:0085       
F02:0086       BPLCON0		equ	$100
F02:0087       BPLCON1		equ	$102
F02:0088       BPLCON2		equ	$104
F02:0089       BPL1MOD		equ	$108
F02:0090       BPL2MOD		equ	$10a
F02:0091       
F02:0092       BPL1DAT		equ	$110
F02:0093       BPL2DAT		equ	$112
F02:0094       BPL3DAT		equ	$114
F02:0095       BPL4DAT		equ	$116
F02:0096       BPL5DAT		equ	$118
F02:0097       BPL6DAT		equ	$11a
F02:0098       BPL7DAT		equ	$11c
F02:0099       BPL8DAT		equ	$11e
F02:0100       
F02:0101       SPR0PTH		equ	$120
F02:0102       SPR0PTL		equ	$122
F02:0103       SPR1PTH		equ	$124
F02:0104       SPR1PTL		equ	$126
F02:0105       SPR2PTH		equ	$128
F02:0106       SPR2PTL		equ	$12a
F02:0107       SPR3PTH		equ	$12c
F02:0108       SPR3PTL		equ	$12e
F02:0109       SPR4PTH		equ	$130
F02:0110       SPR4PTL		equ	$132
F02:0111       SPR5PTH		equ	$134
F02:0112       SPR5PTL		equ	$136
F02:0113       SPR6PTH		equ	$138
F02:0114       SPR6PTL		equ	$13a
F02:0115       SPR7PTH		equ	$13c
F02:0116       SPR7PTL		equ	$13e
F02:0117       
F02:0118       SPR0POS		equ	$140
F02:0119       SPR1POS		equ	$148
F02:0120       SPR2POS		equ	$150
F02:0121       SPR3POS		equ	$158
F02:0122       SPR4POS		equ	$160
F02:0123       SPR5POS		equ	$168
F02:0124       SPR6POS		equ	$170
F02:0125       SPR7POS		equ	$178
F02:0126       
F02:0127       SPR0CTL		equ	$142
F02:0128       SPR1CTL		equ	$14a
F02:0129       SPR2CTL		equ	$152
F02:0130       SPR3CTL		equ	$15a
F02:0131       SPR4CTL		equ	$162
F02:0132       SPR5CTL		equ	$16a
F02:0133       SPR6CTL		equ	$172
F02:0134       SPR7CTL		equ	$17a
F02:0135       
F02:0136       SPR0DATA	equ	$144
F02:0137       SPR1DATA	equ	$14c
F02:0138       SPR2DATA	equ	$154
F02:0139       SPR3DATA	equ	$15c
F02:0140       SPR4DATA	equ	$164
F02:0141       SPR5DATA	equ	$16c
F02:0142       SPR6DATA	equ	$174
F02:0143       SPR7DATA	equ	$17c
F02:0144       
F02:0145       SPR0DATB	equ	$146
F02:0146       SPR1DATB	equ	$14e
F02:0147       SPR2DATB	equ	$156
F02:0148       SPR3DATB	equ	$15e
F02:0149       SPR4DATB	equ	$166
F02:0150       SPR5DATB	equ	$16e
F02:0151       SPR6DATB	equ	$176
F02:0152       SPR7DATB	equ	$17e
F02:0153       
F02:0154       COLOR0		equ	$180
F02:0155       COLOR1		equ	$182
F02:0156       COLOR2		equ	$184
F02:0157       COLOR3		equ	$186
F02:0158       COLOR4		equ	$188
F02:0159       COLOR5		equ	$18a
F02:0160       COLOR6		equ	$18c
F02:0161       COLOR7		equ	$18e
F02:0162       COLOR8		equ	$190
F02:0163       COLOR9		equ	$192
F02:0164       COLOR10		equ	$194
F02:0165       COLOR11		equ	$196
F02:0166       COLOR12		equ	$198
F02:0167       COLOR13		equ	$19a
F02:0168       COLOR14		equ	$19c
F02:0169       COLOR15		equ	$19e
F02:0170       COLOR16		equ	$1a0
F02:0171       COLOR17		equ	$1a2
F02:0172       COLOR18		equ	$1a4
F02:0173       COLOR19		equ	$1a6
F02:0174       COLOR20		equ	$1a8
F02:0175       COLOR21		equ	$1aa
F02:0176       COLOR22		equ	$1ac
F02:0177       COLOR23		equ	$1ae
F02:0178       COLOR24		equ	$1b0
F02:0179       COLOR25		equ	$1b2
F02:0180       COLOR26		equ	$1b4
F02:0181       COLOR27		equ	$1b6
F02:0182       COLOR28		equ	$1b8
F02:0183       COLOR29		equ	$1ba
F02:0184       COLOR30		equ	$1bc
F02:0185       COLOR31		equ	$1be
F02:0186       
F00:0007       
F00:0008       execBase 	equ $4
F00:0009       customBase	equ $dff000
F00:0010       
F00:0011       	section maincode,CODE
F00:0012       
F00:0013       main
F00:0014       
F00:0015       	move.l	execBase.l,a6
               S01:00000000:  2C 79 00 00 00 04
F00:0016       	lea		gfxName,a1
               S01:00000006:  43 F9 00 00 11 E6 [R]
F00:0017       	move.l	#$0,d0
               S01:0000000C:  20 3C 00 00 00 00
F00:0018       	jsr		_LVOOpenLibrary(a6)
               S01:00000012:  4E AE FD D8
F00:0019       	move.l	d0,gfxBase
               S01:00000016:  23 C0 00 00 11 E2 [R]
F00:0020       	cmp		#0,d0
               S01:0000001C:  B0 7C 00 00
F00:0021       	beq		.fail
               S01:00000020:  67 00 00 E6
F00:0022       
F00:0023       	move.l	gfxBase,a6
               S01:00000024:  2C 79 00 00 11 E2 [R]
F00:0024       	move.l 	34(a6),oldView
               S01:0000002A:  23 EE 00 22 00 00 11 D6 [R]
F00:0025       	move.l 	38(a6),oldCopper
               S01:00000032:  23 EE 00 26 00 00 11 DA [R]
F00:0026       
F00:0027       	move.l	execBase.l,a6
               S01:0000003A:  2C 79 00 00 00 04
F00:0028       	jsr		_LVOForbid(a6)
               S01:00000040:  4E AE FF 7C
F00:0029       
F00:0030       	lea		customBase,a6
               S01:00000044:  4D F9 00 DF F0 00
F00:0031       
F00:0032       	move.w	DMACONR(a6),d0
               S01:0000004A:  30 2E 00 02
F00:0033       	or.w	#$8000,d0
               S01:0000004E:  80 7C 80 00
F00:0034       	move.w	d0,oldDMACon
               S01:00000052:  33 C0 00 00 11 C6 [R]
F00:0035       
F00:0036       	move.w	INTENAR(a6),d0
               S01:00000058:  30 2E 00 1C
F00:0037       	or.w	#$8000,d0
               S01:0000005C:  80 7C 80 00
F00:0038       	move.w	d0,oldIntEna
               S01:00000060:  33 C0 00 00 11 CA [R]
F00:0039       
F00:0040       	move.w	INTREQR(a6),d0
               S01:00000066:  30 2E 00 1E
F00:0041       	or.w	#$8000,d0
               S01:0000006A:  80 7C 80 00
F00:0042       	move.w	d0,oldIntReq
               S01:0000006E:  33 C0 00 00 11 CE [R]
F00:0043       
F00:0044       	move.w	ADKCONR(a6),d0
               S01:00000074:  30 2E 00 10
F00:0045       	or.w	#$8000,d0
               S01:00000078:  80 7C 80 00
F00:0046       	move.w	d0,oldAdkCon
               S01:0000007C:  33 C0 00 00 11 D2 [R]
F00:0047       
F00:0048       	move.l	$6c.l,oldVBI
               S01:00000082:  23 F9 00 00 00 6C 00 00 11 DE [R]
F00:0049       
F00:0050       	move.l	gfxBase,a6
               S01:0000008C:  2C 79 00 00 11 E2 [R]
F00:0051       	jsr		_LVOOwnBlitter(a6)
               S01:00000092:  4E AE FE 38
F00:0052       	move.l	gfxBase,a6
               S01:00000096:  2C 79 00 00 11 E2 [R]
F00:0053       	jsr		_LVOWaitBlit(a6)
               S01:0000009C:  4E AE FF 1C
F00:0054       
F00:0055       	move.l	gfxBase,a6
               S01:000000A0:  2C 79 00 00 11 E2 [R]
F00:0056       	move.l	#0,a1
               S01:000000A6:  22 7C 00 00 00 00
F00:0057       	jsr		_LVOLoadView(a6)
               S01:000000AC:  4E AE FF 22
F00:0058       	jsr 	_LVOWaitTOF(a6)
               S01:000000B0:  4E AE FE F2
F00:0059       	jsr 	_LVOWaitTOF(a6)
               S01:000000B4:  4E AE FE F2
F00:0060       
F00:0061       	lea		pt_module,a0
               S01:000000B8:  41 F9 00 00 00 64 [R]
F00:0062       	jsr 	pt_Init
               S01:000000BE:  4E B9 00 00 01 26 [R]
F00:0063       
F00:0064       	lea		customBase,a6
               S01:000000C4:  4D F9 00 DF F0 00
F00:0065       
F00:0066       	move.w	#$3fff,INTENA(a6)
               S01:000000CA:  3D 7C 3F FF 00 9A
F00:0067       	lea		myVBI,a0
               S01:000000D0:  41 F9 00 00 01 0A [R]
F00:0068       	move.l	a0,$6c.l
               S01:000000D6:  23 C8 00 00 00 6C
F00:0069       	move.w	#$8020,INTENA(a6)
               S01:000000DC:  3D 7C 80 20 00 9A
F00:0070       
F00:0071       	lea		customBase,a6
               S01:000000E2:  4D F9 00 DF F0 00
F00:0072       	move.w	#%0000010111111111,DMACON(a6)
               S01:000000E8:  3D 7C 05 FF 00 96
F00:0073       
F00:0074       	lea		myCopper,a0
               S01:000000EE:  41 F9 00 00 00 00 [R]
F00:0075       	move.l	a0,COP1LCH(a6)
               S01:000000F4:  2D 48 00 80
F00:0076       	move.w	#0,COPJMP1(a6)
               S01:000000F8:  3D 7C 00 00 00 88
F00:0077       
F00:0078       	move.w	#%1000010111001111,DMACON(a6)
               S01:000000FE:  3D 7C 85 CF 00 96
F00:0079       
F00:0080       .mainloop
F00:0081       	bra 	.mainloop
               S01:00000104:  60 00 FF FE
F00:0082       .fail
F00:0083       	rts		;JUST in case... ;-)
               S01:00000108:  4E 75
F00:0084       
F00:0085       ;-------------------
F00:0086       
F00:0087       myVBI
F00:0088       	movem.l	d0-d7/a0-a6,-(sp)
               S01:0000010A:  48 E7 FF FE
F00:0089       
F00:0090       	jsr		pt_Music
               S01:0000010E:  4E B9 00 00 01 AC [R]
F00:0091       
F00:0092       	lea		customBase,a6
               S01:00000114:  4D F9 00 DF F0 00
F00:0093       	move.w	#%0000000000100000,INTREQ(a6)
               S01:0000011A:  3D 7C 00 20 00 9C
F00:0094       
F00:0095       	movem.l	(sp)+,d0-d7/a0-a6
               S01:00000120:  4C DF 7F FF
F00:0096       	rte
               S01:00000124:  4E 73
F00:0097       
F00:0098       	include protracker_replay.s
F03:0001       * ProTracker2.2a replay routine by Crayon/Noxious. Improved and modified
F03:0002       * by Teeme of Fist! Unlimited in 1992. Share and enjoy! :)
F03:0003       * Rewritten for Devpac (slightly..) by CJ.
F03:0004       
F03:0005       ; slight edits by Tero Hongisto
F03:0006       ; pt_init with a0 pointing to module data.
F03:0007       
F03:0008       N_Note = 0  ; W
F03:0009       N_Cmd = 2  ; W
F03:0010       N_Cmdlo = 3  ; B
F03:0011       N_Start = 4  ; L
F03:0012       N_Length = 8  ; W
F03:0013       N_LoopStart = 10 ; L
F03:0014       N_Replen = 14 ; W
F03:0015       N_Period = 16 ; W
F03:0016       N_FineTune = 18 ; B
F03:0017       N_Volume = 19 ; B
F03:0018       N_DMABit = 20 ; W
F03:0019       N_TonePortDirec = 22 ; B
F03:0020       N_TonePortSpeed = 23 ; B
F03:0021       N_WantedPeriod = 24 ; W
F03:0022       N_VibratoCmd = 26 ; B
F03:0023       N_VibratoPos = 27 ; B
F03:0024       N_TremoloCmd = 28 ; B
F03:0025       N_TremoloPos = 29 ; B
F03:0026       N_WaveControl = 30 ; B
F03:0027       N_GlissFunk = 31 ; B
F03:0028       N_SampleOffset = 32 ; B
F03:0029       N_PattPos = 33 ; B
F03:0030       N_LoopCount = 34 ; B
F03:0031       N_FunkOffset = 35 ; B
F03:0032       N_WaveStart = 36 ; L
F03:0033       N_RealLength = 40 ; W
F03:0034       pt_SongDataPtr = -18
F03:0035       pt_Speed = -14
F03:0036       pt_Counter = -13
F03:0037       pt_SongPos = -12
F03:0038       pt_PBreakPos = -11
F03:0039       pt_PosJumpFlag = -10
F03:0040       pt_PBreakFlag = -9
F03:0041       pt_LowMask = -8
F03:0042       pt_PattDelTime = -7
F03:0043       pt_PattDelTime2 = -6
F03:0044       pt_PatternPos = -4
F03:0045       pt_DMACONTemp = -2
F03:0046       
F03:0047       
F03:0048       ;	A little (not very good!) example code to
F03:0049       ;  	play a module
F03:0050       ;
F03:0051       ;	movem.l	d0-d7/a0-a6,-(a7)
F03:0052       ;	move.l	ExecBase,a6
F03:0053       ;	jsr	Disable(a6)
F03:0054       ;	bsr.s	pt_Init
F03:0055       ;VBlankLoop:
F03:0056       ;	cmpi.b	#$40,$dff006	;should use WaitTOF()
F03:0057       ;	bne.s	VBlankLoop	;from graphics.library
F03:0058       ;	bsr.L	pt_music
F03:0059       ;	btst 	#6,$bfe001
F03:0060       ;	bne.s 	VBlankLoop
F03:0061       ;Exit:
F03:0062       ;	bsr	pt_End
F03:0063       ;	move.l	ExecBase,a6
F03:0064       ;	jsr	Enable(a6)
F03:0065       ;	movem.l	(a7)+,d0-d7/a0-a6
F03:0066       ;	rts
F03:0067       
F03:0068       
F03:0069       
F03:0070       
F03:0071       pt_Init:
F03:0072       	lea			Variables,a5
               S01:00000126:  4B F9 00 00 11 C6 [R]
F03:0073       	lea			$dff000,a6
               S01:0000012C:  4D F9 00 DF F0 00
F03:0074       	move.l	a0,pt_SongDataPtr(a5)
               S01:00000132:  2B 48 FF EE
F03:0075       	lea			952(a0),a1
               S01:00000136:  43 E8 03 B8
F03:0076       	moveq		#127,D0
               S01:0000013A:  70 7F
F03:0077       	moveq		#0,D1
               S01:0000013C:  72 00
F03:0078       MTLoop:
F03:0079       	move.l	d1,d2
               S01:0000013E:  24 01
F03:0080       	subq.w	#1,d0
               S01:00000140:  53 40
F03:0081       MTLoop2:
F03:0082       	move.b	(a1)+,d1
               S01:00000142:  12 19
F03:0083       	cmp.b	d2,d1
               S01:00000144:  B2 02
F03:0084       	bgt.s	MTLoop
               S01:00000146:  6E F6
F03:0085       	dbf	d0,MTLoop2
               S01:00000148:  51 C8 FF F8
F03:0086       	addq.b	#1,d2
               S01:0000014C:  52 02
F03:0087       
F03:0088       	move.l	a5,a1
               S01:0000014E:  22 4D
F03:0089       	suba.w	#142,a1
               S01:00000150:  92 FC 00 8E
F03:0090       	asl.l	#8,d2
               S01:00000154:  E1 82
F03:0091       	asl.l	#2,d2
               S01:00000156:  E5 82
F03:0092       	addi.l	#1084,d2
               S01:00000158:  06 82 00 00 04 3C
F03:0093       	add.l	a0,d2
               S01:0000015E:  D4 88
F03:0094       	move.l	d2,a2
               S01:00000160:  24 42
F03:0095       	moveq	#30,d0
               S01:00000162:  70 1E
F03:0096       MTLoop3:
F03:0097       	clr.l	(a2)
               S01:00000164:  42 92
F03:0098       	move.l	a2,(a1)+
               S01:00000166:  22 CA
F03:0099       	moveq	#0,d1
               S01:00000168:  72 00
F03:0100       	move.w	42(a0),d1
               S01:0000016A:  32 28 00 2A
F03:0101       	add.l	d1,d1
               S01:0000016E:  D2 81
F03:0102       	add.l	d1,a2
               S01:00000170:  D5 C1
F03:0103       	adda.w	#30,a0
               S01:00000172:  D0 FC 00 1E
F03:0104       	dbf	d0,MTLoop3
               S01:00000176:  51 C8 FF EC
F03:0105       
F03:0106       	ori.b	#2,$bfe001
               S01:0000017A:  00 39 00 02 00 BF E0 01
F03:0107       	move.b	#6,pt_Speed(a5)
               S01:00000182:  1B 7C 00 06 FF F2
F03:0108       	clr.b	pt_Counter(a5)
               S01:00000188:  42 2D FF F3
F03:0109       	clr.b	pt_SongPos(a5)
               S01:0000018C:  42 2D FF F4
F03:0110       	clr.w	pt_PatternPos(a5)
               S01:00000190:  42 6D FF FC
F03:0111       pt_End:
F03:0112       	clr.w	$0A8(a6)
               S01:00000194:  42 6E 00 A8
F03:0113       	clr.w	$0B8(a6)
               S01:00000198:  42 6E 00 B8
F03:0114       	clr.w	$0C8(a6)
               S01:0000019C:  42 6E 00 C8
F03:0115       	clr.w	$0D8(a6)
               S01:000001A0:  42 6E 00 D8
F03:0116       	move.w	#$f,$096(a6)
               S01:000001A4:  3D 7C 00 0F 00 96
F03:0117       	rts
               S01:000001AA:  4E 75
F03:0118       
F03:0119       pt_Music:
F03:0120       	movem.l	d0-d4/a0-a6,-(a7)
               S01:000001AC:  48 E7 F8 FE
F03:0121       	addq.b	#1,pt_Counter(a5)
               S01:000001B0:  52 2D FF F3
F03:0122       	move.b	pt_Counter(a5),d0
               S01:000001B4:  10 2D FF F3
F03:0123       	cmp.b	pt_Speed(a5),d0
               S01:000001B8:  B0 2D FF F2
F03:0124       	blo.s	pt_NoNewNote
               S01:000001BC:  65 10
F03:0125       	clr.b	pt_Counter(a5)
               S01:000001BE:  42 2D FF F3
F03:0126       	tst.b	pt_PattDelTime2(a5)
               S01:000001C2:  4A 2D FF FA
F03:0127       	beq.s	pt_GetNewNote
               S01:000001C6:  67 3E
F03:0128       	bsr.s	pt_NoNewAllChannels
               S01:000001C8:  61 0A
F03:0129       	bra	pt_Dskip
               S01:000001CA:  60 00 02 56
F03:0130       
F03:0131       pt_NoNewNote:
F03:0132       	bsr.s	pt_NoNewAllChannels
               S01:000001CE:  61 04
F03:0133       	bra	pt_NoNewPosYet
               S01:000001D0:  60 00 02 C8
F03:0134       pt_NoNewAllChannels:
F03:0135       	move.w	#$a0,d5
               S01:000001D4:  3A 3C 00 A0
F03:0136       	move.l	a5,a4
               S01:000001D8:  28 4D
F03:0137       	suba.w	#318,a4
               S01:000001DA:  98 FC 01 3E
F03:0138       	bsr	pt_CheckEfx
               S01:000001DE:  61 00 02 C6
F03:0139       	move.w	#$b0,d5
               S01:000001E2:  3A 3C 00 B0
F03:0140       	adda.w	#44,a4
               S01:000001E6:  D8 FC 00 2C
F03:0141       	bsr	pt_CheckEfx
               S01:000001EA:  61 00 02 BA
F03:0142       	move.w	#$c0,d5
               S01:000001EE:  3A 3C 00 C0
F03:0143       	adda.w	#44,a4
               S01:000001F2:  D8 FC 00 2C
F03:0144       	bsr	pt_CheckEfx
               S01:000001F6:  61 00 02 AE
F03:0145       	move.w	#$d0,d5
               S01:000001FA:  3A 3C 00 D0
F03:0146       	adda.w	#44,a4
               S01:000001FE:  D8 FC 00 2C
F03:0147       	bra	pt_CheckEfx
               S01:00000202:  60 00 02 A2
F03:0148       pt_GetNewNote:
F03:0149       	move.l	pt_SongDataPtr(a5),a0
               S01:00000206:  20 6D FF EE
F03:0150       	lea	12(a0),a3
               S01:0000020A:  47 E8 00 0C
F03:0151       	lea	952(a0),a2	;pattpo
               S01:0000020E:  45 E8 03 B8
F03:0152       	lea	1084(a0),a0	;patterndata
               S01:00000212:  41 E8 04 3C
F03:0153       	moveq	#0,d0
               S01:00000216:  70 00
F03:0154       	moveq	#0,d1
               S01:00000218:  72 00
F03:0155       	move.b	pt_SongPos(a5),d0
               S01:0000021A:  10 2D FF F4
F03:0156       	move.b	(a2,d0.w),d1
               S01:0000021E:  12 32 00 00
F03:0157       	asl.l	#8,d1
               S01:00000222:  E1 81
F03:0158       	asl.l	#2,d1
               S01:00000224:  E5 81
F03:0159       	add.w	pt_PatternPos(a5),d1
               S01:00000226:  D2 6D FF FC
F03:0160       	clr.w	pt_DMACONTemp(a5)
               S01:0000022A:  42 6D FF FE
F03:0161       
F03:0162       	move.w	#$a0,d5
               S01:0000022E:  3A 3C 00 A0
F03:0163       	move.l	a5,a4
               S01:00000232:  28 4D
F03:0164       	suba.w	#318,a4
               S01:00000234:  98 FC 01 3E
F03:0165       	bsr.s	pt_PlayVoice
               S01:00000238:  61 22
F03:0166       	move.w	#$b0,d5
               S01:0000023A:  3A 3C 00 B0
F03:0167       	adda.w	#44,a4
               S01:0000023E:  D8 FC 00 2C
F03:0168       	bsr.s	pt_PlayVoice
               S01:00000242:  61 18
F03:0169       	move.w	#$c0,d5
               S01:00000244:  3A 3C 00 C0
F03:0170       	adda.w	#44,a4
               S01:00000248:  D8 FC 00 2C
F03:0171       	bsr.s	pt_PlayVoice
               S01:0000024C:  61 0E
F03:0172       	move.w	#$d0,d5
               S01:0000024E:  3A 3C 00 D0
F03:0173       	adda.w	#44,a4
               S01:00000252:  D8 FC 00 2C
F03:0174       	bsr.s	pt_PlayVoice
               S01:00000256:  61 04
F03:0175       	bra	pt_SetDMA
               S01:00000258:  60 00 01 72
F03:0176       
F03:0177       pt_PlayVoice:
F03:0178       	tst.l	(a4)
               S01:0000025C:  4A 94
F03:0179       	bne.s	pt_PlvSkip
               S01:0000025E:  66 04
F03:0180       	bsr	pt_PerNop
               S01:00000260:  61 00 02 AC
F03:0181       pt_PlvSkip:
F03:0182       	move.l	(a0,d1.l),(a4)
               S01:00000264:  28 B0 18 00
F03:0183       	addq.l	#4,d1
               S01:00000268:  58 81
F03:0184       	moveq	#0,d2
               S01:0000026A:  74 00
F03:0185       	move.b	N_Cmd(a4),d2
               S01:0000026C:  14 2C 00 02
F03:0186       	andi.b	#$f0,d2
               S01:00000270:  02 02 00 F0
F03:0187       	lsr.b	#4,d2
               S01:00000274:  E8 0A
F03:0188       	move.b	(a4),d0
               S01:00000276:  10 14
F03:0189       	andi.b	#$f0,d0
               S01:00000278:  02 00 00 F0
F03:0190       	or.b	d0,d2
               S01:0000027C:  84 00
F03:0191       	beq	pt_SetRegs
               S01:0000027E:  67 00 00 84
F03:0192       	moveq	#0,d3
               S01:00000282:  76 00
F03:0193       	move.l	a5,a1
               S01:00000284:  22 4D
F03:0194       	suba.w	#142,a1
               S01:00000286:  92 FC 00 8E
F03:0195       	move	d2,d4
               S01:0000028A:  38 02
F03:0196       	subq.l	#1,d2
               S01:0000028C:  53 82
F03:0197       	asl.l	#2,d2
               S01:0000028E:  E5 82
F03:0198       	mulu	#30,d4
               S01:00000290:  C8 FC 00 1E
F03:0199       	move.l	(a1,d2.l),N_Start(a4)
               S01:00000294:  29 71 28 00 00 04
F03:0200       	move.w	(a3,d4.l),N_Length(a4)
               S01:0000029A:  39 73 48 00 00 08
F03:0201       	move.w	(a3,d4.l),N_RealLength(a4)
               S01:000002A0:  39 73 48 00 00 28
F03:0202       	move.b	2(a3,d4.l),N_FineTune(a4)
               S01:000002A6:  19 73 48 02 00 12
F03:0203       	move.b	3(a3,d4.l),N_Volume(a4)
               S01:000002AC:  19 73 48 03 00 13
F03:0204       	move.w	4(a3,d4.l),d3 ; Get repeat
               S01:000002B2:  36 33 48 04
F03:0205       	beq.s	pt_NoLoop
               S01:000002B6:  67 2E
F03:0206       	move.l	N_Start(a4),d2 ; Get start
               S01:000002B8:  24 2C 00 04
F03:0207       	add.w	d3,d3
               S01:000002BC:  D6 43
F03:0208       	add.l	d3,d2		; Add repeat
               S01:000002BE:  D4 83
F03:0209       	move.l	d2,N_LoopStart(a4)
               S01:000002C0:  29 42 00 0A
F03:0210       	move.l	d2,N_WaveStart(a4)
               S01:000002C4:  29 42 00 24
F03:0211       	move.w	4(a3,d4.l),d0	; Get repeat
               S01:000002C8:  30 33 48 04
F03:0212       	add.w	6(a3,d4.l),d0	; Add replen
               S01:000002CC:  D0 73 48 06
F03:0213       	move.w	d0,N_Length(a4)
               S01:000002D0:  39 40 00 08
F03:0214       	move.w	6(a3,d4.l),N_Replen(a4)	; Save replen
               S01:000002D4:  39 73 48 06 00 0E
F03:0215       	moveq	#0,d0
               S01:000002DA:  70 00
F03:0216       	move.b	N_Volume(a4),d0
               S01:000002DC:  10 2C 00 13
F03:0217       	move.w	d0,8(a6,d5.w)	; Set volume
               S01:000002E0:  3D 80 50 08
F03:0218       	bra.s	pt_SetRegs
               S01:000002E4:  60 1E
F03:0219       
F03:0220       pt_NoLoop:
F03:0221       	move.l	N_Start(a4),d2
               S01:000002E6:  24 2C 00 04
F03:0222       	add.l	d3,d2
               S01:000002EA:  D4 83
F03:0223       	move.l	d2,N_LoopStart(a4)
               S01:000002EC:  29 42 00 0A
F03:0224       	move.l	d2,N_WaveStart(a4)
               S01:000002F0:  29 42 00 24
F03:0225       	move.w	6(a3,d4.l),N_Replen(a4)	; Save replen
               S01:000002F4:  39 73 48 06 00 0E
F03:0226       	moveq	#0,d0
               S01:000002FA:  70 00
F03:0227       	move.b	N_Volume(a4),d0
               S01:000002FC:  10 2C 00 13
F03:0228       	move.w	d0,8(a6,d5.w)	; Set volume
               S01:00000300:  3D 80 50 08
F03:0229       pt_SetRegs:
F03:0230       	move.w	(a4),d0
               S01:00000304:  30 14
F03:0231       	andi.w	#$0fff,d0
               S01:00000306:  02 40 0F FF
F03:0232       	beq	pt_CheckMoreEfx	; If no note
               S01:0000030A:  67 00 06 06
F03:0233       	move.w	2(a4),d0
               S01:0000030E:  30 2C 00 02
F03:0234       	andi.w	#$0ff0,d0
               S01:00000312:  02 40 0F F0
F03:0235       	cmpi.w	#$0e50,d0
               S01:00000316:  0C 40 0E 50
F03:0236       	beq.s	pt_DoSetFineTune
               S01:0000031A:  67 20
F03:0237       	move.b	2(a4),d0
               S01:0000031C:  10 2C 00 02
F03:0238       	andi.b	#$0f,d0
               S01:00000320:  02 00 00 0F
F03:0239       	cmpi.b	#3,d0	; TonePortamento
               S01:00000324:  0C 00 00 03
F03:0240       	beq.s	pt_ChkTonePorta
               S01:00000328:  67 18
F03:0241       	cmpi.b	#5,d0
               S01:0000032A:  0C 00 00 05
F03:0242       	beq.s	pt_ChkTonePorta
               S01:0000032E:  67 12
F03:0243       	cmpi.b	#9,d0	; Sample Offset
               S01:00000330:  0C 00 00 09
F03:0244       	bne.s	pt_SetPeriod
               S01:00000334:  66 14
F03:0245       	bsr	pt_CheckMoreEfx
               S01:00000336:  61 00 05 DA
F03:0246       	bra.s	pt_SetPeriod
               S01:0000033A:  60 0E
F03:0247       
F03:0248       pt_DoSetFineTune:
F03:0249       	bsr	pt_SetFineTune
               S01:0000033C:  61 00 06 CC
F03:0250       	bra.s	pt_SetPeriod
               S01:00000340:  60 08
F03:0251       
F03:0252       pt_ChkTonePorta:
F03:0253       	bsr	pt_SetTonePorta
               S01:00000342:  61 00 02 C2
F03:0254       	bra	pt_CheckMoreEfx
               S01:00000346:  60 00 05 CA
F03:0255       
F03:0256       pt_SetPeriod:
F03:0257       	movem.l	d0-d1/a0-a1,-(a7)
               S01:0000034A:  48 E7 C0 C0
F03:0258       	move.w	(a4),d1
               S01:0000034E:  32 14
F03:0259       	andi.w	#$0fff,d1
               S01:00000350:  02 41 0F FF
F03:0260       	lea	pt_PeriodTable(pc),a1
               S01:00000354:  43 FA 08 B2
F03:0261       	moveq	#0,d0
               S01:00000358:  70 00
F03:0262       	moveq	#36,d7
               S01:0000035A:  7E 24
F03:0263       pt_FtuLoop:
F03:0264       	cmp.w	(a1,d0.w),d1
               S01:0000035C:  B2 71 00 00
F03:0265       	bhs.s	pt_FtuFound
               S01:00000360:  64 06
F03:0266       	addq.l	#2,d0
               S01:00000362:  54 80
F03:0267       	dbf	d7,pt_FtuLoop
               S01:00000364:  51 CF FF F6
F03:0268       pt_FtuFound:
F03:0269       	moveq	#0,d1
               S01:00000368:  72 00
F03:0270       	move.b	N_FineTune(a4),d1
               S01:0000036A:  12 2C 00 12
F03:0271       	mulu	#72,d1
               S01:0000036E:  C2 FC 00 48
F03:0272       	add.l	d1,a1
               S01:00000372:  D3 C1
F03:0273       	move.w	(a1,d0.w),N_Period(a4)
               S01:00000374:  39 71 00 00 00 10
F03:0274       	movem.l	(a7)+,d0-d1/a0-a1
               S01:0000037A:  4C DF 03 03
F03:0275       
F03:0276       	move.w	2(a4),d0
               S01:0000037E:  30 2C 00 02
F03:0277       	andi.w	#$0ff0,d0
               S01:00000382:  02 40 0F F0
F03:0278       	cmpi.w	#$0ed0,d0 ; Notedelay
               S01:00000386:  0C 40 0E D0
F03:0279       	beq	pt_CheckMoreEfx
               S01:0000038A:  67 00 05 86
F03:0280       
F03:0281       	move.w	N_DMABit(a4),$096(a6)
               S01:0000038E:  3D 6C 00 14 00 96
F03:0282       	btst	#2,N_WaveControl(a4)
               S01:00000394:  08 2C 00 02 00 1E
F03:0283       	bne.s	pt_Vibnoc
               S01:0000039A:  66 04
F03:0284       	clr.b	N_VibratoPos(a4)
               S01:0000039C:  42 2C 00 1B
F03:0285       pt_Vibnoc:
F03:0286       	btst	#6,N_WaveControl(a4)
               S01:000003A0:  08 2C 00 06 00 1E
F03:0287       	bne.s	pt_Trenoc
               S01:000003A6:  66 04
F03:0288       	clr.b	N_TremoloPos(a4)
               S01:000003A8:  42 2C 00 1D
F03:0289       pt_Trenoc:
F03:0290       	move.l	N_Start(a4),(a6,d5.w)	; Set start
               S01:000003AC:  2D AC 00 04 50 00
F03:0291       	move.w	N_Length(a4),4(a6,d5.w)	; Set length
               S01:000003B2:  3D AC 00 08 50 04
F03:0292       	move.w	N_Period(a4),d0
               S01:000003B8:  30 2C 00 10
F03:0293       	move.w	d0,6(a6,d5.w)		; Set period
               S01:000003BC:  3D 80 50 06
F03:0294       	move.w	N_DMABit(a4),d0
               S01:000003C0:  30 2C 00 14
F03:0295       	or.w	d0,pt_DMACONTemp(a5)
               S01:000003C4:  81 6D FF FE
F03:0296       	bra	pt_CheckMoreEfx
               S01:000003C8:  60 00 05 48
F03:0297       
F03:0298       pt_SetDMA:
F03:0299       	bsr	pt_DMAWaitLoop
               S01:000003CC:  61 00 07 F4
F03:0300       	move.w	pt_DMACONTemp(a5),d0
               S01:000003D0:  30 2D FF FE
F03:0301       	ori.w	#$8000,d0
               S01:000003D4:  00 40 80 00
F03:0302       	move.w	d0,$096(a6)
               S01:000003D8:  3D 40 00 96
F03:0303       	bsr	pt_DMAWaitLoop
               S01:000003DC:  61 00 07 E4
F03:0304       	move.l	a5,a4
               S01:000003E0:  28 4D
F03:0305       	suba.w	#186,a4
               S01:000003E2:  98 FC 00 BA
F03:0306       	move.l	N_LoopStart(a4),$d0(a6)
               S01:000003E6:  2D 6C 00 0A 00 D0
F03:0307       	move.w	N_Replen(a4),$d4(a6)
               S01:000003EC:  3D 6C 00 0E 00 D4
F03:0308       	suba.w	#44,a4
               S01:000003F2:  98 FC 00 2C
F03:0309       	move.l	N_LoopStart(a4),$c0(a6)
               S01:000003F6:  2D 6C 00 0A 00 C0
F03:0310       	move.w	N_Replen(a4),$c4(a6)
               S01:000003FC:  3D 6C 00 0E 00 C4
F03:0311       	suba.w	#44,a4
               S01:00000402:  98 FC 00 2C
F03:0312       	move.l	N_LoopStart(a4),$b0(a6)
               S01:00000406:  2D 6C 00 0A 00 B0
F03:0313       	move.w	N_Replen(a4),$b4(a6)
               S01:0000040C:  3D 6C 00 0E 00 B4
F03:0314       	suba.w	#44,a4
               S01:00000412:  98 FC 00 2C
F03:0315       	move.l	N_LoopStart(a4),$a0(a6)
               S01:00000416:  2D 6C 00 0A 00 A0
F03:0316       	move.w	N_Replen(a4),$a4(a6)
               S01:0000041C:  3D 6C 00 0E 00 A4
F03:0317       
F03:0318       pt_Dskip:
F03:0319       	addi.w	#16,pt_PatternPos(a5)
               S01:00000422:  06 6D 00 10 FF FC
F03:0320       	move.b	pt_PattDelTime(a5),d0
               S01:00000428:  10 2D FF F9
F03:0321       	beq.s	pt_Dskc
               S01:0000042C:  67 08
F03:0322       	move.b	d0,pt_PattDelTime2(a5)
               S01:0000042E:  1B 40 FF FA
F03:0323       	clr.b	pt_PattDelTime(a5)
               S01:00000432:  42 2D FF F9
F03:0324       pt_Dskc:
F03:0325       	tst.b	pt_PattDelTime2(a5)
               S01:00000436:  4A 2D FF FA
F03:0326       	beq.s	pt_Dska
               S01:0000043A:  67 0C
F03:0327       	subq.b	#1,pt_PattDelTime2(a5)
               S01:0000043C:  53 2D FF FA
F03:0328       	beq.s	pt_Dska
               S01:00000440:  67 06
F03:0329       	sub.w	#16,pt_PatternPos(a5)
               S01:00000442:  04 6D 00 10 FF FC
F03:0330       pt_Dska:
F03:0331       	tst.b	pt_PBreakFlag(a5)
               S01:00000448:  4A 2D FF F7
F03:0332       	beq.s	pt_Nnpysk
               S01:0000044C:  67 14
F03:0333       	clr.b	pt_PBreakFlag(a5)
               S01:0000044E:  42 2D FF F7
F03:0334       	moveq	#0,d0
               S01:00000452:  70 00
F03:0335       	move.b	pt_PBreakPos(a5),d0
               S01:00000454:  10 2D FF F5
F03:0336       	clr.b	pt_PBreakPos(a5)
               S01:00000458:  42 2D FF F5
F03:0337       	lsl.w	#4,d0
               S01:0000045C:  E9 48
F03:0338       	move.w	d0,pt_PatternPos(a5)
               S01:0000045E:  3B 40 FF FC
F03:0339       pt_Nnpysk:
F03:0340       	cmpi.w	#1024,pt_PatternPos(a5)
               S01:00000462:  0C 6D 04 00 FF FC
F03:0341       	blo.s	pt_NoNewPosYet
               S01:00000468:  65 30
F03:0342       pt_NextPosition:
F03:0343       	moveq	#0,d0
               S01:0000046A:  70 00
F03:0344       	move.b	pt_PBreakPos(a5),d0
               S01:0000046C:  10 2D FF F5
F03:0345       	lsl.w	#4,d0
               S01:00000470:  E9 48
F03:0346       	move.w	d0,pt_PatternPos(a5)
               S01:00000472:  3B 40 FF FC
F03:0347       	clr.b	pt_PBreakPos(a5)
               S01:00000476:  42 2D FF F5
F03:0348       	clr.b	pt_PosJumpFlag(a5)
               S01:0000047A:  42 2D FF F6
F03:0349       	addq.b	#1,pt_SongPos(a5)
               S01:0000047E:  52 2D FF F4
F03:0350       	andi.b	#$7F,pt_SongPos(a5)
               S01:00000482:  02 2D 00 7F FF F4
F03:0351       	move.b	pt_SongPos(a5),d1
               S01:00000488:  12 2D FF F4
F03:0352       	move.l	pt_SongDataPtr(a5),a0
               S01:0000048C:  20 6D FF EE
F03:0353       	cmp.b	950(a0),d1
               S01:00000490:  B2 28 03 B6
F03:0354       	blo.s	pt_NoNewPosYet
               S01:00000494:  65 04
F03:0355       	clr.b	pt_SongPos(a5)
               S01:00000496:  42 2D FF F4
F03:0356       pt_NoNewPosYet:
F03:0357       	tst.b	pt_PosJumpFlag(a5)
               S01:0000049A:  4A 2D FF F6
F03:0358       	bne.s	pt_NextPosition
               S01:0000049E:  66 CA
F03:0359       	movem.l	(a7)+,d0-d4/a0-a6
               S01:000004A0:  4C DF 7F 1F
F03:0360       	rts
               S01:000004A4:  4E 75
F03:0361       
F03:0362       pt_CheckEfx:
F03:0363       	bsr	pt_UpdateFunk
               S01:000004A6:  61 00 06 C8
F03:0364       	move.w	N_Cmd(a4),d0
               S01:000004AA:  30 2C 00 02
F03:0365       	andi.w	#$0fff,d0
               S01:000004AE:  02 40 0F FF
F03:0366       	beq.s	pt_PerNop
               S01:000004B2:  67 5A
F03:0367       	move.b	N_Cmd(a4),d0
               S01:000004B4:  10 2C 00 02
F03:0368       	andi.b	#$0f,d0
               S01:000004B8:  02 00 00 0F
F03:0369       	beq.s	pt_Arpeggio
               S01:000004BC:  67 58
F03:0370       	cmpi.b	#1,d0
               S01:000004BE:  0C 00 00 01
F03:0371       	beq	pt_PortaUp
               S01:000004C2:  67 00 00 C0
F03:0372       	cmpi.b	#2,d0
               S01:000004C6:  0C 00 00 02
F03:0373       	beq	pt_PortaDown
               S01:000004CA:  67 00 01 00
F03:0374       	cmpi.b	#3,d0
               S01:000004CE:  0C 00 00 03
F03:0375       	beq	pt_TonePortamento
               S01:000004D2:  67 00 01 94
F03:0376       	cmpi.b	#4,d0
               S01:000004D6:  0C 00 00 04
F03:0377       	beq	pt_Vibrato
               S01:000004DA:  67 00 02 1A
F03:0378       	cmpi.b	#5,d0
               S01:000004DE:  0C 00 00 05
F03:0379       	beq	pt_TonePlusVolSlide
               S01:000004E2:  67 00 02 A6
F03:0380       	cmpi.b	#6,d0
               S01:000004E6:  0C 00 00 06
F03:0381       	beq	pt_VibratoPlusVolSlide
               S01:000004EA:  67 00 02 A6
F03:0382       	cmpi.b	#$E,d0
               S01:000004EE:  0C 00 00 0E
F03:0383       	beq	pt_E_Commands
               S01:000004F2:  67 00 04 58
F03:0384       SetBack:
F03:0385       	move.w	N_Period(a4),6(a6,d5.w)
               S01:000004F6:  3D AC 00 10 50 06
F03:0386       	cmpi.b	#7,d0
               S01:000004FC:  0C 00 00 07
F03:0387       	beq	pt_Tremolo
               S01:00000500:  67 00 02 96
F03:0388       	cmpi.b	#$a,d0
               S01:00000504:  0C 00 00 0A
F03:0389       	beq	pt_VolumeSlide
               S01:00000508:  67 00 03 60
F03:0390       pt_Return2:
F03:0391       	rts
               S01:0000050C:  4E 75
F03:0392       
F03:0393       pt_PerNop:
F03:0394       	move.w	N_Period(a4),6(a6,d5.w)
               S01:0000050E:  3D AC 00 10 50 06
F03:0395       	rts
               S01:00000514:  4E 75
F03:0396       
F03:0397       pt_Arpeggio:
F03:0398       	moveq	#0,d0
               S01:00000516:  70 00
F03:0399       	move.b	pt_Counter(a5),d0
               S01:00000518:  10 2D FF F3
F03:0400       	divs	#3,d0
               S01:0000051C:  81 FC 00 03
F03:0401       	swap	d0
               S01:00000520:  48 40
F03:0402       	tst.w	D0
               S01:00000522:  4A 40
F03:0403       	beq.s	pt_Arpeggio2
               S01:00000524:  67 1C
F03:0404       	cmpi.w	#2,d0
               S01:00000526:  0C 40 00 02
F03:0405       	beq.s	pt_Arpeggio1
               S01:0000052A:  67 0A
F03:0406       	moveq	#0,d0
               S01:0000052C:  70 00
F03:0407       	move.b	N_Cmdlo(a4),d0
               S01:0000052E:  10 2C 00 03
F03:0408       	lsr.b	#4,d0
               S01:00000532:  E8 08
F03:0409       	bra.s	pt_Arpeggio3
               S01:00000534:  60 12
F03:0410       
F03:0411       pt_Arpeggio1:
F03:0412       	moveq	#0,d0
               S01:00000536:  70 00
F03:0413       	move.b	N_Cmdlo(a4),d0
               S01:00000538:  10 2C 00 03
F03:0414       	andi.b	#15,d0
               S01:0000053C:  02 00 00 0F
F03:0415       	bra.s	pt_Arpeggio3
               S01:00000540:  60 06
F03:0416       
F03:0417       pt_Arpeggio2:
F03:0418       	move.w	N_Period(a4),d2
               S01:00000542:  34 2C 00 10
F03:0419       	bra.s	pt_Arpeggio4
               S01:00000546:  60 2A
F03:0420       
F03:0421       pt_Arpeggio3:
F03:0422       	add.w	d0,d0
               S01:00000548:  D0 40
F03:0423       	moveq	#0,d1
               S01:0000054A:  72 00
F03:0424       	move.b	N_FineTune(a4),d1
               S01:0000054C:  12 2C 00 12
F03:0425       	mulu	#72,d1
               S01:00000550:  C2 FC 00 48
F03:0426       	lea	pt_PeriodTable(pc),a0
               S01:00000554:  41 FA 06 B2
F03:0427       	add.w	d1,a0
               S01:00000558:  D0 C1
F03:0428       	moveq	#0,d1
               S01:0000055A:  72 00
F03:0429       	move.w	N_Period(a4),d1
               S01:0000055C:  32 2C 00 10
F03:0430       	moveq	#36,d7
               S01:00000560:  7E 24
F03:0431       pt_ArpLoop:
F03:0432       	move.w	(a0,d0.w),d2
               S01:00000562:  34 30 00 00
F03:0433       	cmp.w	(a0),d1
               S01:00000566:  B2 50
F03:0434       	bhs.s	pt_Arpeggio4
               S01:00000568:  64 08
F03:0435       	addq.w	#2,a0
               S01:0000056A:  54 48
F03:0436       	dbf	d7,pt_ArpLoop
               S01:0000056C:  51 CF FF F4
F03:0437       	rts
               S01:00000570:  4E 75
F03:0438       
F03:0439       pt_Arpeggio4:
F03:0440       	move.w	d2,6(a6,d5.w)
               S01:00000572:  3D 82 50 06
F03:0441       	rts
               S01:00000576:  4E 75
F03:0442       
F03:0443       pt_FinePortaUp:
F03:0444       	tst.b	pt_Counter(a5)
               S01:00000578:  4A 2D FF F3
F03:0445       	bne.s	pt_Return2
               S01:0000057C:  66 8E
F03:0446       	move.b	#$0f,pt_LowMask(a5)
               S01:0000057E:  1B 7C 00 0F FF F8
F03:0447       pt_PortaUp:
F03:0448       	moveq	#0,d0
               S01:00000584:  70 00
F03:0449       	move.b	N_Cmdlo(a4),d0
               S01:00000586:  10 2C 00 03
F03:0450       	and.b	pt_LowMask(a5),d0
               S01:0000058A:  C0 2D FF F8
F03:0451       	st	pt_LowMask(a5)
               S01:0000058E:  50 ED FF F8
F03:0452       	sub.w	d0,N_Period(a4)
               S01:00000592:  91 6C 00 10
F03:0453       	move.w	N_Period(a4),d0
               S01:00000596:  30 2C 00 10
F03:0454       	andi.w	#$0fff,d0
               S01:0000059A:  02 40 0F FF
F03:0455       	cmpi.w	#113,d0
               S01:0000059E:  0C 40 00 71
F03:0456       	bpl.s	pt_PortaUskip
               S01:000005A2:  6A 0C
F03:0457       	andi.w	#$f000,N_Period(a4)
               S01:000005A4:  02 6C F0 00 00 10
F03:0458       	ori.w	#113,N_Period(a4)
               S01:000005AA:  00 6C 00 71 00 10
F03:0459       pt_PortaUskip:
F03:0460       	move.w	N_Period(a4),d0
               S01:000005B0:  30 2C 00 10
F03:0461       	andi.w	#$0fff,d0
               S01:000005B4:  02 40 0F FF
F03:0462       	move.w	d0,6(a6,d5.w)
               S01:000005B8:  3D 80 50 06
F03:0463       	rts
               S01:000005BC:  4E 75
F03:0464       
F03:0465       pt_FinePortaDown:
F03:0466       	tst.b	pt_Counter(a5)
               S01:000005BE:  4A 2D FF F3
F03:0467       	bne	pt_Return2
               S01:000005C2:  66 00 FF 48
F03:0468       	move.b	#$0f,pt_LowMask(a5)
               S01:000005C6:  1B 7C 00 0F FF F8
F03:0469       pt_PortaDown:
F03:0470       	clr.w	d0
               S01:000005CC:  42 40
F03:0471       	move.b	N_Cmdlo(a4),d0
               S01:000005CE:  10 2C 00 03
F03:0472       	and.b	pt_LowMask(a5),d0
               S01:000005D2:  C0 2D FF F8
F03:0473       	st	pt_LowMask(a5)
               S01:000005D6:  50 ED FF F8
F03:0474       	add.w	d0,N_Period(a4)
               S01:000005DA:  D1 6C 00 10
F03:0475       	move.w	N_Period(a4),d0
               S01:000005DE:  30 2C 00 10
F03:0476       	andi.w	#$0fff,d0
               S01:000005E2:  02 40 0F FF
F03:0477       	cmpi.w	#856,d0
               S01:000005E6:  0C 40 03 58
F03:0478       	bmi.s	pt_PortaDskip
               S01:000005EA:  6B 0C
F03:0479       	andi.w	#$f000,N_Period(a4)
               S01:000005EC:  02 6C F0 00 00 10
F03:0480       	ori.w	#856,N_Period(a4)
               S01:000005F2:  00 6C 03 58 00 10
F03:0481       pt_PortaDskip:
F03:0482       	move.w	N_Period(a4),d0
               S01:000005F8:  30 2C 00 10
F03:0483       	andi.w	#$0fff,d0
               S01:000005FC:  02 40 0F FF
F03:0484       	move.w	d0,6(a6,d5.w)
               S01:00000600:  3D 80 50 06
F03:0485       	rts
               S01:00000604:  4E 75
F03:0486       
F03:0487       pt_SetTonePorta:
F03:0488       	move.l	a0,-(a7)
               S01:00000606:  2F 08
F03:0489       	move.w	(a4),d2
               S01:00000608:  34 14
F03:0490       	andi.w	#$0fff,d2
               S01:0000060A:  02 42 0F FF
F03:0491       	moveq	#0,d0
               S01:0000060E:  70 00
F03:0492       	move.b	N_FineTune(a4),d0
               S01:00000610:  10 2C 00 12
F03:0493       	mulu	#74,d0
               S01:00000614:  C0 FC 00 4A
F03:0494       	lea	pt_PeriodTable(pc),a0
               S01:00000618:  41 FA 05 EE
F03:0495       	add.w	d0,a0
               S01:0000061C:  D0 C0
F03:0496       	moveq	#0,d0
               S01:0000061E:  70 00
F03:0497       pt_StpLoop:
F03:0498       	cmp.w	(a0,d0.w),d2
               S01:00000620:  B4 70 00 00
F03:0499       	bhs.s	pt_StpFound
               S01:00000624:  64 0A
F03:0500       	addq.w	#2,d0
               S01:00000626:  54 40
F03:0501       	cmpi.w	#74,d0
               S01:00000628:  0C 40 00 4A
F03:0502       	blo.s	pt_StpLoop
               S01:0000062C:  65 F2
F03:0503       	moveq	#70,d0
               S01:0000062E:  70 46
F03:0504       pt_StpFound:
F03:0505       	move.b	N_FineTune(a4),d2
               S01:00000630:  14 2C 00 12
F03:0506       	andi.b	#8,d2
               S01:00000634:  02 02 00 08
F03:0507       	beq.s	pt_StpGoss
               S01:00000638:  67 06
F03:0508       	tst.w	d0
               S01:0000063A:  4A 40
F03:0509       	beq.s	pt_StpGoss
               S01:0000063C:  67 02
F03:0510       	subq.w	#2,d0
               S01:0000063E:  55 40
F03:0511       pt_StpGoss:
F03:0512       	move.w	(a0,d0.w),d2
               S01:00000640:  34 30 00 00
F03:0513       	move.l	(a7)+,a0
               S01:00000644:  20 5F
F03:0514       	move.w	d2,N_WantedPeriod(a4)
               S01:00000646:  39 42 00 18
F03:0515       	move.w	N_Period(a4),d0
               S01:0000064A:  30 2C 00 10
F03:0516       	clr.b	N_TonePortDirec(a4)
               S01:0000064E:  42 2C 00 16
F03:0517       	cmp.w	d0,d2
               S01:00000652:  B4 40
F03:0518       	beq.s	pt_ClearTonePorta
               S01:00000654:  67 0C
F03:0519       	bge	pt_Return2
               S01:00000656:  6C 00 FE B4
F03:0520       	move.b	#1,N_TonePortDirec(a4)
               S01:0000065A:  19 7C 00 01 00 16
F03:0521       	rts
               S01:00000660:  4E 75
F03:0522       
F03:0523       pt_ClearTonePorta:
F03:0524       	clr.w	N_WantedPeriod(a4)
               S01:00000662:  42 6C 00 18
F03:0525       	rts
               S01:00000666:  4E 75
F03:0526       
F03:0527       pt_TonePortamento:
F03:0528       	move.b	N_Cmdlo(a4),d0
               S01:00000668:  10 2C 00 03
F03:0529       	beq.s	pt_TonePortNoChange
               S01:0000066C:  67 08
F03:0530       	move.b	d0,N_TonePortSpeed(a4)
               S01:0000066E:  19 40 00 17
F03:0531       	clr.b	N_Cmdlo(a4)
               S01:00000672:  42 2C 00 03
F03:0532       pt_TonePortNoChange:
F03:0533       	tst.w	N_WantedPeriod(a4)
               S01:00000676:  4A 6C 00 18
F03:0534       	beq	pt_Return2
               S01:0000067A:  67 00 FE 90
F03:0535       	moveq	#0,d0
               S01:0000067E:  70 00
F03:0536       	move.b	N_TonePortSpeed(a4),d0
               S01:00000680:  10 2C 00 17
F03:0537       	tst.b	N_TonePortDirec(a4)
               S01:00000684:  4A 2C 00 16
F03:0538       	bne.s	pt_TonePortaUp
               S01:00000688:  66 1A
F03:0539       pt_TonePortaDown:
F03:0540       	add.w	d0,N_Period(a4)
               S01:0000068A:  D1 6C 00 10
F03:0541       	move.w	N_WantedPeriod(a4),d0
               S01:0000068E:  30 2C 00 18
F03:0542       	cmp.w	N_Period(a4),d0
               S01:00000692:  B0 6C 00 10
F03:0543       	bgt.s	pt_TonePortaSetPer
               S01:00000696:  6E 24
F03:0544       	move.w	N_WantedPeriod(a4),N_Period(a4)
               S01:00000698:  39 6C 00 18 00 10
F03:0545       	clr.w	N_WantedPeriod(a4)
               S01:0000069E:  42 6C 00 18
F03:0546       	bra.s	pt_TonePortaSetPer
               S01:000006A2:  60 18
F03:0547       
F03:0548       pt_TonePortaUp:
F03:0549       	sub.w	d0,N_Period(a4)
               S01:000006A4:  91 6C 00 10
F03:0550       	move.w	N_WantedPeriod(a4),d0
               S01:000006A8:  30 2C 00 18
F03:0551       	cmp.w	N_Period(a4),d0     	; was cmpi!!!!
               S01:000006AC:  B0 6C 00 10
F03:0552       	blt.s	pt_TonePortaSetPer
               S01:000006B0:  6D 0A
F03:0553       	move.w	N_WantedPeriod(a4),N_Period(a4)
               S01:000006B2:  39 6C 00 18 00 10
F03:0554       	clr.w	N_WantedPeriod(a4)
               S01:000006B8:  42 6C 00 18
F03:0555       
F03:0556       pt_TonePortaSetPer:
F03:0557       	move.w	N_Period(a4),d2
               S01:000006BC:  34 2C 00 10
F03:0558       	move.b	N_GlissFunk(a4),d0
               S01:000006C0:  10 2C 00 1F
F03:0559       	andi.b	#$0f,d0
               S01:000006C4:  02 00 00 0F
F03:0560       	beq.s	pt_GlissSkip
               S01:000006C8:  67 26
F03:0561       	moveq	#0,d0
               S01:000006CA:  70 00
F03:0562       	move.b	N_FineTune(a4),d0
               S01:000006CC:  10 2C 00 12
F03:0563       	mulu	#72,d0
               S01:000006D0:  C0 FC 00 48
F03:0564       	lea	pt_PeriodTable(pc),a0
               S01:000006D4:  41 FA 05 32
F03:0565       	add.w	d0,a0
               S01:000006D8:  D0 C0
F03:0566       	moveq	#0,d0
               S01:000006DA:  70 00
F03:0567       pt_GlissLoop:
F03:0568       	cmp.w	(a0,d0.w),d2
               S01:000006DC:  B4 70 00 00
F03:0569       	bhs.s	pt_GlissFound
               S01:000006E0:  64 0A
F03:0570       	addq.w	#2,d0
               S01:000006E2:  54 40
F03:0571       	cmpi.w	#72,d0
               S01:000006E4:  0C 40 00 48
F03:0572       	blo.s	pt_GlissLoop
               S01:000006E8:  65 F2
F03:0573       	moveq	#70,d0
               S01:000006EA:  70 46
F03:0574       pt_GlissFound:
F03:0575       	move.w	(a0,d0.w),d2
               S01:000006EC:  34 30 00 00
F03:0576       pt_GlissSkip:
F03:0577       	move.w	d2,6(a6,d5.w) ; Set period
               S01:000006F0:  3D 82 50 06
F03:0578       	rts
               S01:000006F4:  4E 75
F03:0579       
F03:0580       pt_Vibrato:
F03:0581       	move.b	N_Cmdlo(a4),d0
               S01:000006F6:  10 2C 00 03
F03:0582       	beq.s	pt_Vibrato2
               S01:000006FA:  67 24
F03:0583       	move.b	N_VibratoCmd(a4),d2
               S01:000006FC:  14 2C 00 1A
F03:0584       	andi.b	#$0f,d0
               S01:00000700:  02 00 00 0F
F03:0585       	beq.s	pt_VibSkip
               S01:00000704:  67 06
F03:0586       	andi.b	#$f0,d2
               S01:00000706:  02 02 00 F0
F03:0587       	or.b	d0,d2
               S01:0000070A:  84 00
F03:0588       pt_VibSkip:
F03:0589       	move.b	N_Cmdlo(a4),d0
               S01:0000070C:  10 2C 00 03
F03:0590       	andi.b	#$f0,d0
               S01:00000710:  02 00 00 F0
F03:0591       	beq.s	pt_VibSkip2
               S01:00000714:  67 06
F03:0592       	andi.b	#$0f,d2
               S01:00000716:  02 02 00 0F
F03:0593       	or.b	d0,d2
               S01:0000071A:  84 00
F03:0594       pt_VibSkip2:
F03:0595       	move.b	d2,N_VibratoCmd(a4)
               S01:0000071C:  19 42 00 1A
F03:0596       pt_Vibrato2:
F03:0597       	move.b	N_VibratoPos(a4),d0
               S01:00000720:  10 2C 00 1B
F03:0598       	lea	pt_VibratoTable(pc),a0
               S01:00000724:  41 FA 04 C2
F03:0599       	lsr.w	#2,d0
               S01:00000728:  E4 48
F03:0600       	andi.w	#$001f,d0
               S01:0000072A:  02 40 00 1F
F03:0601       	moveq	#0,d2
               S01:0000072E:  74 00
F03:0602       	move.b	N_WaveControl(a4),d2
               S01:00000730:  14 2C 00 1E
F03:0603       	andi.b	#$03,d2
               S01:00000734:  02 02 00 03
F03:0604       	beq.s	pt_Vib_Sine
               S01:00000738:  67 1C
F03:0605       	lsl.b	#3,d0
               S01:0000073A:  E7 08
F03:0606       	cmpi.b	#1,d2
               S01:0000073C:  0C 02 00 01
F03:0607       	beq.s	pt_Vib_RampDown
               S01:00000740:  67 04
F03:0608       	st	d2
               S01:00000742:  50 C2
F03:0609       	bra.s	pt_Vib_Set
               S01:00000744:  60 14
F03:0610       pt_Vib_RampDown:
F03:0611       	tst.b	N_VibratoPos(a4)
               S01:00000746:  4A 2C 00 1B
F03:0612       	bpl.s	pt_Vib_RampDown2
               S01:0000074A:  6A 06
F03:0613       	st	d2
               S01:0000074C:  50 C2
F03:0614       	sub.b	d0,d2
               S01:0000074E:  94 00
F03:0615       	bra.s	pt_Vib_Set
               S01:00000750:  60 08
F03:0616       pt_Vib_RampDown2:
F03:0617       	move.b	d0,d2
               S01:00000752:  14 00
F03:0618       	bra.s	pt_Vib_Set
               S01:00000754:  60 04
F03:0619       pt_Vib_Sine:
F03:0620       	move.b	(a0,d0.w),d2
               S01:00000756:  14 30 00 00
F03:0621       pt_Vib_Set:
F03:0622       	move.b	N_VibratoCmd(a4),d0
               S01:0000075A:  10 2C 00 1A
F03:0623       	andi.w	#15,d0
               S01:0000075E:  02 40 00 0F
F03:0624       	mulu	d0,d2
               S01:00000762:  C4 C0
F03:0625       	lsr.w	#7,d2
               S01:00000764:  EE 4A
F03:0626       	move.w	N_Period(a4),d0
               S01:00000766:  30 2C 00 10
F03:0627       	tst.b	N_VibratoPos(a4)
               S01:0000076A:  4A 2C 00 1B
F03:0628       	bmi.s	pt_VibratoNeg
               S01:0000076E:  6B 04
F03:0629       	add.w	d2,d0
               S01:00000770:  D0 42
F03:0630       	bra.s	pt_Vibrato3
               S01:00000772:  60 02
F03:0631       pt_VibratoNeg:
F03:0632       	sub.w	d2,d0
               S01:00000774:  90 42
F03:0633       pt_Vibrato3:
F03:0634       	move.w	d0,6(a6,d5.w)
               S01:00000776:  3D 80 50 06
F03:0635       	move.b	N_VibratoCmd(a4),d0
               S01:0000077A:  10 2C 00 1A
F03:0636       	lsr.w	#2,d0
               S01:0000077E:  E4 48
F03:0637       	andi.w	#$3C,d0
               S01:00000780:  02 40 00 3C
F03:0638       	add.b	d0,N_VibratoPos(a4)
               S01:00000784:  D1 2C 00 1B
F03:0639       	rts
               S01:00000788:  4E 75
F03:0640       
F03:0641       pt_TonePlusVolSlide:
F03:0642       	bsr	pt_TonePortNoChange
               S01:0000078A:  61 00 FE EA
F03:0643       	bra	pt_VolumeSlide
               S01:0000078E:  60 00 00 DA
F03:0644       
F03:0645       pt_VibratoPlusVolSlide:
F03:0646       	bsr.s	pt_Vibrato2
               S01:00000792:  61 8C
F03:0647       	bra	pt_VolumeSlide
               S01:00000794:  60 00 00 D4
F03:0648       
F03:0649       pt_Tremolo:
F03:0650       	move.b	N_Cmdlo(a4),d0
               S01:00000798:  10 2C 00 03
F03:0651       	beq.s	pt_Tremolo2
               S01:0000079C:  67 24
F03:0652       	move.b	N_TremoloCmd(a4),d2
               S01:0000079E:  14 2C 00 1C
F03:0653       	andi.b	#$0f,d0
               S01:000007A2:  02 00 00 0F
F03:0654       	beq.s	pt_TreSkip
               S01:000007A6:  67 06
F03:0655       	andi.b	#$f0,d2
               S01:000007A8:  02 02 00 F0
F03:0656       	or.b	d0,d2
               S01:000007AC:  84 00
F03:0657       pt_TreSkip:
F03:0658       	move.b	N_Cmdlo(a4),d0
               S01:000007AE:  10 2C 00 03
F03:0659       	and.b	#$f0,d0
               S01:000007B2:  C0 3C 00 F0
F03:0660       	beq.s	pt_TreSkip2
               S01:000007B6:  67 06
F03:0661       	andi.b	#$0f,d2
               S01:000007B8:  02 02 00 0F
F03:0662       	or.b	d0,d2
               S01:000007BC:  84 00
F03:0663       pt_TreSkip2:
F03:0664       	move.b	d2,N_TremoloCmd(a4)
               S01:000007BE:  19 42 00 1C
F03:0665       pt_Tremolo2:
F03:0666       	move.b	N_TremoloPos(a4),d0
               S01:000007C2:  10 2C 00 1D
F03:0667       	lea	pt_VibratoTable(pc),a0
               S01:000007C6:  41 FA 04 20
F03:0668       	lsr.w	#2,d0
               S01:000007CA:  E4 48
F03:0669       	andi.w	#$1f,d0
               S01:000007CC:  02 40 00 1F
F03:0670       	moveq	#0,d2
               S01:000007D0:  74 00
F03:0671       	move.b	N_WaveControl(a4),d2
               S01:000007D2:  14 2C 00 1E
F03:0672       	lsr.b	#4,d2
               S01:000007D6:  E8 0A
F03:0673       	andi.b	#3,d2
               S01:000007D8:  02 02 00 03
F03:0674       	beq.s	pt_Tre_Sine
               S01:000007DC:  67 1C
F03:0675       	lsl.b	#3,d0
               S01:000007DE:  E7 08
F03:0676       	cmpi.b	#1,d2
               S01:000007E0:  0C 02 00 01
F03:0677       	beq.s	pt_Tre_RampDown
               S01:000007E4:  67 04
F03:0678       	st	d2
               S01:000007E6:  50 C2
F03:0679       	bra.s	pt_Tre_Set
               S01:000007E8:  60 14
F03:0680       pt_Tre_RampDown:
F03:0681       	tst.b	N_VibratoPos(a4)
               S01:000007EA:  4A 2C 00 1B
F03:0682       	bpl.s	pt_Tre_RampDown2
               S01:000007EE:  6A 06
F03:0683       	st	d2
               S01:000007F0:  50 C2
F03:0684       	sub.b	d0,d2
               S01:000007F2:  94 00
F03:0685       	bra.s	pt_Tre_Set
               S01:000007F4:  60 08
F03:0686       pt_Tre_RampDown2:
F03:0687       	move.b	d0,d2
               S01:000007F6:  14 00
F03:0688       	bra.s	pt_Tre_Set
               S01:000007F8:  60 04
F03:0689       pt_Tre_Sine:
F03:0690       	move.b	(a0,d0.w),d2
               S01:000007FA:  14 30 00 00
F03:0691       pt_Tre_Set:
F03:0692       	move.b	N_TremoloCmd(a4),d0
               S01:000007FE:  10 2C 00 1C
F03:0693       	andi.w	#15,d0
               S01:00000802:  02 40 00 0F
F03:0694       	mulu	d0,d2
               S01:00000806:  C4 C0
F03:0695       	lsr.w	#6,d2
               S01:00000808:  EC 4A
F03:0696       	moveq	#0,d0
               S01:0000080A:  70 00
F03:0697       	move.b	N_Volume(a4),d0
               S01:0000080C:  10 2C 00 13
F03:0698       	tst.b	N_TremoloPos(a4)
               S01:00000810:  4A 2C 00 1D
F03:0699       	bmi.s	pt_TremoloNeg
               S01:00000814:  6B 04
F03:0700       	add.w	d2,d0
               S01:00000816:  D0 42
F03:0701       	bra.s	pt_Tremolo3
               S01:00000818:  60 02
F03:0702       pt_TremoloNeg:
F03:0703       	sub.w	d2,d0
               S01:0000081A:  90 42
F03:0704       pt_Tremolo3:
F03:0705       	bpl.s	pt_TremoloSkip
               S01:0000081C:  6A 02
F03:0706       	clr.w	d0
               S01:0000081E:  42 40
F03:0707       pt_TremoloSkip:
F03:0708       	cmpi.w	#$40,d0
               S01:00000820:  0C 40 00 40
F03:0709       	bls.s	pt_TremoloOk
               S01:00000824:  63 04
F03:0710       	move.w	#$40,d0
               S01:00000826:  30 3C 00 40
F03:0711       pt_TremoloOk:
F03:0712       	move.w	d0,8(a6,d5.w)
               S01:0000082A:  3D 80 50 08
F03:0713       	move.b	N_TremoloCmd(a4),d0
               S01:0000082E:  10 2C 00 1C
F03:0714       	lsr.w	#2,d0
               S01:00000832:  E4 48
F03:0715       	andi.w	#$3c,d0
               S01:00000834:  02 40 00 3C
F03:0716       	add.b	d0,N_TremoloPos(a4)
               S01:00000838:  D1 2C 00 1D
F03:0717       	rts
               S01:0000083C:  4E 75
F03:0718       
F03:0719       pt_SampleOffset:
F03:0720       	moveq	#0,d0
               S01:0000083E:  70 00
F03:0721       	move.b	N_Cmdlo(a4),d0
               S01:00000840:  10 2C 00 03
F03:0722       	beq.s	pt_SoNoNew
               S01:00000844:  67 04
F03:0723       	move.b	d0,N_SampleOffset(a4)
               S01:00000846:  19 40 00 20
F03:0724       pt_SoNoNew:
F03:0725       	move.b	N_SampleOffset(a4),d0
               S01:0000084A:  10 2C 00 20
F03:0726       	lsl.w	#7,d0
               S01:0000084E:  EF 48
F03:0727       	cmp.w	N_Length(a4),d0
               S01:00000850:  B0 6C 00 08
F03:0728       	bge.s	pt_SofSkip
               S01:00000854:  6C 0C
F03:0729       	sub.w	d0,N_Length(a4)
               S01:00000856:  91 6C 00 08
F03:0730       	add.w	d0,d0
               S01:0000085A:  D0 40
F03:0731       	add.l	d0,N_Start(a4)
               S01:0000085C:  D1 AC 00 04
F03:0732       	rts
               S01:00000860:  4E 75
F03:0733       pt_SofSkip:
F03:0734       	move.w	#1,N_Length(a4)
               S01:00000862:  39 7C 00 01 00 08
F03:0735       	rts
               S01:00000868:  4E 75
F03:0736       
F03:0737       pt_VolumeSlide:
F03:0738       	moveq	#0,d0
               S01:0000086A:  70 00
F03:0739       	move.b	N_Cmdlo(a4),d0
               S01:0000086C:  10 2C 00 03
F03:0740       	lsr.b	#4,d0
               S01:00000870:  E8 08
F03:0741       	tst.b	d0
               S01:00000872:  4A 00
F03:0742       	beq.s	pt_VolSlideDown
               S01:00000874:  67 1C
F03:0743       pt_VolSlideUp:
F03:0744       	add.b	d0,N_Volume(a4)
               S01:00000876:  D1 2C 00 13
F03:0745       	cmpi.b	#$40,N_Volume(a4)
               S01:0000087A:  0C 2C 00 40 00 13
F03:0746       	bmi.s	pt_VsuSkip
               S01:00000880:  6B 06
F03:0747       	move.b	#$40,N_Volume(a4)
               S01:00000882:  19 7C 00 40 00 13
F03:0748       pt_VsuSkip:
F03:0749       	move.b	N_Volume(a4),d0
               S01:00000888:  10 2C 00 13
F03:0750       	move.w	d0,8(a6,d5.w)
               S01:0000088C:  3D 80 50 08
F03:0751       	rts
               S01:00000890:  4E 75
F03:0752       
F03:0753       pt_VolSlideDown:
F03:0754       	moveq	#0,d0
               S01:00000892:  70 00
F03:0755       	move.b	N_Cmdlo(a4),d0
               S01:00000894:  10 2C 00 03
F03:0756       	andi.b	#$0f,d0
               S01:00000898:  02 00 00 0F
F03:0757       pt_VolSlideDown2:
F03:0758       	sub.b	d0,N_Volume(a4)
               S01:0000089C:  91 2C 00 13
F03:0759       	bpl.s	pt_VsdSkip
               S01:000008A0:  6A 04
F03:0760       	clr.b	N_Volume(a4)
               S01:000008A2:  42 2C 00 13
F03:0761       pt_VsdSkip:
F03:0762       	move.b	N_Volume(a4),d0
               S01:000008A6:  10 2C 00 13
F03:0763       	move.w	d0,8(a6,d5.w)
               S01:000008AA:  3D 80 50 08
F03:0764       	rts
               S01:000008AE:  4E 75
F03:0765       
F03:0766       pt_PositionJump:
F03:0767       	move.b	N_Cmdlo(a4),pt_SongPos(a5)
               S01:000008B0:  1B 6C 00 03 FF F4
F03:0768       	subq.b	#1,pt_SongPos(a5)
               S01:000008B6:  53 2D FF F4
F03:0769       pt_PJ2:
F03:0770       	clr.b	pt_PBreakPos(a5)
               S01:000008BA:  42 2D FF F5
F03:0771       	st 	pt_PosJumpFlag(a5)
               S01:000008BE:  50 ED FF F6
F03:0772       	rts
               S01:000008C2:  4E 75
F03:0773       
F03:0774       pt_VolumeChange:
F03:0775       	moveq	#0,d0
               S01:000008C4:  70 00
F03:0776       	move.b	N_Cmdlo(a4),d0
               S01:000008C6:  10 2C 00 03
F03:0777       	cmpi.b	#$40,d0
               S01:000008CA:  0C 00 00 40
F03:0778       	bls.s	pt_VolumeOk
               S01:000008CE:  63 02
F03:0779       	moveq	#$40,d0
               S01:000008D0:  70 40
F03:0780       pt_VolumeOk:
F03:0781       	move.b	d0,N_Volume(a4)
               S01:000008D2:  19 40 00 13
F03:0782       	move.w	d0,8(a6,d5.w)
               S01:000008D6:  3D 80 50 08
F03:0783       	rts
               S01:000008DA:  4E 75
F03:0784       
F03:0785       pt_PatternBreak:
F03:0786       	moveq	#0,d0
               S01:000008DC:  70 00
F03:0787       	move.b	N_Cmdlo(a4),d0
               S01:000008DE:  10 2C 00 03
F03:0788       	move.l	d0,d2
               S01:000008E2:  24 00
F03:0789       	lsr.b	#4,d0
               S01:000008E4:  E8 08
F03:0790       	mulu	#10,d0
               S01:000008E6:  C0 FC 00 0A
F03:0791       	andi.b	#$0f,d2
               S01:000008EA:  02 02 00 0F
F03:0792       	add.b	d2,d0
               S01:000008EE:  D0 02
F03:0793       	cmpi.b	#63,d0
               S01:000008F0:  0C 00 00 3F
F03:0794       	bhi.s	pt_PJ2
               S01:000008F4:  62 C4
F03:0795       	move.b	d0,pt_PBreakPos(a5)
               S01:000008F6:  1B 40 FF F5
F03:0796       	st	pt_PosJumpFlag(a5)
               S01:000008FA:  50 ED FF F6
F03:0797       	rts
               S01:000008FE:  4E 75
F03:0798       
F03:0799       pt_SetSpeed:
F03:0800       	move.b	3(a4),d0
               S01:00000900:  10 2C 00 03
F03:0801       	beq	pt_Return2
               S01:00000904:  67 00 FC 06
F03:0802       	clr.b	pt_Counter(a5)
               S01:00000908:  42 2D FF F3
F03:0803       	move.b	d0,pt_Speed(a5)
               S01:0000090C:  1B 40 FF F2
F03:0804       	rts
               S01:00000910:  4E 75
F03:0805       
F03:0806       pt_CheckMoreEfx:
F03:0807       	bsr	pt_UpdateFunk
               S01:00000912:  61 00 02 5C
F03:0808       	move.b	2(a4),d0
               S01:00000916:  10 2C 00 02
F03:0809       	andi.b	#$0f,d0
               S01:0000091A:  02 00 00 0F
F03:0810       	cmpi.b	#$9,d0
               S01:0000091E:  0C 00 00 09
F03:0811       	beq	pt_SampleOffset
               S01:00000922:  67 00 FF 1A
F03:0812       	cmpi.b	#$b,d0
               S01:00000926:  0C 00 00 0B
F03:0813       	beq	pt_PositionJump
               S01:0000092A:  67 00 FF 84
F03:0814       	cmpi.b	#$d,d0
               S01:0000092E:  0C 00 00 0D
F03:0815       	beq.s	pt_PatternBreak
               S01:00000932:  67 A8
F03:0816       	cmpi.b	#$e,d0
               S01:00000934:  0C 00 00 0E
F03:0817       	beq.s	pt_E_Commands
               S01:00000938:  67 12
F03:0818       	cmpi.b	#$f,d0
               S01:0000093A:  0C 00 00 0F
F03:0819       	beq.s	pt_SetSpeed
               S01:0000093E:  67 C0
F03:0820       	cmpi.b	#$c,d0
               S01:00000940:  0C 00 00 0C
F03:0821       	beq	pt_VolumeChange
               S01:00000944:  67 00 FF 7E
F03:0822       	bra	pt_PerNop
               S01:00000948:  60 00 FB C4
F03:0823       
F03:0824       pt_E_Commands:
F03:0825       	move.b	N_Cmdlo(a4),d0
               S01:0000094C:  10 2C 00 03
F03:0826       	andi.b	#$f0,d0
               S01:00000950:  02 00 00 F0
F03:0827       	lsr.b	#4,d0
               S01:00000954:  E8 08
F03:0828       	beq.s	pt_FilterOnOff
               S01:00000956:  67 70
F03:0829       	cmpi.b	#1,d0
               S01:00000958:  0C 00 00 01
F03:0830       	beq	pt_FinePortaUp
               S01:0000095C:  67 00 FC 1A
F03:0831       	cmpi.b	#2,d0
               S01:00000960:  0C 00 00 02
F03:0832       	beq	pt_FinePortaDown
               S01:00000964:  67 00 FC 58
F03:0833       	cmpi.b	#3,d0
               S01:00000968:  0C 00 00 03
F03:0834       	beq.s	pt_SetGlissControl
               S01:0000096C:  67 74
F03:0835       	cmpi.b	#4,d0
               S01:0000096E:  0C 00 00 04
F03:0836       	beq	pt_SetVibratoControl
               S01:00000972:  67 00 00 82
F03:0837       	cmpi.b	#5,d0
               S01:00000976:  0C 00 00 05
F03:0838       	beq	pt_SetFineTune
               S01:0000097A:  67 00 00 8E
F03:0839       	cmpi.b	#6,d0
               S01:0000097E:  0C 00 00 06
F03:0840       	beq	pt_JumpLoop
               S01:00000982:  67 00 00 94
F03:0841       	cmpi.b	#7,d0
               S01:00000986:  0C 00 00 07
F03:0842       	beq	pt_SetTremoloControl
               S01:0000098A:  67 00 00 CA
F03:0843       	cmpi.b	#9,d0
               S01:0000098E:  0C 00 00 09
F03:0844       	beq	pt_RetrigNote
               S01:00000992:  67 00 00 D4
F03:0845       	cmpi.b	#$a,d0
               S01:00000996:  0C 00 00 0A
F03:0846       	beq	pt_VolumeFineUp
               S01:0000099A:  67 00 01 2E
F03:0847       	cmpi.b	#$b,d0
               S01:0000099E:  0C 00 00 0B
F03:0848       	beq	pt_VolumeFineDown
               S01:000009A2:  67 00 01 3C
F03:0849       	cmpi.b	#$c,d0
               S01:000009A6:  0C 00 00 0C
F03:0850       	beq	pt_NoteCut
               S01:000009AA:  67 00 01 4A
F03:0851       	cmpi.b	#$d,d0
               S01:000009AE:  0C 00 00 0D
F03:0852       	beq	pt_NoteDelay
               S01:000009B2:  67 00 01 5E
F03:0853       	cmpi.b	#$e,d0
               S01:000009B6:  0C 00 00 0E
F03:0854       	beq	pt_PatternDelay
               S01:000009BA:  67 00 01 74
F03:0855       	cmpi.b	#$f,d0
               S01:000009BE:  0C 00 00 0F
F03:0856       	beq	pt_FunkIt
               S01:000009C2:  67 00 01 8E
F03:0857       	rts
               S01:000009C6:  4E 75
F03:0858       
F03:0859       pt_FilterOnOff:
F03:0860       	move.b	N_Cmdlo(a4),d0
               S01:000009C8:  10 2C 00 03
F03:0861       	andi.b	#1,d0
               S01:000009CC:  02 00 00 01
F03:0862       	add.b	d0,d0
               S01:000009D0:  D0 00
F03:0863       	andi.b	#$fd,$bfe001
               S01:000009D2:  02 39 00 FD 00 BF E0 01
F03:0864       	or.b	d0,$bfe001
               S01:000009DA:  81 39 00 BF E0 01
F03:0865       	rts
               S01:000009E0:  4E 75
F03:0866       
F03:0867       pt_SetGlissControl:
F03:0868       	move.b	N_Cmdlo(a4),d0
               S01:000009E2:  10 2C 00 03
F03:0869       	andi.b	#$0f,d0
               S01:000009E6:  02 00 00 0F
F03:0870       	andi.b	#$f0,N_GlissFunk(a4)
               S01:000009EA:  02 2C 00 F0 00 1F
F03:0871       	or.b	d0,N_GlissFunk(a4)
               S01:000009F0:  81 2C 00 1F
F03:0872       	rts
               S01:000009F4:  4E 75
F03:0873       
F03:0874       pt_SetVibratoControl:
F03:0875       	move.b	N_Cmdlo(a4),d0
               S01:000009F6:  10 2C 00 03
F03:0876       	andi.b	#$0f,d0
               S01:000009FA:  02 00 00 0F
F03:0877       	andi.b	#$f0,N_WaveControl(a4)
               S01:000009FE:  02 2C 00 F0 00 1E
F03:0878       	or.b	d0,N_WaveControl(a4)
               S01:00000A04:  81 2C 00 1E
F03:0879       	rts
               S01:00000A08:  4E 75
F03:0880       
F03:0881       pt_SetFineTune:
F03:0882       	move.b	N_Cmdlo(a4),d0
               S01:00000A0A:  10 2C 00 03
F03:0883       	andi.b	#$0f,d0
               S01:00000A0E:  02 00 00 0F
F03:0884       	move.b	d0,N_FineTune(a4)
               S01:00000A12:  19 40 00 12
F03:0885       	rts
               S01:00000A16:  4E 75
F03:0886       
F03:0887       pt_JumpLoop:
F03:0888       	tst.b	pt_Counter(a5)
               S01:00000A18:  4A 2D FF F3
F03:0889       	bne	pt_Return2
               S01:00000A1C:  66 00 FA EE
F03:0890       	move.b	N_Cmdlo(a4),d0
               S01:00000A20:  10 2C 00 03
F03:0891       	andi.b	#$0f,d0
               S01:00000A24:  02 00 00 0F
F03:0892       	beq.s	pt_SetLoop
               S01:00000A28:  67 20
F03:0893       	tst.b	N_LoopCount(a4)
               S01:00000A2A:  4A 2C 00 22
F03:0894       	beq.s	pt_JumpCnt
               S01:00000A2E:  67 14
F03:0895       	subq.b	#1,N_LoopCount(a4)
               S01:00000A30:  53 2C 00 22
F03:0896       	beq	pt_Return2
               S01:00000A34:  67 00 FA D6
F03:0897       pt_JmpLoop:
F03:0898       	move.b	N_PattPos(a4),pt_PBreakPos(a5)
               S01:00000A38:  1B 6C 00 21 FF F5
F03:0899       	st	pt_PBreakFlag(a5)
               S01:00000A3E:  50 ED FF F7
F03:0900       	rts
               S01:00000A42:  4E 75
F03:0901       
F03:0902       pt_JumpCnt:
F03:0903       	move.b	d0,N_LoopCount(a4)
               S01:00000A44:  19 40 00 22
F03:0904       	bra.s	pt_JmpLoop
               S01:00000A48:  60 EE
F03:0905       
F03:0906       pt_SetLoop:
F03:0907       	move.w	pt_PatternPos(a5),d0
               S01:00000A4A:  30 2D FF FC
F03:0908       	lsr.w	#4,d0
               S01:00000A4E:  E8 48
F03:0909       	move.b	d0,N_PattPos(a4)
               S01:00000A50:  19 40 00 21
F03:0910       	rts
               S01:00000A54:  4E 75
F03:0911       
F03:0912       pt_SetTremoloControl:
F03:0913       	move.b	N_Cmdlo(a4),d0
               S01:00000A56:  10 2C 00 03
F03:0914       *	andi.b	#$0f,d0
F03:0915       	lsl.b	#4,d0
               S01:00000A5A:  E9 08
F03:0916       	andi.b	#$0f,N_WaveControl(a4)
               S01:00000A5C:  02 2C 00 0F 00 1E
F03:0917       	or.b	d0,N_WaveControl(a4)
               S01:00000A62:  81 2C 00 1E
F03:0918       	rts
               S01:00000A66:  4E 75
F03:0919       
F03:0920       pt_RetrigNote:
F03:0921       	move.l	d1,-(a7)
               S01:00000A68:  2F 01
F03:0922       	moveq	#0,d0
               S01:00000A6A:  70 00
F03:0923       	move.b	N_Cmdlo(a4),d0
               S01:00000A6C:  10 2C 00 03
F03:0924       	andi.b	#$0f,d0
               S01:00000A70:  02 00 00 0F
F03:0925       	beq.s	pt_RtnEnd
               S01:00000A74:  67 50
F03:0926       	moveq	#0,d1
               S01:00000A76:  72 00
F03:0927       	move.b	pt_Counter(a5),d1
               S01:00000A78:  12 2D FF F3
F03:0928       	bne.s	pt_RtnSkp
               S01:00000A7C:  66 0E
F03:0929       	move.w	(a4),d1
               S01:00000A7E:  32 14
F03:0930       	andi.w	#$0fff,d1
               S01:00000A80:  02 41 0F FF
F03:0931       	bne.s	pt_RtnEnd
               S01:00000A84:  66 40
F03:0932       	moveq	#0,d1
               S01:00000A86:  72 00
F03:0933       	move.b	pt_Counter(a5),d1
               S01:00000A88:  12 2D FF F3
F03:0934       pt_RtnSkp:
F03:0935       	divu	d0,d1
               S01:00000A8C:  82 C0
F03:0936       	swap	d1
               S01:00000A8E:  48 41
F03:0937       	tst.w	d1
               S01:00000A90:  4A 41
F03:0938       	bne.s	pt_RtnEnd
               S01:00000A92:  66 32
F03:0939       pt_DoRetrig:
F03:0940       	move.w	N_DMABit(a4),$096(a6)	; Channel DMA off
               S01:00000A94:  3D 6C 00 14 00 96
F03:0941       	move.l	N_Start(a4),(a6,d5.w)	; Set sampledata pointer
               S01:00000A9A:  2D AC 00 04 50 00
F03:0942       	move.w	N_Length(a4),4(a6,d5.w)	; Set length
               S01:00000AA0:  3D AC 00 08 50 04
F03:0943       	bsr	pt_DMAWaitLoop
               S01:00000AA6:  61 00 01 1A
F03:0944       	move.w	N_DMABit(a4),d0
               S01:00000AAA:  30 2C 00 14
F03:0945       	ori.w	#$8000,d0
               S01:00000AAE:  00 40 80 00
F03:0946       *	bset	#15,d0
F03:0947       	move.w	d0,$096(a6)
               S01:00000AB2:  3D 40 00 96
F03:0948       	bsr	pt_DMAWaitLoop
               S01:00000AB6:  61 00 01 0A
F03:0949       	move.l	N_LoopStart(a4),(a6,d5.w)
               S01:00000ABA:  2D AC 00 0A 50 00
F03:0950       	move.l	N_Replen(a4),4(a6,d5.w)
               S01:00000AC0:  2D AC 00 0E 50 04
F03:0951       pt_RtnEnd:
F03:0952       	move.l	(a7)+,d1
               S01:00000AC6:  22 1F
F03:0953       	rts
               S01:00000AC8:  4E 75
F03:0954       
F03:0955       pt_VolumeFineUp:
F03:0956       	tst.b	pt_Counter(a5)
               S01:00000ACA:  4A 2D FF F3
F03:0957       	bne	pt_Return2
               S01:00000ACE:  66 00 FA 3C
F03:0958       	moveq	#0,d0
               S01:00000AD2:  70 00
F03:0959       	move.b	N_Cmdlo(a4),d0
               S01:00000AD4:  10 2C 00 03
F03:0960       	andi.b	#$d,d0
               S01:00000AD8:  02 00 00 0D
F03:0961       	bra	pt_VolSlideUp
               S01:00000ADC:  60 00 FD 98
F03:0962       
F03:0963       pt_VolumeFineDown:
F03:0964       	tst.b	pt_Counter(a5)
               S01:00000AE0:  4A 2D FF F3
F03:0965       	bne	pt_Return2
               S01:00000AE4:  66 00 FA 26
F03:0966       	moveq	#0,d0
               S01:00000AE8:  70 00
F03:0967       	move.b	N_Cmdlo(a4),d0
               S01:00000AEA:  10 2C 00 03
F03:0968       	andi.b	#$0f,d0
               S01:00000AEE:  02 00 00 0F
F03:0969       	bra	pt_VolSlideDown2
               S01:00000AF2:  60 00 FD A8
F03:0970       
F03:0971       pt_NoteCut:
F03:0972       	moveq	#0,d0
               S01:00000AF6:  70 00
F03:0973       	move.b	N_Cmdlo(a4),d0
               S01:00000AF8:  10 2C 00 03
F03:0974       	andi.b	#$0f,d0
               S01:00000AFC:  02 00 00 0F
F03:0975       	cmp.b	pt_Counter(a5),d0   ; was cmpi!!!
               S01:00000B00:  B0 2D FF F3
F03:0976       	bne	pt_Return2
               S01:00000B04:  66 00 FA 06
F03:0977       	clr.b	N_Volume(a4)
               S01:00000B08:  42 2C 00 13
F03:0978       	clr.w	8(a6,d5.w)
               S01:00000B0C:  42 76 50 08
F03:0979       	rts
               S01:00000B10:  4E 75
F03:0980       
F03:0981       pt_NoteDelay:
F03:0982       	moveq	#0,d0
               S01:00000B12:  70 00
F03:0983       	move.b	N_Cmdlo(a4),d0
               S01:00000B14:  10 2C 00 03
F03:0984       	andi.b	#$0f,d0
               S01:00000B18:  02 00 00 0F
F03:0985       	cmp.b	pt_Counter(a5),d0   ; was cmpi!!!
               S01:00000B1C:  B0 2D FF F3
F03:0986       	bne	pt_Return2
               S01:00000B20:  66 00 F9 EA
F03:0987       	move.w	(a4),d0
               S01:00000B24:  30 14
F03:0988       	beq	pt_Return2
               S01:00000B26:  67 00 F9 E4
F03:0989       	move.l	d1,-(a7)
               S01:00000B2A:  2F 01
F03:0990       	bra	pt_DoRetrig
               S01:00000B2C:  60 00 FF 66
F03:0991       
F03:0992       pt_PatternDelay:
F03:0993       	tst.b	pt_Counter(a5)
               S01:00000B30:  4A 2D FF F3
F03:0994       	bne	pt_Return2
               S01:00000B34:  66 00 F9 D6
F03:0995       	moveq	#0,d0
               S01:00000B38:  70 00
F03:0996       	move.b	N_Cmdlo(a4),d0
               S01:00000B3A:  10 2C 00 03
F03:0997       	andi.b	#$0f,d0
               S01:00000B3E:  02 00 00 0F
F03:0998       	tst.b	pt_PattDelTime2(a5)
               S01:00000B42:  4A 2D FF FA
F03:0999       	bne	pt_Return2
               S01:00000B46:  66 00 F9 C4
F03:1000       	addq.b	#1,d0
               S01:00000B4A:  52 00
F03:1001       	move.b	d0,pt_PattDelTime(a5)
               S01:00000B4C:  1B 40 FF F9
F03:1002       	rts
               S01:00000B50:  4E 75
F03:1003       
F03:1004       pt_FunkIt:
F03:1005       	tst.b	pt_Counter(a5)
               S01:00000B52:  4A 2D FF F3
F03:1006       	bne	pt_Return2
               S01:00000B56:  66 00 F9 B4
F03:1007       	move.b	N_Cmdlo(a4),d0
               S01:00000B5A:  10 2C 00 03
F03:1008       *	andi.b	#$0f,d0
F03:1009       	lsl.b	#4,d0
               S01:00000B5E:  E9 08
F03:1010       	andi.b	#$0f,N_GlissFunk(a4)
               S01:00000B60:  02 2C 00 0F 00 1F
F03:1011       	or.b	d0,N_GlissFunk(a4)
               S01:00000B66:  81 2C 00 1F
F03:1012       	tst.b	d0
               S01:00000B6A:  4A 00
F03:1013       	beq	pt_Return2
               S01:00000B6C:  67 00 F9 9E
F03:1014       pt_UpdateFunk:
F03:1015       	movem.l	a0/d1,-(a7)
               S01:00000B70:  48 E7 40 80
F03:1016       	moveq	#0,d0
               S01:00000B74:  70 00
F03:1017       	move.b	N_GlissFunk(a4),d0
               S01:00000B76:  10 2C 00 1F
F03:1018       	lsr.b	#4,d0
               S01:00000B7A:  E8 08
F03:1019       	beq.s	pt_FunkEnd
               S01:00000B7C:  67 3E
F03:1020       	lea	pt_FunkTable(pc),a0
               S01:00000B7E:  41 FA 00 58
F03:1021       	move.b	(a0,d0.w),d0
               S01:00000B82:  10 30 00 00
F03:1022       	add.b	d0,N_FunkOffset(a4)
               S01:00000B86:  D1 2C 00 23
F03:1023       	btst	#7,N_FunkOffset(a4)
               S01:00000B8A:  08 2C 00 07 00 23
F03:1024       	beq.s	pt_FunkEnd
               S01:00000B90:  67 2A
F03:1025       	clr.b	N_FunkOffset(a4)
               S01:00000B92:  42 2C 00 23
F03:1026       
F03:1027       	move.l	N_LoopStart(a4),d0
               S01:00000B96:  20 2C 00 0A
F03:1028       	moveq	#0,d1
               S01:00000B9A:  72 00
F03:1029       	move.w	N_Replen(a4),d1
               S01:00000B9C:  32 2C 00 0E
F03:1030       	add.l	d1,d0
               S01:00000BA0:  D0 81
F03:1031       	add.l	d1,d0
               S01:00000BA2:  D0 81
F03:1032       	move.l	N_WaveStart(a4),a0
               S01:00000BA4:  20 6C 00 24
F03:1033       	addq.w	#1,a0
               S01:00000BA8:  52 48
F03:1034       	cmp.l	d0,a0
               S01:00000BAA:  B1 C0
F03:1035       	blo.s	pt_FunkOk
               S01:00000BAC:  65 04
F03:1036       	move.l	N_LoopStart(a4),a0
               S01:00000BAE:  20 6C 00 0A
F03:1037       pt_FunkOk:
F03:1038       	move.l	a0,N_WaveStart(a4)
               S01:00000BB2:  29 48 00 24
F03:1039       	moveq	#-1,d0
               S01:00000BB6:  70 FF
F03:1040       	sub.b	(a0),d0
               S01:00000BB8:  90 10
F03:1041       	move.b	d0,(a0)
               S01:00000BBA:  10 80
F03:1042       pt_FunkEnd:
F03:1043       	movem.l	(a7)+,a0/d1
               S01:00000BBC:  4C DF 01 02
F03:1044       	rts
               S01:00000BC0:  4E 75
F03:1045       
F03:1046       pt_DMAWaitLoop:
F03:1047       	move.w	d1,-(sp)
               S01:00000BC2:  3F 01
F03:1048       	moveq	#5,d0		; wait 5+1 lines
               S01:00000BC4:  70 05
F03:1049       .loop	move.b	6(a6),d1		; read current raster position
               S01:00000BC6:  12 2E 00 06
F03:1050       .wait	cmp.b	6(a6),d1
               S01:00000BCA:  B2 2E 00 06
F03:1051       	beq.s	.wait		; wait until it changes
               S01:00000BCE:  67 FA
F03:1052       	dbf	d0,.loop		; do it again
               S01:00000BD0:  51 C8 FF F4
F03:1053       	move.w	(sp)+,d1
               S01:00000BD4:  32 1F
F03:1054       	rts
               S01:00000BD6:  4E 75
F03:1055       
F03:1056       
F03:1057       pt_FunkTable: dc.b 0,5,6,7,8,10,11,13,16,19,22,26,32,43,64,128
               S01:00000BD8:  00
               S01:00000BD9:  05
               S01:00000BDA:  06
               S01:00000BDB:  07
               S01:00000BDC:  08
               S01:00000BDD:  0A
               S01:00000BDE:  0B
               S01:00000BDF:  0D
               S01:00000BE0:  10
               S01:00000BE1:  13
               S01:00000BE2:  16
               S01:00000BE3:  1A
               S01:00000BE4:  20
               S01:00000BE5:  2B
               S01:00000BE6:  40
               S01:00000BE7:  80
F03:1058       
F03:1059       pt_VibratoTable:
F03:1060       	dc.b 0, 24, 49, 74, 97,120,141,161
               S01:00000BE8:  00
               S01:00000BE9:  18
               S01:00000BEA:  31
               S01:00000BEB:  4A
               S01:00000BEC:  61
               S01:00000BED:  78
               S01:00000BEE:  8D
               S01:00000BEF:  A1
F03:1061       	dc.b 180,197,212,224,235,244,250,253
               S01:00000BF0:  B4
               S01:00000BF1:  C5
               S01:00000BF2:  D4
               S01:00000BF3:  E0
               S01:00000BF4:  EB
               S01:00000BF5:  F4
               S01:00000BF6:  FA
               S01:00000BF7:  FD
F03:1062       	dc.b 255,253,250,244,235,224,212,197
               S01:00000BF8:  FF
               S01:00000BF9:  FD
               S01:00000BFA:  FA
               S01:00000BFB:  F4
               S01:00000BFC:  EB
               S01:00000BFD:  E0
               S01:00000BFE:  D4
               S01:00000BFF:  C5
F03:1063       	dc.b 180,161,141,120, 97, 74, 49, 24
               S01:00000C00:  B4
               S01:00000C01:  A1
               S01:00000C02:  8D
               S01:00000C03:  78
               S01:00000C04:  61
               S01:00000C05:  4A
               S01:00000C06:  31
               S01:00000C07:  18
F03:1064       
F03:1065       pt_PeriodTable:
F03:1066       ; Tuning 0, Normal
F03:1067       	dc.w	856,808,762,720,678,640,604,570,538,508,480,453
               S01:00000C08:  03 58
               S01:00000C0A:  03 28
               S01:00000C0C:  02 FA
               S01:00000C0E:  02 D0
               S01:00000C10:  02 A6
               S01:00000C12:  02 80
               S01:00000C14:  02 5C
               S01:00000C16:  02 3A
               S01:00000C18:  02 1A
               S01:00000C1A:  01 FC
               S01:00000C1C:  01 E0
               S01:00000C1E:  01 C5
F03:1068       	dc.w	428,404,381,360,339,320,302,285,269,254,240,226
               S01:00000C20:  01 AC
               S01:00000C22:  01 94
               S01:00000C24:  01 7D
               S01:00000C26:  01 68
               S01:00000C28:  01 53
               S01:00000C2A:  01 40
               S01:00000C2C:  01 2E
               S01:00000C2E:  01 1D
               S01:00000C30:  01 0D
               S01:00000C32:  00 FE
               S01:00000C34:  00 F0
               S01:00000C36:  00 E2
F03:1069       	dc.w	214,202,190,180,170,160,151,143,135,127,120,113
               S01:00000C38:  00 D6
               S01:00000C3A:  00 CA
               S01:00000C3C:  00 BE
               S01:00000C3E:  00 B4
               S01:00000C40:  00 AA
               S01:00000C42:  00 A0
               S01:00000C44:  00 97
               S01:00000C46:  00 8F
               S01:00000C48:  00 87
               S01:00000C4A:  00 7F
               S01:00000C4C:  00 78
               S01:00000C4E:  00 71
F03:1070       ; Tuning 1
F03:1071       	dc.w	850,802,757,715,674,637,601,567,535,505,477,450
               S01:00000C50:  03 52
               S01:00000C52:  03 22
               S01:00000C54:  02 F5
               S01:00000C56:  02 CB
               S01:00000C58:  02 A2
               S01:00000C5A:  02 7D
               S01:00000C5C:  02 59
               S01:00000C5E:  02 37
               S01:00000C60:  02 17
               S01:00000C62:  01 F9
               S01:00000C64:  01 DD
               S01:00000C66:  01 C2
F03:1072       	dc.w	425,401,379,357,337,318,300,284,268,253,239,225
               S01:00000C68:  01 A9
               S01:00000C6A:  01 91
               S01:00000C6C:  01 7B
               S01:00000C6E:  01 65
               S01:00000C70:  01 51
               S01:00000C72:  01 3E
               S01:00000C74:  01 2C
               S01:00000C76:  01 1C
               S01:00000C78:  01 0C
               S01:00000C7A:  00 FD
               S01:00000C7C:  00 EF
               S01:00000C7E:  00 E1
F03:1073       	dc.w	213,201,189,179,169,159,150,142,134,126,119,113
               S01:00000C80:  00 D5
               S01:00000C82:  00 C9
               S01:00000C84:  00 BD
               S01:00000C86:  00 B3
               S01:00000C88:  00 A9
               S01:00000C8A:  00 9F
               S01:00000C8C:  00 96
               S01:00000C8E:  00 8E
               S01:00000C90:  00 86
               S01:00000C92:  00 7E
               S01:00000C94:  00 77
               S01:00000C96:  00 71
F03:1074       ; Tuning 2
F03:1075       	dc.w	844,796,752,709,670,632,597,563,532,502,474,447
               S01:00000C98:  03 4C
               S01:00000C9A:  03 1C
               S01:00000C9C:  02 F0
               S01:00000C9E:  02 C5
               S01:00000CA0:  02 9E
               S01:00000CA2:  02 78
               S01:00000CA4:  02 55
               S01:00000CA6:  02 33
               S01:00000CA8:  02 14
               S01:00000CAA:  01 F6
               S01:00000CAC:  01 DA
               S01:00000CAE:  01 BF
F03:1076       	dc.w	422,398,376,355,335,316,298,282,266,251,237,224
               S01:00000CB0:  01 A6
               S01:00000CB2:  01 8E
               S01:00000CB4:  01 78
               S01:00000CB6:  01 63
               S01:00000CB8:  01 4F
               S01:00000CBA:  01 3C
               S01:00000CBC:  01 2A
               S01:00000CBE:  01 1A
               S01:00000CC0:  01 0A
               S01:00000CC2:  00 FB
               S01:00000CC4:  00 ED
               S01:00000CC6:  00 E0
F03:1077       	dc.w	211,199,188,177,167,158,149,141,133,125,118,112
               S01:00000CC8:  00 D3
               S01:00000CCA:  00 C7
               S01:00000CCC:  00 BC
               S01:00000CCE:  00 B1
               S01:00000CD0:  00 A7
               S01:00000CD2:  00 9E
               S01:00000CD4:  00 95
               S01:00000CD6:  00 8D
               S01:00000CD8:  00 85
               S01:00000CDA:  00 7D
               S01:00000CDC:  00 76
               S01:00000CDE:  00 70
F03:1078       ; Tuning 3
F03:1079       	dc.w	838,791,746,704,665,628,592,559,528,498,470,444
               S01:00000CE0:  03 46
               S01:00000CE2:  03 17
               S01:00000CE4:  02 EA
               S01:00000CE6:  02 C0
               S01:00000CE8:  02 99
               S01:00000CEA:  02 74
               S01:00000CEC:  02 50
               S01:00000CEE:  02 2F
               S01:00000CF0:  02 10
               S01:00000CF2:  01 F2
               S01:00000CF4:  01 D6
               S01:00000CF6:  01 BC
F03:1080       	dc.w	419,395,373,352,332,314,296,280,264,249,235,222
               S01:00000CF8:  01 A3
               S01:00000CFA:  01 8B
               S01:00000CFC:  01 75
               S01:00000CFE:  01 60
               S01:00000D00:  01 4C
               S01:00000D02:  01 3A
               S01:00000D04:  01 28
               S01:00000D06:  01 18
               S01:00000D08:  01 08
               S01:00000D0A:  00 F9
               S01:00000D0C:  00 EB
               S01:00000D0E:  00 DE
F03:1081       	dc.w	209,198,187,176,166,157,148,140,132,125,118,111
               S01:00000D10:  00 D1
               S01:00000D12:  00 C6
               S01:00000D14:  00 BB
               S01:00000D16:  00 B0
               S01:00000D18:  00 A6
               S01:00000D1A:  00 9D
               S01:00000D1C:  00 94
               S01:00000D1E:  00 8C
               S01:00000D20:  00 84
               S01:00000D22:  00 7D
               S01:00000D24:  00 76
               S01:00000D26:  00 6F
F03:1082       ; Tuning 4
F03:1083       	dc.w	832,785,741,699,660,623,588,555,524,495,467,441
               S01:00000D28:  03 40
               S01:00000D2A:  03 11
               S01:00000D2C:  02 E5
               S01:00000D2E:  02 BB
               S01:00000D30:  02 94
               S01:00000D32:  02 6F
               S01:00000D34:  02 4C
               S01:00000D36:  02 2B
               S01:00000D38:  02 0C
               S01:00000D3A:  01 EF
               S01:00000D3C:  01 D3
               S01:00000D3E:  01 B9
F03:1084       	dc.w	416,392,370,350,330,312,294,278,262,247,233,220
               S01:00000D40:  01 A0
               S01:00000D42:  01 88
               S01:00000D44:  01 72
               S01:00000D46:  01 5E
               S01:00000D48:  01 4A
               S01:00000D4A:  01 38
               S01:00000D4C:  01 26
               S01:00000D4E:  01 16
               S01:00000D50:  01 06
               S01:00000D52:  00 F7
               S01:00000D54:  00 E9
               S01:00000D56:  00 DC
F03:1085       	dc.w	208,196,185,175,165,156,147,139,131,124,117,110
               S01:00000D58:  00 D0
               S01:00000D5A:  00 C4
               S01:00000D5C:  00 B9
               S01:00000D5E:  00 AF
               S01:00000D60:  00 A5
               S01:00000D62:  00 9C
               S01:00000D64:  00 93
               S01:00000D66:  00 8B
               S01:00000D68:  00 83
               S01:00000D6A:  00 7C
               S01:00000D6C:  00 75
               S01:00000D6E:  00 6E
F03:1086       ; Tuning 5
F03:1087       	dc.w	826,779,736,694,655,619,584,551,520,491,463,437
               S01:00000D70:  03 3A
               S01:00000D72:  03 0B
               S01:00000D74:  02 E0
               S01:00000D76:  02 B6
               S01:00000D78:  02 8F
               S01:00000D7A:  02 6B
               S01:00000D7C:  02 48
               S01:00000D7E:  02 27
               S01:00000D80:  02 08
               S01:00000D82:  01 EB
               S01:00000D84:  01 CF
               S01:00000D86:  01 B5
F03:1088       	dc.w	413,390,368,347,328,309,292,276,260,245,232,219
               S01:00000D88:  01 9D
               S01:00000D8A:  01 86
               S01:00000D8C:  01 70
               S01:00000D8E:  01 5B
               S01:00000D90:  01 48
               S01:00000D92:  01 35
               S01:00000D94:  01 24
               S01:00000D96:  01 14
               S01:00000D98:  01 04
               S01:00000D9A:  00 F5
               S01:00000D9C:  00 E8
               S01:00000D9E:  00 DB
F03:1089       	dc.w	206,195,184,174,164,155,146,138,130,123,116,109
               S01:00000DA0:  00 CE
               S01:00000DA2:  00 C3
               S01:00000DA4:  00 B8
               S01:00000DA6:  00 AE
               S01:00000DA8:  00 A4
               S01:00000DAA:  00 9B
               S01:00000DAC:  00 92
               S01:00000DAE:  00 8A
               S01:00000DB0:  00 82
               S01:00000DB2:  00 7B
               S01:00000DB4:  00 74
               S01:00000DB6:  00 6D
F03:1090       ; Tuning 6
F03:1091       	dc.w	820,774,730,689,651,614,580,547,516,487,460,434
               S01:00000DB8:  03 34
               S01:00000DBA:  03 06
               S01:00000DBC:  02 DA
               S01:00000DBE:  02 B1
               S01:00000DC0:  02 8B
               S01:00000DC2:  02 66
               S01:00000DC4:  02 44
               S01:00000DC6:  02 23
               S01:00000DC8:  02 04
               S01:00000DCA:  01 E7
               S01:00000DCC:  01 CC
               S01:00000DCE:  01 B2
F03:1092       	dc.w	410,387,365,345,325,307,290,274,258,244,230,217
               S01:00000DD0:  01 9A
               S01:00000DD2:  01 83
               S01:00000DD4:  01 6D
               S01:00000DD6:  01 59
               S01:00000DD8:  01 45
               S01:00000DDA:  01 33
               S01:00000DDC:  01 22
               S01:00000DDE:  01 12
               S01:00000DE0:  01 02
               S01:00000DE2:  00 F4
               S01:00000DE4:  00 E6
               S01:00000DE6:  00 D9
F03:1093       	dc.w	205,193,183,172,163,154,145,137,129,122,115,109
               S01:00000DE8:  00 CD
               S01:00000DEA:  00 C1
               S01:00000DEC:  00 B7
               S01:00000DEE:  00 AC
               S01:00000DF0:  00 A3
               S01:00000DF2:  00 9A
               S01:00000DF4:  00 91
               S01:00000DF6:  00 89
               S01:00000DF8:  00 81
               S01:00000DFA:  00 7A
               S01:00000DFC:  00 73
               S01:00000DFE:  00 6D
F03:1094       ; Tuning 7
F03:1095       	dc.w	814,768,725,684,646,610,575,543,513,484,457,431
               S01:00000E00:  03 2E
               S01:00000E02:  03 00
               S01:00000E04:  02 D5
               S01:00000E06:  02 AC
               S01:00000E08:  02 86
               S01:00000E0A:  02 62
               S01:00000E0C:  02 3F
               S01:00000E0E:  02 1F
               S01:00000E10:  02 01
               S01:00000E12:  01 E4
               S01:00000E14:  01 C9
               S01:00000E16:  01 AF
F03:1096       	dc.w	407,384,363,342,323,305,288,272,256,242,228,216
               S01:00000E18:  01 97
               S01:00000E1A:  01 80
               S01:00000E1C:  01 6B
               S01:00000E1E:  01 56
               S01:00000E20:  01 43
               S01:00000E22:  01 31
               S01:00000E24:  01 20
               S01:00000E26:  01 10
               S01:00000E28:  01 00
               S01:00000E2A:  00 F2
               S01:00000E2C:  00 E4
               S01:00000E2E:  00 D8
F03:1097       	dc.w	204,192,181,171,161,152,144,136,128,121,114,108
               S01:00000E30:  00 CC
               S01:00000E32:  00 C0
               S01:00000E34:  00 B5
               S01:00000E36:  00 AB
               S01:00000E38:  00 A1
               S01:00000E3A:  00 98
               S01:00000E3C:  00 90
               S01:00000E3E:  00 88
               S01:00000E40:  00 80
               S01:00000E42:  00 79
               S01:00000E44:  00 72
               S01:00000E46:  00 6C
F03:1098       ; Tuning -8
F03:1099       	dc.w	907,856,808,762,720,678,640,604,570,538,508,480
               S01:00000E48:  03 8B
               S01:00000E4A:  03 58
               S01:00000E4C:  03 28
               S01:00000E4E:  02 FA
               S01:00000E50:  02 D0
               S01:00000E52:  02 A6
               S01:00000E54:  02 80
               S01:00000E56:  02 5C
               S01:00000E58:  02 3A
               S01:00000E5A:  02 1A
               S01:00000E5C:  01 FC
               S01:00000E5E:  01 E0
F03:1100       	dc.w	453,428,404,381,360,339,320,302,285,269,254,240
               S01:00000E60:  01 C5
               S01:00000E62:  01 AC
               S01:00000E64:  01 94
               S01:00000E66:  01 7D
               S01:00000E68:  01 68
               S01:00000E6A:  01 53
               S01:00000E6C:  01 40
               S01:00000E6E:  01 2E
               S01:00000E70:  01 1D
               S01:00000E72:  01 0D
               S01:00000E74:  00 FE
               S01:00000E76:  00 F0
F03:1101       	dc.w	226,214,202,190,180,170,160,151,143,135,127,120
               S01:00000E78:  00 E2
               S01:00000E7A:  00 D6
               S01:00000E7C:  00 CA
               S01:00000E7E:  00 BE
               S01:00000E80:  00 B4
               S01:00000E82:  00 AA
               S01:00000E84:  00 A0
               S01:00000E86:  00 97
               S01:00000E88:  00 8F
               S01:00000E8A:  00 87
               S01:00000E8C:  00 7F
               S01:00000E8E:  00 78
F03:1102       ; Tuning -7
F03:1103       	dc.w	900,850,802,757,715,675,636,601,567,535,505,477
               S01:00000E90:  03 84
               S01:00000E92:  03 52
               S01:00000E94:  03 22
               S01:00000E96:  02 F5
               S01:00000E98:  02 CB
               S01:00000E9A:  02 A3
               S01:00000E9C:  02 7C
               S01:00000E9E:  02 59
               S01:00000EA0:  02 37
               S01:00000EA2:  02 17
               S01:00000EA4:  01 F9
               S01:00000EA6:  01 DD
F03:1104       	dc.w	450,425,401,379,357,337,318,300,284,268,253,238
               S01:00000EA8:  01 C2
               S01:00000EAA:  01 A9
               S01:00000EAC:  01 91
               S01:00000EAE:  01 7B
               S01:00000EB0:  01 65
               S01:00000EB2:  01 51
               S01:00000EB4:  01 3E
               S01:00000EB6:  01 2C
               S01:00000EB8:  01 1C
               S01:00000EBA:  01 0C
               S01:00000EBC:  00 FD
               S01:00000EBE:  00 EE
F03:1105       	dc.w	225,212,200,189,179,169,159,150,142,134,126,119
               S01:00000EC0:  00 E1
               S01:00000EC2:  00 D4
               S01:00000EC4:  00 C8
               S01:00000EC6:  00 BD
               S01:00000EC8:  00 B3
               S01:00000ECA:  00 A9
               S01:00000ECC:  00 9F
               S01:00000ECE:  00 96
               S01:00000ED0:  00 8E
               S01:00000ED2:  00 86
               S01:00000ED4:  00 7E
               S01:00000ED6:  00 77
F03:1106       ; Tuning -6
F03:1107       	dc.w	894,844,796,752,709,670,632,597,563,532,502,474
               S01:00000ED8:  03 7E
               S01:00000EDA:  03 4C
               S01:00000EDC:  03 1C
               S01:00000EDE:  02 F0
               S01:00000EE0:  02 C5
               S01:00000EE2:  02 9E
               S01:00000EE4:  02 78
               S01:00000EE6:  02 55
               S01:00000EE8:  02 33
               S01:00000EEA:  02 14
               S01:00000EEC:  01 F6
               S01:00000EEE:  01 DA
F03:1108       	dc.w	447,422,398,376,355,335,316,298,282,266,251,237
               S01:00000EF0:  01 BF
               S01:00000EF2:  01 A6
               S01:00000EF4:  01 8E
               S01:00000EF6:  01 78
               S01:00000EF8:  01 63
               S01:00000EFA:  01 4F
               S01:00000EFC:  01 3C
               S01:00000EFE:  01 2A
               S01:00000F00:  01 1A
               S01:00000F02:  01 0A
               S01:00000F04:  00 FB
               S01:00000F06:  00 ED
F03:1109       	dc.w	223,211,199,188,177,167,158,149,141,133,125,118
               S01:00000F08:  00 DF
               S01:00000F0A:  00 D3
               S01:00000F0C:  00 C7
               S01:00000F0E:  00 BC
               S01:00000F10:  00 B1
               S01:00000F12:  00 A7
               S01:00000F14:  00 9E
               S01:00000F16:  00 95
               S01:00000F18:  00 8D
               S01:00000F1A:  00 85
               S01:00000F1C:  00 7D
               S01:00000F1E:  00 76
F03:1110       ; Tuning -5
F03:1111       	dc.w	887,838,791,746,704,665,628,592,559,528,498,470
               S01:00000F20:  03 77
               S01:00000F22:  03 46
               S01:00000F24:  03 17
               S01:00000F26:  02 EA
               S01:00000F28:  02 C0
               S01:00000F2A:  02 99
               S01:00000F2C:  02 74
               S01:00000F2E:  02 50
               S01:00000F30:  02 2F
               S01:00000F32:  02 10
               S01:00000F34:  01 F2
               S01:00000F36:  01 D6
F03:1112       	dc.w	444,419,395,373,352,332,314,296,280,264,249,235
               S01:00000F38:  01 BC
               S01:00000F3A:  01 A3
               S01:00000F3C:  01 8B
               S01:00000F3E:  01 75
               S01:00000F40:  01 60
               S01:00000F42:  01 4C
               S01:00000F44:  01 3A
               S01:00000F46:  01 28
               S01:00000F48:  01 18
               S01:00000F4A:  01 08
               S01:00000F4C:  00 F9
               S01:00000F4E:  00 EB
F03:1113       	dc.w	222,209,198,187,176,166,157,148,140,132,125,118
               S01:00000F50:  00 DE
               S01:00000F52:  00 D1
               S01:00000F54:  00 C6
               S01:00000F56:  00 BB
               S01:00000F58:  00 B0
               S01:00000F5A:  00 A6
               S01:00000F5C:  00 9D
               S01:00000F5E:  00 94
               S01:00000F60:  00 8C
               S01:00000F62:  00 84
               S01:00000F64:  00 7D
               S01:00000F66:  00 76
F03:1114       ; Tuning -4
F03:1115       	dc.w	881,832,785,741,699,660,623,588,555,524,494,467
               S01:00000F68:  03 71
               S01:00000F6A:  03 40
               S01:00000F6C:  03 11
               S01:00000F6E:  02 E5
               S01:00000F70:  02 BB
               S01:00000F72:  02 94
               S01:00000F74:  02 6F
               S01:00000F76:  02 4C
               S01:00000F78:  02 2B
               S01:00000F7A:  02 0C
               S01:00000F7C:  01 EE
               S01:00000F7E:  01 D3
F03:1116       	dc.w	441,416,392,370,350,330,312,294,278,262,247,233
               S01:00000F80:  01 B9
               S01:00000F82:  01 A0
               S01:00000F84:  01 88
               S01:00000F86:  01 72
               S01:00000F88:  01 5E
               S01:00000F8A:  01 4A
               S01:00000F8C:  01 38
               S01:00000F8E:  01 26
               S01:00000F90:  01 16
               S01:00000F92:  01 06
               S01:00000F94:  00 F7
               S01:00000F96:  00 E9
F03:1117       	dc.w	220,208,196,185,175,165,156,147,139,131,123,117
               S01:00000F98:  00 DC
               S01:00000F9A:  00 D0
               S01:00000F9C:  00 C4
               S01:00000F9E:  00 B9
               S01:00000FA0:  00 AF
               S01:00000FA2:  00 A5
               S01:00000FA4:  00 9C
               S01:00000FA6:  00 93
               S01:00000FA8:  00 8B
               S01:00000FAA:  00 83
               S01:00000FAC:  00 7B
               S01:00000FAE:  00 75
F03:1118       ; Tuning -3
F03:1119       	dc.w	875,826,779,736,694,655,619,584,551,520,491,463
               S01:00000FB0:  03 6B
               S01:00000FB2:  03 3A
               S01:00000FB4:  03 0B
               S01:00000FB6:  02 E0
               S01:00000FB8:  02 B6
               S01:00000FBA:  02 8F
               S01:00000FBC:  02 6B
               S01:00000FBE:  02 48
               S01:00000FC0:  02 27
               S01:00000FC2:  02 08
               S01:00000FC4:  01 EB
               S01:00000FC6:  01 CF
F03:1120       	dc.w	437,413,390,368,347,328,309,292,276,260,245,232
               S01:00000FC8:  01 B5
               S01:00000FCA:  01 9D
               S01:00000FCC:  01 86
               S01:00000FCE:  01 70
               S01:00000FD0:  01 5B
               S01:00000FD2:  01 48
               S01:00000FD4:  01 35
               S01:00000FD6:  01 24
               S01:00000FD8:  01 14
               S01:00000FDA:  01 04
               S01:00000FDC:  00 F5
               S01:00000FDE:  00 E8
F03:1121       	dc.w	219,206,195,184,174,164,155,146,138,130,123,116
               S01:00000FE0:  00 DB
               S01:00000FE2:  00 CE
               S01:00000FE4:  00 C3
               S01:00000FE6:  00 B8
               S01:00000FE8:  00 AE
               S01:00000FEA:  00 A4
               S01:00000FEC:  00 9B
               S01:00000FEE:  00 92
               S01:00000FF0:  00 8A
               S01:00000FF2:  00 82
               S01:00000FF4:  00 7B
               S01:00000FF6:  00 74
F03:1122       ; Tuning -2
F03:1123       	dc.w	868,820,774,730,689,651,614,580,547,516,487,460
               S01:00000FF8:  03 64
               S01:00000FFA:  03 34
               S01:00000FFC:  03 06
               S01:00000FFE:  02 DA
               S01:00001000:  02 B1
               S01:00001002:  02 8B
               S01:00001004:  02 66
               S01:00001006:  02 44
               S01:00001008:  02 23
               S01:0000100A:  02 04
               S01:0000100C:  01 E7
               S01:0000100E:  01 CC
F03:1124       	dc.w	434,410,387,365,345,325,307,290,274,258,244,230
               S01:00001010:  01 B2
               S01:00001012:  01 9A
               S01:00001014:  01 83
               S01:00001016:  01 6D
               S01:00001018:  01 59
               S01:0000101A:  01 45
               S01:0000101C:  01 33
               S01:0000101E:  01 22
               S01:00001020:  01 12
               S01:00001022:  01 02
               S01:00001024:  00 F4
               S01:00001026:  00 E6
F03:1125       	dc.w	217,205,193,183,172,163,154,145,137,129,122,115
               S01:00001028:  00 D9
               S01:0000102A:  00 CD
               S01:0000102C:  00 C1
               S01:0000102E:  00 B7
               S01:00001030:  00 AC
               S01:00001032:  00 A3
               S01:00001034:  00 9A
               S01:00001036:  00 91
               S01:00001038:  00 89
               S01:0000103A:  00 81
               S01:0000103C:  00 7A
               S01:0000103E:  00 73
F03:1126       ; Tuning -1
F03:1127       	dc.w	862,814,768,725,684,646,610,575,543,513,484,457
               S01:00001040:  03 5E
               S01:00001042:  03 2E
               S01:00001044:  03 00
               S01:00001046:  02 D5
               S01:00001048:  02 AC
               S01:0000104A:  02 86
               S01:0000104C:  02 62
               S01:0000104E:  02 3F
               S01:00001050:  02 1F
               S01:00001052:  02 01
               S01:00001054:  01 E4
               S01:00001056:  01 C9
F03:1128       	dc.w	431,407,384,363,342,323,305,288,272,256,242,228
               S01:00001058:  01 AF
               S01:0000105A:  01 97
               S01:0000105C:  01 80
               S01:0000105E:  01 6B
               S01:00001060:  01 56
               S01:00001062:  01 43
               S01:00001064:  01 31
               S01:00001066:  01 20
               S01:00001068:  01 10
               S01:0000106A:  01 00
               S01:0000106C:  00 F2
               S01:0000106E:  00 E4
F03:1129       	dc.w	216,203,192,181,171,161,152,144,136,128,121,114
               S01:00001070:  00 D8
               S01:00001072:  00 CB
               S01:00001074:  00 C0
               S01:00001076:  00 B5
               S01:00001078:  00 AB
               S01:0000107A:  00 A1
               S01:0000107C:  00 98
               S01:0000107E:  00 90
               S01:00001080:  00 88
               S01:00001082:  00 80
               S01:00001084:  00 79
               S01:00001086:  00 72
F03:1130       
F03:1131       pt_Chan1Temp:
F03:1132       	dc.l	0,0,0,0,0,$00010000,0,0,0,0,0
               S01:00001088:  00 00 00 00
               S01:0000108C:  00 00 00 00
               S01:00001090:  00 00 00 00
               S01:00001094:  00 00 00 00
               S01:00001098:  00 00 00 00
               S01:0000109C:  00 01 00 00
               S01:000010A0:  00 00 00 00
               S01:000010A4:  00 00 00 00
               S01:000010A8:  00 00 00 00
               S01:000010AC:  00 00 00 00
               S01:000010B0:  00 00 00 00
F03:1133       pt_Chan2Temp:
F03:1134       	dc.l	0,0,0,0,0,$00020000,0,0,0,0,0
               S01:000010B4:  00 00 00 00
               S01:000010B8:  00 00 00 00
               S01:000010BC:  00 00 00 00
               S01:000010C0:  00 00 00 00
               S01:000010C4:  00 00 00 00
               S01:000010C8:  00 02 00 00
               S01:000010CC:  00 00 00 00
               S01:000010D0:  00 00 00 00
               S01:000010D4:  00 00 00 00
               S01:000010D8:  00 00 00 00
               S01:000010DC:  00 00 00 00
F03:1135       pt_Chan3Temp:
F03:1136       	dc.l	0,0,0,0,0,$00040000,0,0,0,0,0
               S01:000010E0:  00 00 00 00
               S01:000010E4:  00 00 00 00
               S01:000010E8:  00 00 00 00
               S01:000010EC:  00 00 00 00
               S01:000010F0:  00 00 00 00
               S01:000010F4:  00 04 00 00
               S01:000010F8:  00 00 00 00
               S01:000010FC:  00 00 00 00
               S01:00001100:  00 00 00 00
               S01:00001104:  00 00 00 00
               S01:00001108:  00 00 00 00
F03:1137       pt_Chan4Temp:
F03:1138       	dc.l	0,0,0,0,0,$00080000,0,0,0,0,0
               S01:0000110C:  00 00 00 00
               S01:00001110:  00 00 00 00
               S01:00001114:  00 00 00 00
               S01:00001118:  00 00 00 00
               S01:0000111C:  00 00 00 00
               S01:00001120:  00 08 00 00
               S01:00001124:  00 00 00 00
               S01:00001128:  00 00 00 00
               S01:0000112C:  00 00 00 00
               S01:00001130:  00 00 00 00
               S01:00001134:  00 00 00 00
F03:1139       pt_SampleStarts:
F03:1140       	dc.l	0,0,0,0,0,0,0,0,0,0,0,0,0,0,0,0
               S01:00001138:  00 00 00 00
               S01:0000113C:  00 00 00 00
               S01:00001140:  00 00 00 00
               S01:00001144:  00 00 00 00
               S01:00001148:  00 00 00 00
               S01:0000114C:  00 00 00 00
               S01:00001150:  00 00 00 00
               S01:00001154:  00 00 00 00
               S01:00001158:  00 00 00 00
               S01:0000115C:  00 00 00 00
               S01:00001160:  00 00 00 00
               S01:00001164:  00 00 00 00
               S01:00001168:  00 00 00 00
               S01:0000116C:  00 00 00 00
               S01:00001170:  00 00 00 00
               S01:00001174:  00 00 00 00
F03:1141       	dc.l	0,0,0,0,0,0,0,0,0,0,0,0,0,0,0
               S01:00001178:  00 00 00 00
               S01:0000117C:  00 00 00 00
               S01:00001180:  00 00 00 00
               S01:00001184:  00 00 00 00
               S01:00001188:  00 00 00 00
               S01:0000118C:  00 00 00 00
               S01:00001190:  00 00 00 00
               S01:00001194:  00 00 00 00
               S01:00001198:  00 00 00 00
               S01:0000119C:  00 00 00 00
               S01:000011A0:  00 00 00 00
               S01:000011A4:  00 00 00 00
               S01:000011A8:  00 00 00 00
               S01:000011AC:  00 00 00 00
               S01:000011B0:  00 00 00 00
F03:1142       *pt_SongDataPtr:
F03:1143       	dc.l 0
               S01:000011B4:  00 00 00 00
F03:1144       *pt_Speed:
F03:1145       	dc.b 6
               S01:000011B8:  06
F03:1146       *pt_Counter:
F03:1147       	dc.b 0
               S01:000011B9:  00
F03:1148       *pt_SongPos:
F03:1149       	dc.b 0
               S01:000011BA:  00
F03:1150       *pt_PBreakPos:
F03:1151       	dc.b 0
               S01:000011BB:  00
F03:1152       *pt_PosJumpFlag:
F03:1153       	dc.b 0
               S01:000011BC:  00
F03:1154       *pt_PBreakFlag:
F03:1155       	dc.b 0
               S01:000011BD:  00
F03:1156       *pt_LowMask:
F03:1157       	dc.b 0
               S01:000011BE:  00
F03:1158       *pt_PattDelTime:
F03:1159       	dc.b 0
               S01:000011BF:  00
F03:1160       *pt_PattDelTime2:
F03:1161       	dc.b 0,0
               S01:000011C0:  00
               S01:000011C1:  00
F03:1162       *pt_PatternPos:
F03:1163       	dc.w 0
               S01:000011C2:  00 00
F03:1164       *pt_DMACONtemp:
F03:1165       	dc.w 0
               S01:000011C4:  00 00
F03:1166       Variables:
F03:1167       
F00:0099       
F00:0100       oldDMACon
F00:0101       	dc.l	0
               S01:000011C6:  00 00 00 00
F00:0102       oldIntEna
F00:0103       	dc.l	0
               S01:000011CA:  00 00 00 00
F00:0104       oldIntReq
F00:0105       	dc.l	0
               S01:000011CE:  00 00 00 00
F00:0106       oldAdkCon
F00:0107       	dc.l	0
               S01:000011D2:  00 00 00 00
F00:0108       oldView
F00:0109       	dc.l	0
               S01:000011D6:  00 00 00 00
F00:0110       oldCopper
F00:0111       	dc.l	0
               S01:000011DA:  00 00 00 00
F00:0112       oldVBI
F00:0113       	dc.l	0
               S01:000011DE:  00 00 00 00
F00:0114       gfxBase
F00:0115       	dc.l	0
               S01:000011E2:  00 00 00 00
F00:0116       gfxName
F00:0117       	dc.b	"graphics.library",0
               S01:000011E6:  67 72 61 70 68 69 63 73 2E 6C 69 62 72 61 72 79
               S01:000011F6:  00
F00:0118       	even
F00:0119       
F00:0120       		section chipdata,data_C
F00:0121       myCopper
F00:0122       	dc.w	$0011,$fffe
               S02:00000000:  00 11
               S02:00000002:  FF FE
F00:0123       	dc.w	DIWSTRT,$2c81
               S02:00000004:  00 8E
               S02:00000006:  2C 81
F00:0124       	dc.w	DIWSTOP,$c8d1
               S02:00000008:  00 90
               S02:0000000A:  C8 D1
F00:0125       	dc.w	DDFSTRT,$0038
               S02:0000000C:  00 92
               S02:0000000E:  00 38
F00:0126       	dc.w	DDFSTOP,$00d0
               S02:00000010:  00 94
               S02:00000012:  00 D0
F00:0127       	dc.w	BPLCON0,$3200
               S02:00000014:  01 00
               S02:00000016:  32 00
F00:0128       	dc.w	BPLCON1,$0000
               S02:00000018:  01 02
               S02:0000001A:  00 00
F00:0129       	dc.w	BPL1MOD,$0050
               S02:0000001C:  01 08
               S02:0000001E:  00 50
F00:0130       	dc.w	BPL2MOD,$0050
               S02:00000020:  01 0A
               S02:00000022:  00 50
F00:0131       	dc.w	BPL1PTH,$0000
               S02:00000024:  00 E0
               S02:00000026:  00 00
F00:0132       	dc.w	BPL1PTL,$0000
               S02:00000028:  00 E2
               S02:0000002A:  00 00
F00:0133       	dc.w	BPL2PTH,$0000
               S02:0000002C:  00 E4
               S02:0000002E:  00 00
F00:0134       	dc.w	BPL2PTL,$0000
               S02:00000030:  00 E6
               S02:00000032:  00 00
F00:0135       	dc.w	BPL3PTH,$0000
               S02:00000034:  00 E8
               S02:00000036:  00 00
F00:0136       	dc.w	BPL3PTL,$0000
               S02:00000038:  00 EA
               S02:0000003A:  00 00
F00:0137       
F00:0138       	dc.w	COLOR0,$0000
               S02:0000003C:  01 80
               S02:0000003E:  00 00
F00:0139       	dc.w	COLOR1,$0fff
               S02:00000040:  01 82
               S02:00000042:  0F FF
F00:0140       	dc.w	$6f11,$fffe
               S02:00000044:  6F 11
               S02:00000046:  FF FE
F00:0141       	dc.w	COLOR0,$0fff
               S02:00000048:  01 80
               S02:0000004A:  0F FF
F00:0142       	dc.w	COLOR1,$0000
               S02:0000004C:  01 82
               S02:0000004E:  00 00
F00:0143       	dc.w	$ef11,$fffe
               S02:00000050:  EF 11
               S02:00000052:  FF FE
F00:0144       	dc.w	COLOR0,$0000
               S02:00000054:  01 80
               S02:00000056:  00 00
F00:0145       	dc.w	COLOR1,$0fff
               S02:00000058:  01 82
               S02:0000005A:  0F FF
F00:0146       	dc.w	$ffdf,$fffe		;Over the VPOS max...
               S02:0000005C:  FF DF
               S02:0000005E:  FF FE
F00:0147       	dc.w	$ffff,$fffe
               S02:00000060:  FF FF
               S02:00000062:  FF FE
F00:0148       
F00:0149       pt_module
F00:0150       	incbin	"f-tube.mod"
               S02:00000064:  6D 6F 62 79 2E 46 75 72 79 2D 54 75 62 65 00 00
               S02:00000074:  00 00 00 00 4D 75 73 69 63 20 66 72 6F 6D 20 74
F00:0151       
F00:0152       bitmaps
F00:0153       	ds.b	(320*256*3)/8
F00:0154       
F00:0155       	end
F00:0156       


Sections:
S01  maincode
S02  chipdata


Sources:
F00  source.s
F01  LVOs.i
F02  Hards.i
F03  protracker_replay.s


Symbols:
bitmaps LAB (0xbbe8) UNUSED sec=chipdata 
pt_SampleStarts LAB (0x1138) UNUSED sec=maincode 
pt_Chan4Temp LAB (0x110c) UNUSED sec=maincode 
pt_Chan3Temp LAB (0x10e0) UNUSED sec=maincode 
pt_Chan2Temp LAB (0x10b4) UNUSED sec=maincode 
pt_Chan1Temp LAB (0x1088) UNUSED sec=maincode 
 pt_DMAWaitLoop .wait LAB (0xbca) sec=maincode 
 pt_DMAWaitLoop .loop LAB (0xbc6) sec=maincode 
pt_FunkOk LAB (0xbb2) sec=maincode 
pt_FunkTable LAB (0xbd8) sec=maincode 
pt_FunkEnd LAB (0xbbc) sec=maincode 
pt_DoRetrig LAB (0xa94) sec=maincode 
pt_RtnSkp LAB (0xa8c) sec=maincode 
pt_RtnEnd LAB (0xac6) sec=maincode 
pt_JmpLoop LAB (0xa38) sec=maincode 
pt_JumpCnt LAB (0xa44) sec=maincode 
pt_SetLoop LAB (0xa4a) sec=maincode 
pt_FunkIt LAB (0xb52) sec=maincode 
pt_PatternDelay LAB (0xb30) sec=maincode 
pt_NoteDelay LAB (0xb12) sec=maincode 
pt_NoteCut LAB (0xaf6) sec=maincode 
pt_VolumeFineDown LAB (0xae0) sec=maincode 
pt_VolumeFineUp LAB (0xaca) sec=maincode 
pt_RetrigNote LAB (0xa68) sec=maincode 
pt_SetTremoloControl LAB (0xa56) sec=maincode 
pt_JumpLoop LAB (0xa18) sec=maincode 
pt_SetVibratoControl LAB (0x9f6) sec=maincode 
pt_SetGlissControl LAB (0x9e2) sec=maincode 
pt_FilterOnOff LAB (0x9c8) sec=maincode 
pt_SetSpeed LAB (0x900) sec=maincode 
pt_PatternBreak LAB (0x8dc) sec=maincode 
pt_VolumeOk LAB (0x8d2) sec=maincode 
pt_VolumeChange LAB (0x8c4) sec=maincode 
pt_PJ2 LAB (0x8ba) sec=maincode 
pt_PositionJump LAB (0x8b0) sec=maincode 
pt_VsdSkip LAB (0x8a6) sec=maincode 
pt_VolSlideDown2 LAB (0x89c) sec=maincode 
pt_VsuSkip LAB (0x888) sec=maincode 
pt_VolSlideUp LAB (0x876) sec=maincode 
pt_VolSlideDown LAB (0x892) sec=maincode 
pt_SofSkip LAB (0x862) sec=maincode 
pt_SoNoNew LAB (0x84a) sec=maincode 
pt_SampleOffset LAB (0x83e) sec=maincode 
pt_TremoloOk LAB (0x82a) sec=maincode 
pt_TremoloSkip LAB (0x820) sec=maincode 
pt_Tremolo3 LAB (0x81c) sec=maincode 
pt_TremoloNeg LAB (0x81a) sec=maincode 
pt_Tre_RampDown2 LAB (0x7f6) sec=maincode 
pt_Tre_Set LAB (0x7fe) sec=maincode 
pt_Tre_RampDown LAB (0x7ea) sec=maincode 
pt_Tre_Sine LAB (0x7fa) sec=maincode 
pt_TreSkip2 LAB (0x7be) sec=maincode 
pt_TreSkip LAB (0x7ae) sec=maincode 
pt_Tremolo2 LAB (0x7c2) sec=maincode 
pt_Vibrato3 LAB (0x776) sec=maincode 
pt_VibratoNeg LAB (0x774) sec=maincode 
pt_Vib_RampDown2 LAB (0x752) sec=maincode 
pt_Vib_Set LAB (0x75a) sec=maincode 
pt_Vib_RampDown LAB (0x746) sec=maincode 
pt_Vib_Sine LAB (0x756) sec=maincode 
pt_VibratoTable LAB (0xbe8) sec=maincode 
pt_VibSkip2 LAB (0x71c) sec=maincode 
pt_VibSkip LAB (0x70c) sec=maincode 
pt_Vibrato2 LAB (0x720) sec=maincode 
pt_GlissFound LAB (0x6ec) sec=maincode 
pt_GlissLoop LAB (0x6dc) sec=maincode 
pt_GlissSkip LAB (0x6f0) sec=maincode 
pt_TonePortaSetPer LAB (0x6bc) sec=maincode 
pt_TonePortaDown LAB (0x68a) UNUSED sec=maincode 
pt_TonePortaUp LAB (0x6a4) sec=maincode 
pt_TonePortNoChange LAB (0x676) sec=maincode 
pt_ClearTonePorta LAB (0x662) sec=maincode 
pt_StpGoss LAB (0x640) sec=maincode 
pt_StpFound LAB (0x630) sec=maincode 
pt_StpLoop LAB (0x620) sec=maincode 
pt_PortaDskip LAB (0x5f8) sec=maincode 
pt_FinePortaDown LAB (0x5be) sec=maincode 
pt_PortaUskip LAB (0x5b0) sec=maincode 
pt_FinePortaUp LAB (0x578) sec=maincode 
pt_ArpLoop LAB (0x562) sec=maincode 
pt_Arpeggio4 LAB (0x572) sec=maincode 
pt_Arpeggio3 LAB (0x548) sec=maincode 
pt_Arpeggio1 LAB (0x536) sec=maincode 
pt_Arpeggio2 LAB (0x542) sec=maincode 
pt_Return2 LAB (0x50c) sec=maincode 
pt_VolumeSlide LAB (0x86a) sec=maincode 
pt_Tremolo LAB (0x798) sec=maincode 
SetBack LAB (0x4f6) UNUSED sec=maincode 
pt_E_Commands LAB (0x94c) sec=maincode 
pt_VibratoPlusVolSlide LAB (0x792) sec=maincode 
pt_TonePlusVolSlide LAB (0x78a) sec=maincode 
pt_Vibrato LAB (0x6f6) sec=maincode 
pt_TonePortamento LAB (0x668) sec=maincode 
pt_PortaDown LAB (0x5cc) sec=maincode 
pt_PortaUp LAB (0x584) sec=maincode 
pt_Arpeggio LAB (0x516) sec=maincode 
pt_UpdateFunk LAB (0xb70) sec=maincode 
pt_NextPosition LAB (0x46a) sec=maincode 
pt_Nnpysk LAB (0x462) sec=maincode 
pt_Dska LAB (0x448) sec=maincode 
pt_Dskc LAB (0x436) sec=maincode 
pt_DMAWaitLoop LAB (0xbc2) sec=maincode 
pt_Trenoc LAB (0x3ac) sec=maincode 
pt_Vibnoc LAB (0x3a0) sec=maincode 
pt_FtuFound LAB (0x368) sec=maincode 
pt_FtuLoop LAB (0x35c) sec=maincode 
pt_PeriodTable LAB (0xc08) sec=maincode 
pt_SetTonePorta LAB (0x606) sec=maincode 
pt_SetFineTune LAB (0xa0a) sec=maincode 
pt_SetPeriod LAB (0x34a) sec=maincode 
pt_ChkTonePorta LAB (0x342) sec=maincode 
pt_DoSetFineTune LAB (0x33c) sec=maincode 
pt_CheckMoreEfx LAB (0x912) sec=maincode 
pt_NoLoop LAB (0x2e6) sec=maincode 
pt_SetRegs LAB (0x304) sec=maincode 
pt_PerNop LAB (0x50e) sec=maincode 
pt_PlvSkip LAB (0x264) sec=maincode 
pt_SetDMA LAB (0x3cc) sec=maincode 
pt_PlayVoice LAB (0x25c) sec=maincode 
pt_CheckEfx LAB (0x4a6) sec=maincode 
pt_NoNewPosYet LAB (0x49a) sec=maincode 
pt_Dskip LAB (0x422) sec=maincode 
pt_NoNewAllChannels LAB (0x1d4) sec=maincode 
pt_GetNewNote LAB (0x206) sec=maincode 
pt_NoNewNote LAB (0x1ce) sec=maincode 
pt_End LAB (0x194) UNUSED sec=maincode 
MTLoop3 LAB (0x164) sec=maincode 
MTLoop2 LAB (0x142) sec=maincode 
MTLoop LAB (0x13e) sec=maincode 
Variables LAB (0x11c6) REF sec=maincode 
pt_DMACONTemp EXPR(-2=0xfffffffe) EQU 
pt_PatternPos EXPR(-4=0xfffffffc) EQU 
pt_PattDelTime2 EXPR(-6=0xfffffffa) EQU 
pt_PattDelTime EXPR(-7=0xfffffff9) EQU 
pt_LowMask EXPR(-8=0xfffffff8) EQU 
pt_PBreakFlag EXPR(-9=0xfffffff7) EQU 
pt_PosJumpFlag EXPR(-10=0xfffffff6) EQU 
pt_PBreakPos EXPR(-11=0xfffffff5) EQU 
pt_SongPos EXPR(-12=0xfffffff4) EQU 
pt_Counter EXPR(-13=0xfffffff3) EQU 
pt_Speed EXPR(-14=0xfffffff2) EQU 
pt_SongDataPtr EXPR(-18=0xffffffee) EQU 
N_RealLength EXPR(40=0x28) EQU 
N_WaveStart EXPR(36=0x24) EQU 
N_FunkOffset EXPR(35=0x23) EQU 
N_LoopCount EXPR(34=0x22) EQU 
N_PattPos EXPR(33=0x21) EQU 
N_SampleOffset EXPR(32=0x20) EQU 
N_GlissFunk EXPR(31=0x1f) EQU 
N_WaveControl EXPR(30=0x1e) EQU 
N_TremoloPos EXPR(29=0x1d) EQU 
N_TremoloCmd EXPR(28=0x1c) EQU 
N_VibratoPos EXPR(27=0x1b) EQU 
N_VibratoCmd EXPR(26=0x1a) EQU 
N_WantedPeriod EXPR(24=0x18) EQU 
N_TonePortSpeed EXPR(23=0x17) EQU 
N_TonePortDirec EXPR(22=0x16) EQU 
N_DMABit EXPR(20=0x14) EQU 
N_Volume EXPR(19=0x13) EQU 
N_FineTune EXPR(18=0x12) EQU 
N_Period EXPR(16=0x10) EQU 
N_Replen EXPR(14=0xe) EQU 
N_LoopStart EXPR(10=0xa) EQU 
N_Length EXPR(8=0x8) EQU 
N_Start EXPR(4=0x4) EQU 
N_Cmdlo EXPR(3=0x3) EQU 
N_Cmd EXPR(2=0x2) EQU 
N_Note EXPR(0=0x0) UNUSED EQU 
pt_Music LAB (0x1ac) REF sec=maincode 
 main .mainloop LAB (0x104) sec=maincode 
myCopper LAB (0x0) REF sec=chipdata 
myVBI LAB (0x10a) REF sec=maincode 
pt_Init LAB (0x126) REF sec=maincode 
pt_module LAB (0x64) REF sec=chipdata 
oldVBI LAB (0x11de) REF sec=maincode 
oldAdkCon LAB (0x11d2) REF sec=maincode 
oldIntReq LAB (0x11ce) REF sec=maincode 
oldIntEna LAB (0x11ca) REF sec=maincode 
oldDMACon LAB (0x11c6) REF sec=maincode 
oldCopper LAB (0x11da) REF sec=maincode 
oldView LAB (0x11d6) REF sec=maincode 
 main .fail LAB (0x108) sec=maincode 
gfxBase LAB (0x11e2) REF sec=maincode 
gfxName LAB (0x11e6) REF sec=maincode 
main LAB (0x0) UNUSED sec=maincode 
customBase EXPR(14675968=0xdff000) EQU 
execBase EXPR(4=0x4) EQU 
COLOR31 EXPR(446=0x1be) UNUSED EQU 
COLOR30 EXPR(444=0x1bc) UNUSED EQU 
COLOR29 EXPR(442=0x1ba) UNUSED EQU 
COLOR28 EXPR(440=0x1b8) UNUSED EQU 
COLOR27 EXPR(438=0x1b6) UNUSED EQU 
COLOR26 EXPR(436=0x1b4) UNUSED EQU 
COLOR25 EXPR(434=0x1b2) UNUSED EQU 
COLOR24 EXPR(432=0x1b0) UNUSED EQU 
COLOR23 EXPR(430=0x1ae) UNUSED EQU 
COLOR22 EXPR(428=0x1ac) UNUSED EQU 
COLOR21 EXPR(426=0x1aa) UNUSED EQU 
COLOR20 EXPR(424=0x1a8) UNUSED EQU 
COLOR19 EXPR(422=0x1a6) UNUSED EQU 
COLOR18 EXPR(420=0x1a4) UNUSED EQU 
COLOR17 EXPR(418=0x1a2) UNUSED EQU 
COLOR16 EXPR(416=0x1a0) UNUSED EQU 
COLOR15 EXPR(414=0x19e) UNUSED EQU 
COLOR14 EXPR(412=0x19c) UNUSED EQU 
COLOR13 EXPR(410=0x19a) UNUSED EQU 
COLOR12 EXPR(408=0x198) UNUSED EQU 
COLOR11 EXPR(406=0x196) UNUSED EQU 
COLOR10 EXPR(404=0x194) UNUSED EQU 
COLOR9 EXPR(402=0x192) UNUSED EQU 
COLOR8 EXPR(400=0x190) UNUSED EQU 
COLOR7 EXPR(398=0x18e) UNUSED EQU 
COLOR6 EXPR(396=0x18c) UNUSED EQU 
COLOR5 EXPR(394=0x18a) UNUSED EQU 
COLOR4 EXPR(392=0x188) UNUSED EQU 
COLOR3 EXPR(390=0x186) UNUSED EQU 
COLOR2 EXPR(388=0x184) UNUSED EQU 
COLOR1 EXPR(386=0x182) EQU 
COLOR0 EXPR(384=0x180) EQU 
SPR7DATB EXPR(382=0x17e) UNUSED EQU 
SPR6DATB EXPR(374=0x176) UNUSED EQU 
SPR5DATB EXPR(366=0x16e) UNUSED EQU 
SPR4DATB EXPR(358=0x166) UNUSED EQU 
SPR3DATB EXPR(350=0x15e) UNUSED EQU 
SPR2DATB EXPR(342=0x156) UNUSED EQU 
SPR1DATB EXPR(334=0x14e) UNUSED EQU 
SPR0DATB EXPR(326=0x146) UNUSED EQU 
SPR7DATA EXPR(380=0x17c) UNUSED EQU 
SPR6DATA EXPR(372=0x174) UNUSED EQU 
SPR5DATA EXPR(364=0x16c) UNUSED EQU 
SPR4DATA EXPR(356=0x164) UNUSED EQU 
SPR3DATA EXPR(348=0x15c) UNUSED EQU 
SPR2DATA EXPR(340=0x154) UNUSED EQU 
SPR1DATA EXPR(332=0x14c) UNUSED EQU 
SPR0DATA EXPR(324=0x144) UNUSED EQU 
SPR7CTL EXPR(378=0x17a) UNUSED EQU 
SPR6CTL EXPR(370=0x172) UNUSED EQU 
SPR5CTL EXPR(362=0x16a) UNUSED EQU 
SPR4CTL EXPR(354=0x162) UNUSED EQU 
SPR3CTL EXPR(346=0x15a) UNUSED EQU 
SPR2CTL EXPR(338=0x152) UNUSED EQU 
SPR1CTL EXPR(330=0x14a) UNUSED EQU 
SPR0CTL EXPR(322=0x142) UNUSED EQU 
SPR7POS EXPR(376=0x178) UNUSED EQU 
SPR6POS EXPR(368=0x170) UNUSED EQU 
SPR5POS EXPR(360=0x168) UNUSED EQU 
SPR4POS EXPR(352=0x160) UNUSED EQU 
SPR3POS EXPR(344=0x158) UNUSED EQU 
SPR2POS EXPR(336=0x150) UNUSED EQU 
SPR1POS EXPR(328=0x148) UNUSED EQU 
SPR0POS EXPR(320=0x140) UNUSED EQU 
SPR7PTL EXPR(318=0x13e) UNUSED EQU 
SPR7PTH EXPR(316=0x13c) UNUSED EQU 
SPR6PTL EXPR(314=0x13a) UNUSED EQU 
SPR6PTH EXPR(312=0x138) UNUSED EQU 
SPR5PTL EXPR(310=0x136) UNUSED EQU 
SPR5PTH EXPR(308=0x134) UNUSED EQU 
SPR4PTL EXPR(306=0x132) UNUSED EQU 
SPR4PTH EXPR(304=0x130) UNUSED EQU 
SPR3PTL EXPR(302=0x12e) UNUSED EQU 
SPR3PTH EXPR(300=0x12c) UNUSED EQU 
SPR2PTL EXPR(298=0x12a) UNUSED EQU 
SPR2PTH EXPR(296=0x128) UNUSED EQU 
SPR1PTL EXPR(294=0x126) UNUSED EQU 
SPR1PTH EXPR(292=0x124) UNUSED EQU 
SPR0PTL EXPR(290=0x122) UNUSED EQU 
SPR0PTH EXPR(288=0x120) UNUSED EQU 
BPL8DAT EXPR(286=0x11e) UNUSED EQU 
BPL7DAT EXPR(284=0x11c) UNUSED EQU 
BPL6DAT EXPR(282=0x11a) UNUSED EQU 
BPL5DAT EXPR(280=0x118) UNUSED EQU 
BPL4DAT EXPR(278=0x116) UNUSED EQU 
BPL3DAT EXPR(276=0x114) UNUSED EQU 
BPL2DAT EXPR(274=0x112) UNUSED EQU 
BPL1DAT EXPR(272=0x110) UNUSED EQU 
BPL2MOD EXPR(266=0x10a) EQU 
BPL1MOD EXPR(264=0x108) EQU 
BPLCON2 EXPR(260=0x104) UNUSED EQU 
BPLCON1 EXPR(258=0x102) EQU 
BPLCON0 EXPR(256=0x100) EQU 
BPL8PTL EXPR(254=0xfe) UNUSED EQU 
BPL8PTH EXPR(252=0xfc) UNUSED EQU 
BPL7PTL EXPR(250=0xfa) UNUSED EQU 
BPL7PTH EXPR(248=0xf8) UNUSED EQU 
BPL6PTL EXPR(246=0xf6) UNUSED EQU 
BPL6PTH EXPR(244=0xf4) UNUSED EQU 
BPL5PTL EXPR(242=0xf2) UNUSED EQU 
BPL5PTH EXPR(240=0xf0) UNUSED EQU 
BPL4PTL EXPR(238=0xee) UNUSED EQU 
BPL4PTH EXPR(236=0xec) UNUSED EQU 
BPL3PTL EXPR(234=0xea) EQU 
BPL3PTH EXPR(232=0xe8) EQU 
BPL2PTL EXPR(230=0xe6) EQU 
BPL2PTH EXPR(228=0xe4) EQU 
BPL1PTL EXPR(226=0xe2) EQU 
BPL1PTH EXPR(224=0xe0) EQU 
BLTADAT EXPR(116=0x74) UNUSED EQU 
BLTBDAT EXPR(114=0x72) UNUSED EQU 
BLTCDAT EXPR(112=0x70) UNUSED EQU 
BLTDMOD EXPR(102=0x66) UNUSED EQU 
BLTAMOD EXPR(100=0x64) UNUSED EQU 
BLTBMOD EXPR(98=0x62) UNUSED EQU 
BLTCMOD EXPR(96=0x60) UNUSED EQU 
BLTSIZE EXPR(88=0x58) UNUSED EQU 
BLTDPT EXPR(84=0x54) UNUSED EQU 
BLTAPT EXPR(80=0x50) UNUSED EQU 
BLTBPT EXPR(76=0x4c) UNUSED EQU 
BLTCPT EXPR(72=0x48) UNUSED EQU 
BLTALWM EXPR(70=0x46) UNUSED EQU 
BLTAFWM EXPR(68=0x44) UNUSED EQU 
BLTCON1 EXPR(66=0x42) UNUSED EQU 
BLTCON0 EXPR(64=0x40) UNUSED EQU 
DMACONR EXPR(2=0x2) EQU 
DMACON EXPR(150=0x96) EQU 
DDFSTOP EXPR(148=0x94) EQU 
DDFSTRT EXPR(146=0x92) EQU 
DIWSTOP EXPR(144=0x90) EQU 
DIWSTRT EXPR(142=0x8e) EQU 
COPINS EXPR(140=0x8c) UNUSED EQU 
COPJMP2 EXPR(138=0x8a) UNUSED EQU 
COPJMP1 EXPR(136=0x88) EQU 
COP2LCL EXPR(134=0x86) UNUSED EQU 
COP2LCH EXPR(132=0x84) UNUSED EQU 
COP1LCL EXPR(130=0x82) UNUSED EQU 
COP1LCH EXPR(128=0x80) EQU 
AUD3DAT EXPR(218=0xda) UNUSED EQU 
AUD3VOL EXPR(216=0xd8) UNUSED EQU 
AUD3PER EXPR(214=0xd6) UNUSED EQU 
AUD3LEN EXPR(212=0xd4) UNUSED EQU 
AUD3LC EXPR(208=0xd0) UNUSED EQU 
AUD2DAT EXPR(202=0xca) UNUSED EQU 
AUD2VOL EXPR(200=0xc8) UNUSED EQU 
AUD2PER EXPR(198=0xc6) UNUSED EQU 
AUD2LEN EXPR(196=0xc4) UNUSED EQU 
AUD2LC EXPR(192=0xc0) UNUSED EQU 
AUD1DAT EXPR(186=0xba) UNUSED EQU 
AUD1VOL EXPR(184=0xb8) UNUSED EQU 
AUD1PER EXPR(182=0xb6) UNUSED EQU 
AUD1LEN EXPR(180=0xb4) UNUSED EQU 
AUD1LC EXPR(176=0xb0) UNUSED EQU 
AUD0DAT EXPR(170=0xaa) UNUSED EQU 
AUD0VOL EXPR(168=0xa8) UNUSED EQU 
AUD0PER EXPR(166=0xa6) UNUSED EQU 
AUD0LEN EXPR(164=0xa4) UNUSED EQU 
AUD0LC EXPR(160=0xa0) UNUSED EQU 
ADKCON EXPR(158=0x9e) UNUSED EQU 
ADKCONR EXPR(16=0x10) EQU 
INTREQ EXPR(156=0x9c) EQU 
INTENA EXPR(154=0x9a) EQU 
INTREQR EXPR(30=0x1e) EQU 
INTENAR EXPR(28=0x1c) EQU 
POT1DAT EXPR(20=0x14) UNUSED EQU 
POT0DAT EXPR(18=0x12) UNUSED EQU 
JOY1DAT EXPR(12=0xc) UNUSED EQU 
JOY0DAT EXPR(10=0xa) UNUSED EQU 
_LVOexecPrivate15 EXPR(-822=0xfffffcca) UNUSED EQU 
_LVOexecPrivate14 EXPR(-816=0xfffffcd0) UNUSED EQU 
_LVOexecPrivate13 EXPR(-810=0xfffffcd6) UNUSED EQU 
_LVOexecPrivate12 EXPR(-804=0xfffffcdc) UNUSED EQU 
_LVOexecPrivate11 EXPR(-798=0xfffffce2) UNUSED EQU 
_LVOexecPrivate10 EXPR(-792=0xfffffce8) UNUSED EQU 
_LVOObtainQuickVector EXPR(-786=0xfffffcee) UNUSED EQU 
_LVORemMemHandler EXPR(-780=0xfffffcf4) UNUSED EQU 
_LVOAddMemHandler EXPR(-774=0xfffffcfa) UNUSED EQU 
_LVOCachePostDMA EXPR(-768=0xfffffd00) UNUSED EQU 
_LVOCachePreDMA EXPR(-762=0xfffffd06) UNUSED EQU 
_LVOChildWait EXPR(-756=0xfffffd0c) UNUSED EQU 
_LVOChildStatus EXPR(-750=0xfffffd12) UNUSED EQU 
_LVOChildOrphan EXPR(-744=0xfffffd18) UNUSED EQU 
_LVOChildFree EXPR(-738=0xfffffd1e) UNUSED EQU 
_LVOStackSwap EXPR(-732=0xfffffd24) UNUSED EQU 
_LVOColdReboot EXPR(-726=0xfffffd2a) UNUSED EQU 
_LVOAttemptSemaphoreShared EXPR(-720=0xfffffd30) UNUSED EQU 
_LVOFreePooled EXPR(-714=0xfffffd36) UNUSED EQU 
_LVOAllocPooled EXPR(-708=0xfffffd3c) UNUSED EQU 
_LVODeletePool EXPR(-702=0xfffffd42) UNUSED EQU 
_LVOCreatePool EXPR(-696=0xfffffd48) UNUSED EQU 
_LVOFreeVec EXPR(-690=0xfffffd4e) UNUSED EQU 
_LVOAllocVec EXPR(-684=0xfffffd54) UNUSED EQU 
_LVOObtainSemaphoreShared EXPR(-678=0xfffffd5a) UNUSED EQU 
_LVODeleteMsgPort EXPR(-672=0xfffffd60) UNUSED EQU 
_LVOCreateMsgPort EXPR(-666=0xfffffd66) UNUSED EQU 
_LVODeleteIORequest EXPR(-660=0xfffffd6c) UNUSED EQU 
_LVOCreateIORequest EXPR(-654=0xfffffd72) UNUSED EQU 
_LVOCacheControl EXPR(-648=0xfffffd78) UNUSED EQU 
_LVOCacheClearE EXPR(-642=0xfffffd7e) UNUSED EQU 
_LVOCacheClearU EXPR(-636=0xfffffd84) UNUSED EQU 
_LVOCopyMemQuick EXPR(-630=0xfffffd8a) UNUSED EQU 
_LVOCopyMem EXPR(-624=0xfffffd90) UNUSED EQU 
_LVOAddMemList EXPR(-618=0xfffffd96) UNUSED EQU 
_LVOSumKickData EXPR(-612=0xfffffd9c) UNUSED EQU 
_LVORemSemaphore EXPR(-606=0xfffffda2) UNUSED EQU 
_LVOAddSemaphore EXPR(-600=0xfffffda8) UNUSED EQU 
_LVOFindSemaphore EXPR(-594=0xfffffdae) UNUSED EQU 
_LVOReleaseSemaphoreList EXPR(-588=0xfffffdb4) UNUSED EQU 
_LVOObtainSemaphoreList EXPR(-582=0xfffffdba) UNUSED EQU 
_LVOAttemptSemaphore EXPR(-576=0xfffffdc0) UNUSED EQU 
_LVOReleaseSemaphore EXPR(-570=0xfffffdc6) UNUSED EQU 
_LVOObtainSemaphore EXPR(-564=0xfffffdcc) UNUSED EQU 
_LVOInitSemaphore EXPR(-558=0xfffffdd2) UNUSED EQU 
_LVOOpenLibrary EXPR(-552=0xfffffdd8) EQU 
_LVOVacate EXPR(-546=0xfffffdde) UNUSED EQU 
_LVOProcure EXPR(-540=0xfffffde4) UNUSED EQU 
_LVOTypeOfMem EXPR(-534=0xfffffdea) UNUSED EQU 
_LVOGetCC EXPR(-528=0xfffffdf0) UNUSED EQU 
_LVORawDoFmt EXPR(-522=0xfffffdf6) UNUSED EQU 
_LVOexecPrivate9 EXPR(-516=0xfffffdfc) UNUSED EQU 
_LVOexecPrivate8 EXPR(-510=0xfffffe02) UNUSED EQU 
_LVOexecPrivate7 EXPR(-504=0xfffffe08) UNUSED EQU 
_LVOOpenResource EXPR(-498=0xfffffe0e) UNUSED EQU 
_LVORemResource EXPR(-492=0xfffffe14) UNUSED EQU 
_LVOAddResource EXPR(-486=0xfffffe1a) UNUSED EQU 
_LVOAbortIO EXPR(-480=0xfffffe20) UNUSED EQU 
_LVOWaitIO EXPR(-474=0xfffffe26) UNUSED EQU 
_LVOCheckIO EXPR(-468=0xfffffe2c) UNUSED EQU 
_LVOSendIO EXPR(-462=0xfffffe32) UNUSED EQU 
_LVODoIO EXPR(-456=0xfffffe38) UNUSED EQU 
_LVOCloseDevice EXPR(-450=0xfffffe3e) UNUSED EQU 
_LVOOpenDevice EXPR(-444=0xfffffe44) UNUSED EQU 
_LVORemDevice EXPR(-438=0xfffffe4a) UNUSED EQU 
_LVOAddDevice EXPR(-432=0xfffffe50) UNUSED EQU 
_LVOSumLibrary EXPR(-426=0xfffffe56) UNUSED EQU 
_LVOSetFunction EXPR(-420=0xfffffe5c) UNUSED EQU 
_LVOCloseLibrary EXPR(-414=0xfffffe62) UNUSED EQU 
_LVOOldOpenLibrary EXPR(-408=0xfffffe68) UNUSED EQU 
_LVORemLibrary EXPR(-402=0xfffffe6e) UNUSED EQU 
_LVOAddLibrary EXPR(-396=0xfffffe74) UNUSED EQU 
_LVOFindPort EXPR(-390=0xfffffe7a) UNUSED EQU 
_LVOWaitPort EXPR(-384=0xfffffe80) UNUSED EQU 
_LVOReplyMsg EXPR(-378=0xfffffe86) UNUSED EQU 
_LVOGetMsg EXPR(-372=0xfffffe8c) UNUSED EQU 
_LVOPutMsg EXPR(-366=0xfffffe92) UNUSED EQU 
_LVORemPort EXPR(-360=0xfffffe98) UNUSED EQU 
_LVOAddPort EXPR(-354=0xfffffe9e) UNUSED EQU 
_LVOFreeTrap EXPR(-348=0xfffffea4) UNUSED EQU 
_LVOAllocTrap EXPR(-342=0xfffffeaa) UNUSED EQU 
_LVOFreeSignal EXPR(-336=0xfffffeb0) UNUSED EQU 
_LVOAllocSignal EXPR(-330=0xfffffeb6) UNUSED EQU 
_LVOSignal EXPR(-324=0xfffffebc) UNUSED EQU 
_LVOWait EXPR(-318=0xfffffec2) UNUSED EQU 
_LVOSetExcept EXPR(-312=0xfffffec8) UNUSED EQU 
_LVOSetSignal EXPR(-306=0xfffffece) UNUSED EQU 
_LVOSetTaskPri EXPR(-300=0xfffffed4) UNUSED EQU 
_LVOFindTask EXPR(-294=0xfffffeda) UNUSED EQU 
_LVORemTask EXPR(-288=0xfffffee0) UNUSED EQU 
_LVOAddTask EXPR(-282=0xfffffee6) UNUSED EQU 
_LVOFindName EXPR(-276=0xfffffeec) UNUSED EQU 
_LVOEnqueue EXPR(-270=0xfffffef2) UNUSED EQU 
_LVORemTail EXPR(-264=0xfffffef8) UNUSED EQU 
_LVORemHead EXPR(-258=0xfffffefe) UNUSED EQU 
_LVORemove EXPR(-252=0xffffff04) UNUSED EQU 
_LVOAddTail EXPR(-246=0xffffff0a) UNUSED EQU 
_LVOAddHead EXPR(-240=0xffffff10) UNUSED EQU 
_LVOInsert EXPR(-234=0xffffff16) UNUSED EQU 
_LVOFreeEntry EXPR(-228=0xffffff1c) UNUSED EQU 
_LVOAllocEntry EXPR(-222=0xffffff22) UNUSED EQU 
_LVOAvailMem EXPR(-216=0xffffff28) UNUSED EQU 
_LVOFreeMem EXPR(-210=0xffffff2e) UNUSED EQU 
_LVOAllocAbs EXPR(-204=0xffffff34) UNUSED EQU 
_LVOAllocMem EXPR(-198=0xffffff3a) UNUSED EQU 
_LVODeallocate EXPR(-192=0xffffff40) UNUSED EQU 
_LVOAllocate EXPR(-186=0xffffff46) UNUSED EQU 
_LVOCause EXPR(-180=0xffffff4c) UNUSED EQU 
_LVORemIntServer EXPR(-174=0xffffff52) UNUSED EQU 
_LVOAddIntServer EXPR(-168=0xffffff58) UNUSED EQU 
_LVOSetIntVector EXPR(-162=0xffffff5e) UNUSED EQU 
_LVOUserState EXPR(-156=0xffffff64) UNUSED EQU 
_LVOSuperState EXPR(-150=0xffffff6a) UNUSED EQU 
_LVOSetSR EXPR(-144=0xffffff70) UNUSED EQU 
_LVOPermit EXPR(-138=0xffffff76) UNUSED EQU 
_LVOForbid EXPR(-132=0xffffff7c) EQU 
_LVOEnable EXPR(-126=0xffffff82) UNUSED EQU 
_LVODisable EXPR(-120=0xffffff88) UNUSED EQU 
_LVODebug EXPR(-114=0xffffff8e) UNUSED EQU 
_LVOAlert EXPR(-108=0xffffff94) UNUSED EQU 
_LVOInitResident EXPR(-102=0xffffff9a) UNUSED EQU 
_LVOFindResident EXPR(-96=0xffffffa0) UNUSED EQU 
_LVOMakeFunctions EXPR(-90=0xffffffa6) UNUSED EQU 
_LVOMakeLibrary EXPR(-84=0xffffffac) UNUSED EQU 
_LVOInitStruct EXPR(-78=0xffffffb2) UNUSED EQU 
_LVOInitCode EXPR(-72=0xffffffb8) UNUSED EQU 
_LVOexecPrivate6 EXPR(-66=0xffffffbe) UNUSED EQU 
_LVOexecPrivate5 EXPR(-60=0xffffffc4) UNUSED EQU 
_LVOexecPrivate4 EXPR(-54=0xffffffca) UNUSED EQU 
_LVOexecPrivate3 EXPR(-48=0xffffffd0) UNUSED EQU 
_LVOexecPrivate2 EXPR(-42=0xffffffd6) UNUSED EQU 
_LVOexecPrivate1 EXPR(-36=0xffffffdc) UNUSED EQU 
_LVOSupervisor EXPR(-30=0xffffffe2) UNUSED EQU 
_LVOHelpControl EXPR(-828=0xfffffcc4) UNUSED EQU 
_LVOTimedDisplayAlert EXPR(-822=0xfffffcca) UNUSED EQU 
_LVOSetWindowPointerA EXPR(-816=0xfffffcd0) UNUSED EQU 
_LVODoGadgetMethodA EXPR(-810=0xfffffcd6) UNUSED EQU 
_LVOLendMenus EXPR(-804=0xfffffcdc) UNUSED EQU 
_LVOScrollWindowRaster EXPR(-798=0xfffffce2) UNUSED EQU 
_LVOScreenPosition EXPR(-792=0xfffffce8) UNUSED EQU 
_LVOScreenDepth EXPR(-786=0xfffffcee) UNUSED EQU 
_LVOChangeScreenBuffer EXPR(-780=0xfffffcf4) UNUSED EQU 
_LVOFreeScreenBuffer EXPR(-774=0xfffffcfa) UNUSED EQU 
_LVOAllocScreenBuffer EXPR(-768=0xfffffd00) UNUSED EQU 
_LVOintuitionPrivate4 EXPR(-726=0xfffffd2a) UNUSED EQU 
_LVOintuitionPrivate3 EXPR(-720=0xfffffd30) UNUSED EQU 
_LVOFreeClass EXPR(-714=0xfffffd36) UNUSED EQU 
_LVORemoveClass EXPR(-708=0xfffffd3c) UNUSED EQU 
_LVOResetMenuStrip EXPR(-702=0xfffffd42) UNUSED EQU 
_LVOFreeScreenDrawInfo EXPR(-696=0xfffffd48) UNUSED EQU 
_LVOGetScreenDrawInfo EXPR(-690=0xfffffd4e) UNUSED EQU 
_LVOAddClass EXPR(-684=0xfffffd54) UNUSED EQU 
_LVOMakeClass EXPR(-678=0xfffffd5a) UNUSED EQU 
_LVOintuitionPrivate2 EXPR(-672=0xfffffd60) UNUSED EQU 
_LVONextObject EXPR(-666=0xfffffd66) UNUSED EQU 
_LVOSetGadgetAttrsA EXPR(-660=0xfffffd6c) UNUSED EQU 
_LVOGetAttr EXPR(-654=0xfffffd72) UNUSED EQU 
_LVOSetAttrsA EXPR(-648=0xfffffd78) UNUSED EQU 
_LVODisposeObject EXPR(-642=0xfffffd7e) UNUSED EQU 
_LVONewObjectA EXPR(-636=0xfffffd84) UNUSED EQU 
_LVOEraseImage EXPR(-630=0xfffffd8a) UNUSED EQU 
_LVOPointInImage EXPR(-624=0xfffffd90) UNUSED EQU 
_LVODrawImageState EXPR(-618=0xfffffd96) UNUSED EQU 
_LVOOpenScreenTagList EXPR(-612=0xfffffd9c) UNUSED EQU 
_LVOOpenWindowTagList EXPR(-606=0xfffffda2) UNUSED EQU 
_LVOSysReqHandler EXPR(-600=0xfffffda8) UNUSED EQU 
_LVOBuildEasyRequestArgs EXPR(-594=0xfffffdae) UNUSED EQU 
_LVOEasyRequestArgs EXPR(-588=0xfffffdb4) UNUSED EQU 
_LVOGetDefaultPubScreen EXPR(-582=0xfffffdba) UNUSED EQU 
_LVOintuitionPrivate1 EXPR(-576=0xfffffdc0) UNUSED EQU 
_LVOGadgetMouse EXPR(-570=0xfffffdc6) UNUSED EQU 
_LVOReleaseGIRPort EXPR(-564=0xfffffdcc) UNUSED EQU 
_LVOObtainGIRPort EXPR(-558=0xfffffdd2) UNUSED EQU 
_LVOPubScreenStatus EXPR(-552=0xfffffdd8) UNUSED EQU 
_LVOSetPubScreenModes EXPR(-546=0xfffffdde) UNUSED EQU 
_LVOSetDefaultPubScreen EXPR(-540=0xfffffde4) UNUSED EQU 
_LVONextPubScreen EXPR(-534=0xfffffdea) UNUSED EQU 
_LVOUnlockPubScreenList EXPR(-528=0xfffffdf0) UNUSED EQU 
_LVOLockPubScreenList EXPR(-522=0xfffffdf6) UNUSED EQU 
_LVOUnlockPubScreen EXPR(-516=0xfffffdfc) UNUSED EQU 
_LVOLockPubScreen EXPR(-510=0xfffffe02) UNUSED EQU 
_LVOZipWindow EXPR(-504=0xfffffe08) UNUSED EQU 
_LVOSetMouseQueue EXPR(-498=0xfffffe0e) UNUSED EQU 
_LVOSetEditHook EXPR(-492=0xfffffe14) UNUSED EQU 
_LVOChangeWindowBox EXPR(-486=0xfffffe1a) UNUSED EQU 
_LVOMoveWindowInFrontOf EXPR(-480=0xfffffe20) UNUSED EQU 
_LVOQueryOverscan EXPR(-474=0xfffffe26) UNUSED EQU 
_LVONewModifyProp EXPR(-468=0xfffffe2c) UNUSED EQU 
_LVOActivateGadget EXPR(-462=0xfffffe32) UNUSED EQU 
_LVORefreshWindowFrame EXPR(-456=0xfffffe38) UNUSED EQU 
_LVOActivateWindow EXPR(-450=0xfffffe3e) UNUSED EQU 
_LVORemoveGList EXPR(-444=0xfffffe44) UNUSED EQU 
_LVOAddGList EXPR(-438=0xfffffe4a) UNUSED EQU 
_LVORefreshGList EXPR(-432=0xfffffe50) UNUSED EQU 
_LVOGetScreenData EXPR(-426=0xfffffe56) UNUSED EQU 
_LVOUnlockIBase EXPR(-420=0xfffffe5c) UNUSED EQU 
_LVOLockIBase EXPR(-414=0xfffffe62) UNUSED EQU 
_LVOFreeRemember EXPR(-408=0xfffffe68) UNUSED EQU 
_LVOAlohaWorkbench EXPR(-402=0xfffffe6e) UNUSED EQU 
_LVOAllocRemember EXPR(-396=0xfffffe74) UNUSED EQU 
_LVORethinkDisplay EXPR(-390=0xfffffe7a) UNUSED EQU 
_LVORemakeDisplay EXPR(-384=0xfffffe80) UNUSED EQU 
_LVOMakeScreen EXPR(-378=0xfffffe86) UNUSED EQU 
_LVOFreeSysRequest EXPR(-372=0xfffffe8c) UNUSED EQU 
_LVOEndRefresh EXPR(-366=0xfffffe92) UNUSED EQU 
_LVOBuildSysRequest EXPR(-360=0xfffffe98) UNUSED EQU 
_LVOBeginRefresh EXPR(-354=0xfffffe9e) UNUSED EQU 
_LVOAutoRequest EXPR(-348=0xfffffea4) UNUSED EQU 
_LVOWBenchToFront EXPR(-342=0xfffffeaa) UNUSED EQU 
_LVOWBenchToBack EXPR(-336=0xfffffeb0) UNUSED EQU 
_LVOIntuiTextLength EXPR(-330=0xfffffeb6) UNUSED EQU 
_LVOSetPrefs EXPR(-324=0xfffffebc) UNUSED EQU 
_LVOWindowLimits EXPR(-318=0xfffffec2) UNUSED EQU 
_LVOWindowToFront EXPR(-312=0xfffffec8) UNUSED EQU 
_LVOWindowToBack EXPR(-306=0xfffffece) UNUSED EQU 
_LVOViewPortAddress EXPR(-300=0xfffffed4) UNUSED EQU 
_LVOViewAddress EXPR(-294=0xfffffeda) UNUSED EQU 
_LVOSizeWindow EXPR(-288=0xfffffee0) UNUSED EQU 
_LVOShowTitle EXPR(-282=0xfffffee6) UNUSED EQU 
_LVOSetWindowTitles EXPR(-276=0xfffffeec) UNUSED EQU 
_LVOSetPointer EXPR(-270=0xfffffef2) UNUSED EQU 
_LVOSetMenuStrip EXPR(-264=0xfffffef8) UNUSED EQU 
_LVOSetDMRequest EXPR(-258=0xfffffefe) UNUSED EQU 
_LVOScreenToFront EXPR(-252=0xffffff04) UNUSED EQU 
_LVOScreenToBack EXPR(-246=0xffffff0a) UNUSED EQU 
_LVORequest EXPR(-240=0xffffff10) UNUSED EQU 
_LVOReportMouse EXPR(-234=0xffffff16) UNUSED EQU 
_LVORemoveGadget EXPR(-228=0xffffff1c) UNUSED EQU 
_LVORefreshGadgets EXPR(-222=0xffffff22) UNUSED EQU 
_LVOPrintIText EXPR(-216=0xffffff28) UNUSED EQU 
_LVOOpenWorkBench EXPR(-210=0xffffff2e) UNUSED EQU 
_LVOOpenWindow EXPR(-204=0xffffff34) UNUSED EQU 
_LVOOpenScreen EXPR(-198=0xffffff3a) UNUSED EQU 
_LVOOnMenu EXPR(-192=0xffffff40) UNUSED EQU 
_LVOOnGadget EXPR(-186=0xffffff46) UNUSED EQU 
_LVOOffMenu EXPR(-180=0xffffff4c) UNUSED EQU 
_LVOOffGadget EXPR(-174=0xffffff52) UNUSED EQU 
_LVOMoveWindow EXPR(-168=0xffffff58) UNUSED EQU 
_LVOMoveScreen EXPR(-162=0xffffff5e) UNUSED EQU 
_LVOModifyProp EXPR(-156=0xffffff64) UNUSED EQU 
_LVOModifyIDCMP EXPR(-150=0xffffff6a) UNUSED EQU 
_LVOItemAddress EXPR(-144=0xffffff70) UNUSED EQU 
_LVOInitRequester EXPR(-138=0xffffff76) UNUSED EQU 
_LVOGetPrefs EXPR(-132=0xffffff7c) UNUSED EQU 
_LVOGetDefPrefs EXPR(-126=0xffffff82) UNUSED EQU 
_LVOEndRequest EXPR(-120=0xffffff88) UNUSED EQU 
_LVODrawImage EXPR(-114=0xffffff8e) UNUSED EQU 
_LVODrawBorder EXPR(-108=0xffffff94) UNUSED EQU 
_LVODoubleClick EXPR(-102=0xffffff9a) UNUSED EQU 
_LVODisplayBeep EXPR(-96=0xffffffa0) UNUSED EQU 
_LVODisplayAlert EXPR(-90=0xffffffa6) UNUSED EQU 
_LVOCurrentTime EXPR(-84=0xffffffac) UNUSED EQU 
_LVOCloseWorkBench EXPR(-78=0xffffffb2) UNUSED EQU 
_LVOCloseWindow EXPR(-72=0xffffffb8) UNUSED EQU 
_LVOCloseScreen EXPR(-66=0xffffffbe) UNUSED EQU 
_LVOClearPointer EXPR(-60=0xffffffc4) UNUSED EQU 
_LVOClearMenuStrip EXPR(-54=0xffffffca) UNUSED EQU 
_LVOClearDMRequest EXPR(-48=0xffffffd0) UNUSED EQU 
_LVOAddGadget EXPR(-42=0xffffffd6) UNUSED EQU 
_LVOIntuition EXPR(-36=0xffffffdc) UNUSED EQU 
_LVOOpenIntuition EXPR(-30=0xffffffe2) UNUSED EQU 
_LVOBestModeIDA EXPR(-1050=0xfffffbe6) UNUSED EQU 
_LVOGetRPAttrsA EXPR(-1044=0xfffffbec) UNUSED EQU 
_LVOSetRPAttrsA EXPR(-1038=0xfffffbf2) UNUSED EQU 
_LVOFreeSpriteData EXPR(-1032=0xfffffbf8) UNUSED EQU 
_LVOChangeExtSpriteA EXPR(-1026=0xfffffbfe) UNUSED EQU 
_LVOAllocSpriteDataA EXPR(-1020=0xfffffc04) UNUSED EQU 
_LVOgraphicsPrivate9 EXPR(-1014=0xfffffc0a) UNUSED EQU 
_LVOFindColor EXPR(-1008=0xfffffc10) UNUSED EQU 
_LVOScrollRasterBF EXPR(-1002=0xfffffc16) UNUSED EQU 
_LVOSetRGB32CM EXPR(-996=0xfffffc1c) UNUSED EQU 
_LVOSetMaxPen EXPR(-990=0xfffffc22) UNUSED EQU 
_LVOSetWriteMask EXPR(-984=0xfffffc28) UNUSED EQU 
_LVOSetOutlinePen EXPR(-978=0xfffffc2e) UNUSED EQU 
_LVOFreeDBufInfo EXPR(-972=0xfffffc34) UNUSED EQU 
_LVOAllocDBufInfo EXPR(-966=0xfffffc3a) UNUSED EQU 
_LVOGetBitMapAttr EXPR(-960=0xfffffc40) UNUSED EQU 
_LVOObtainPen EXPR(-954=0xfffffc46) UNUSED EQU 
_LVOReleasePen EXPR(-948=0xfffffc4c) UNUSED EQU 
_LVOChangeVPBitMap EXPR(-942=0xfffffc52) UNUSED EQU 
_LVOCoerceMode EXPR(-936=0xfffffc58) UNUSED EQU 
_LVOGetExtSpriteA EXPR(-930=0xfffffc5e) UNUSED EQU 
_LVOFreeBitMap EXPR(-924=0xfffffc64) UNUSED EQU 
_LVOAllocBitMap EXPR(-918=0xfffffc6a) UNUSED EQU 
_LVOgraphicsPrivate8 EXPR(-912=0xfffffc70) UNUSED EQU 
_LVOgraphicsPrivate7 EXPR(-906=0xfffffc76) UNUSED EQU 
_LVOGetRGB32 EXPR(-900=0xfffffc7c) UNUSED EQU 
_LVOSetABPenDrMd EXPR(-894=0xfffffc82) UNUSED EQU 
_LVOSetChipRev EXPR(-888=0xfffffc88) UNUSED EQU 
_LVOLoadRGB32 EXPR(-882=0xfffffc8e) UNUSED EQU 
_LVOGetOutlinePen EXPR(-876=0xfffffc94) UNUSED EQU 
_LVOGetDrMd EXPR(-870=0xfffffc9a) UNUSED EQU 
_LVOGetBPen EXPR(-864=0xfffffca0) UNUSED EQU 
_LVOGetAPen EXPR(-858=0xfffffca6) UNUSED EQU 
_LVOSetRGB32 EXPR(-852=0xfffffcac) UNUSED EQU 
_LVOgraphicsPrivate6 EXPR(-846=0xfffffcb2) UNUSED EQU 
_LVOObtainBestPenA EXPR(-840=0xfffffcb8) UNUSED EQU 
_LVOAttachPalExtra EXPR(-834=0xfffffcbe) UNUSED EQU 
_LVOCalcIVG EXPR(-828=0xfffffcc4) UNUSED EQU 
_LVOStripFont EXPR(-822=0xfffffcca) UNUSED EQU 
_LVOExtendFont EXPR(-816=0xfffffcd0) UNUSED EQU 
_LVOEraseRect EXPR(-810=0xfffffcd6) UNUSED EQU 
_LVOWeighTAMatch EXPR(-804=0xfffffcdc) UNUSED EQU 
_LVOModeNotAvailable EXPR(-798=0xfffffce2) UNUSED EQU 
_LVOGetVPModeID EXPR(-792=0xfffffce8) UNUSED EQU 
_LVOWritePixelArray8 EXPR(-786=0xfffffcee) UNUSED EQU 
_LVOReadPixelArray8 EXPR(-780=0xfffffcf4) UNUSED EQU 
_LVOWritePixelLine8 EXPR(-774=0xfffffcfa) UNUSED EQU 
_LVOReadPixelLine8 EXPR(-768=0xfffffd00) UNUSED EQU 
_LVOFontExtent EXPR(-762=0xfffffd06) UNUSED EQU 
_LVOGetDisplayInfoData EXPR(-756=0xfffffd0c) UNUSED EQU 
_LVOgraphicsPrivate5 EXPR(-750=0xfffffd12) UNUSED EQU 
_LVOgraphicsPrivate4 EXPR(-744=0xfffffd18) UNUSED EQU 
_LVOgraphicsPrivate3 EXPR(-738=0xfffffd1e) UNUSED EQU 
_LVONextDisplayInfo EXPR(-732=0xfffffd24) UNUSED EQU 
_LVOFindDisplayInfo EXPR(-726=0xfffffd2a) UNUSED EQU 
_LVOCloseMonitor EXPR(-720=0xfffffd30) UNUSED EQU 
_LVOOpenMonitor EXPR(-714=0xfffffd36) UNUSED EQU 
_LVOVideoControl EXPR(-708=0xfffffd3c) UNUSED EQU 
_LVOGfxLookUp EXPR(-702=0xfffffd42) UNUSED EQU 
_LVOTextFit EXPR(-696=0xfffffd48) UNUSED EQU 
_LVOTextExtent EXPR(-690=0xfffffd4e) UNUSED EQU 
_LVOScalerDiv EXPR(-684=0xfffffd54) UNUSED EQU 
_LVOBitMapScale EXPR(-678=0xfffffd5a) UNUSED EQU 
_LVOGfxAssociate EXPR(-672=0xfffffd60) UNUSED EQU 
_LVOGfxFree EXPR(-666=0xfffffd66) UNUSED EQU 
_LVOGfxNew EXPR(-660=0xfffffd6c) UNUSED EQU 
_LVOAttemptLockLayerRom EXPR(-654=0xfffffd72) UNUSED EQU 
_LVOgraphicsPrivate2 EXPR(-648=0xfffffd78) UNUSED EQU 
_LVOgraphicsPrivate1 EXPR(-642=0xfffffd7e) UNUSED EQU 
_LVOBltMaskBitMapRastPort EXPR(-636=0xfffffd84) UNUSED EQU 
_LVOSetRGB4CM EXPR(-630=0xfffffd8a) UNUSED EQU 
_LVOAndRegionRegion EXPR(-624=0xfffffd90) UNUSED EQU 
_LVOXorRegionRegion EXPR(-618=0xfffffd96) UNUSED EQU 
_LVOOrRegionRegion EXPR(-612=0xfffffd9c) UNUSED EQU 
_LVOBltBitMapRastPort EXPR(-606=0xfffffda2) UNUSED EQU 
_LVOFreeGBuffers EXPR(-600=0xfffffda8) UNUSED EQU 
_LVOUCopperListInit EXPR(-594=0xfffffdae) UNUSED EQU 
_LVOScrollVPort EXPR(-588=0xfffffdb4) UNUSED EQU 
_LVOGetRGB4 EXPR(-582=0xfffffdba) UNUSED EQU 
_LVOFreeColorMap EXPR(-576=0xfffffdc0) UNUSED EQU 
_LVOGetColorMap EXPR(-570=0xfffffdc6) UNUSED EQU 
_LVOFreeCprList EXPR(-564=0xfffffdcc) UNUSED EQU 
_LVOXorRectRegion EXPR(-558=0xfffffdd2) UNUSED EQU 
_LVOClipBlit EXPR(-552=0xfffffdd8) UNUSED EQU 
_LVOFreeCopList EXPR(-546=0xfffffdde) UNUSED EQU 
_LVOFreeVPortCopLists EXPR(-540=0xfffffde4) UNUSED EQU 
_LVODisposeRegion EXPR(-534=0xfffffdea) UNUSED EQU 
_LVOClearRegion EXPR(-528=0xfffffdf0) UNUSED EQU 
_LVOClearRectRegion EXPR(-522=0xfffffdf6) UNUSED EQU 
_LVONewRegion EXPR(-516=0xfffffdfc) UNUSED EQU 
_LVOOrRectRegion EXPR(-510=0xfffffe02) UNUSED EQU 
_LVOAndRectRegion EXPR(-504=0xfffffe08) UNUSED EQU 
_LVOFreeRaster EXPR(-498=0xfffffe0e) UNUSED EQU 
_LVOAllocRaster EXPR(-492=0xfffffe14) UNUSED EQU 
_LVORemFont EXPR(-486=0xfffffe1a) UNUSED EQU 
_LVOAddFont EXPR(-480=0xfffffe20) UNUSED EQU 
_LVOAskFont EXPR(-474=0xfffffe26) UNUSED EQU 
_LVOInitTmpRas EXPR(-468=0xfffffe2c) UNUSED EQU 
_LVODisownBlitter EXPR(-462=0xfffffe32) UNUSED EQU 
_LVOOwnBlitter EXPR(-456=0xfffffe38) EQU 
_LVOCopySBitMap EXPR(-450=0xfffffe3e) UNUSED EQU 
_LVOSyncSBitMap EXPR(-444=0xfffffe44) UNUSED EQU 
_LVOUnlockLayerRom EXPR(-438=0xfffffe4a) UNUSED EQU 
_LVOLockLayerRom EXPR(-432=0xfffffe50) UNUSED EQU 
_LVOMoveSprite EXPR(-426=0xfffffe56) UNUSED EQU 
_LVOChangeSprite EXPR(-420=0xfffffe5c) UNUSED EQU 
_LVOFreeSprite EXPR(-414=0xfffffe62) UNUSED EQU 
_LVOGetSprite EXPR(-408=0xfffffe68) UNUSED EQU 
_LVOWaitBOVP EXPR(-402=0xfffffe6e) UNUSED EQU 
_LVOScrollRaster EXPR(-396=0xfffffe74) UNUSED EQU 
_LVOInitBitMap EXPR(-390=0xfffffe7a) UNUSED EQU 
_LVOVBeamPos EXPR(-384=0xfffffe80) UNUSED EQU 
_LVOCWait EXPR(-378=0xfffffe86) UNUSED EQU 
_LVOCMove EXPR(-372=0xfffffe8c) UNUSED EQU 
_LVOCBump EXPR(-366=0xfffffe92) UNUSED EQU 
_LVOInitView EXPR(-360=0xfffffe98) UNUSED EQU 
_LVOSetDrMd EXPR(-354=0xfffffe9e) UNUSED EQU 
_LVOSetBPen EXPR(-348=0xfffffea4) UNUSED EQU 
_LVOSetAPen EXPR(-342=0xfffffeaa) UNUSED EQU 
_LVOPolyDraw EXPR(-336=0xfffffeb0) UNUSED EQU 
_LVOFlood EXPR(-330=0xfffffeb6) UNUSED EQU 
_LVOWritePixel EXPR(-324=0xfffffebc) UNUSED EQU 
_LVOReadPixel EXPR(-318=0xfffffec2) UNUSED EQU 
_LVOBltPattern EXPR(-312=0xfffffec8) UNUSED EQU 
_LVORectFill EXPR(-306=0xfffffece) UNUSED EQU 
_LVOBltClear EXPR(-300=0xfffffed4) UNUSED EQU 
_LVOQBSBlit EXPR(-294=0xfffffeda) UNUSED EQU 
_LVOSetRGB4 EXPR(-288=0xfffffee0) UNUSED EQU 
_LVOInitArea EXPR(-282=0xfffffee6) UNUSED EQU 
_LVOQBlit EXPR(-276=0xfffffeec) UNUSED EQU 
_LVOWaitTOF EXPR(-270=0xfffffef2) EQU 
_LVOAreaEnd EXPR(-264=0xfffffef8) UNUSED EQU 
_LVOAreaDraw EXPR(-258=0xfffffefe) UNUSED EQU 
_LVOAreaMove EXPR(-252=0xffffff04) UNUSED EQU 
_LVODraw EXPR(-246=0xffffff0a) UNUSED EQU 
_LVOMove EXPR(-240=0xffffff10) UNUSED EQU 
_LVOSetRast EXPR(-234=0xffffff16) UNUSED EQU 
_LVOWaitBlit EXPR(-228=0xffffff1c) EQU 
_LVOLoadView EXPR(-222=0xffffff22) EQU 
_LVOMakeVPort EXPR(-216=0xffffff28) UNUSED EQU 
_LVOMrgCop EXPR(-210=0xffffff2e) UNUSED EQU 
_LVOInitVPort EXPR(-204=0xffffff34) UNUSED EQU 
_LVOInitRastPort EXPR(-198=0xffffff3a) UNUSED EQU 
_LVOLoadRGB4 EXPR(-192=0xffffff40) UNUSED EQU 
_LVOAreaEllipse EXPR(-186=0xffffff46) UNUSED EQU 
_LVODrawEllipse EXPR(-180=0xffffff4c) UNUSED EQU 
_LVOInitGMasks EXPR(-174=0xffffff52) UNUSED EQU 
_LVOGetGBuffers EXPR(-168=0xffffff58) UNUSED EQU 
_LVOAnimate EXPR(-162=0xffffff5e) UNUSED EQU 
_LVOAddAnimOb EXPR(-156=0xffffff64) UNUSED EQU 
_LVOSortGList EXPR(-150=0xffffff6a) UNUSED EQU 
_LVOSetCollision EXPR(-144=0xffffff70) UNUSED EQU 
_LVORemVSprite EXPR(-138=0xffffff76) UNUSED EQU 
_LVORemIBob EXPR(-132=0xffffff7c) UNUSED EQU 
_LVOInitMasks EXPR(-126=0xffffff82) UNUSED EQU 
_LVOInitGels EXPR(-120=0xffffff88) UNUSED EQU 
_LVODrawGList EXPR(-114=0xffffff8e) UNUSED EQU 
_LVODoCollision EXPR(-108=0xffffff94) UNUSED EQU 
_LVOAddVSprite EXPR(-102=0xffffff9a) UNUSED EQU 
_LVOAddBob EXPR(-96=0xffffffa0) UNUSED EQU 
_LVOSetSoftStyle EXPR(-90=0xffffffa6) UNUSED EQU 
_LVOAskSoftStyle EXPR(-84=0xffffffac) UNUSED EQU 
_LVOCloseFont EXPR(-78=0xffffffb2) UNUSED EQU 
_LVOOpenFont EXPR(-72=0xffffffb8) UNUSED EQU 
_LVOSetFont EXPR(-66=0xffffffbe) UNUSED EQU 
_LVOText EXPR(-60=0xffffffc4) UNUSED EQU 
_LVOTextLength EXPR(-54=0xffffffca) UNUSED EQU 
_LVOClearScreen EXPR(-48=0xffffffd0) UNUSED EQU 
_LVOClearEOL EXPR(-42=0xffffffd6) UNUSED EQU 
_LVOBltTemplate EXPR(-36=0xffffffdc) UNUSED EQU 
_LVOBltBitMap EXPR(-30=0xffffffe2) UNUSED EQU 
_LVOExecute EXPR(-222=0xffffff22) UNUSED EQU 
_LVOIsInteractive EXPR(-216=0xffffff28) UNUSED EQU 
_LVOParentDir EXPR(-210=0xffffff2e) UNUSED EQU 
_LVOWaitForChar EXPR(-204=0xffffff34) UNUSED EQU 
_LVODelay EXPR(-198=0xffffff3a) UNUSED EQU 
_LVODateStamp EXPR(-192=0xffffff40) UNUSED EQU 
_LVOSetProtection EXPR(-186=0xffffff46) UNUSED EQU 
_LVOSetComment EXPR(-180=0xffffff4c) UNUSED EQU 
_LVODeviceProc EXPR(-174=0xffffff52) UNUSED EQU 
_LVOQueuePacket EXPR(-168=0xffffff58) UNUSED EQU 
_LVOGetPacket EXPR(-162=0xffffff5e) UNUSED EQU 
_LVOUnLoadSeg EXPR(-156=0xffffff64) UNUSED EQU 
_LVOLoadSeg EXPR(-150=0xffffff6a) UNUSED EQU 
_LVOExit EXPR(-144=0xffffff70) UNUSED EQU 
_LVOCreateProc EXPR(-138=0xffffff76) UNUSED EQU 
_LVOIoErr EXPR(-132=0xffffff7c) UNUSED EQU 
_LVOCurrentDir EXPR(-126=0xffffff82) UNUSED EQU 
_LVOCreateDir EXPR(-120=0xffffff88) UNUSED EQU 
_LVOInfo EXPR(-114=0xffffff8e) UNUSED EQU 
_LVOExNext EXPR(-108=0xffffff94) UNUSED EQU 
_LVOExamine EXPR(-102=0xffffff9a) UNUSED EQU 
_LVODupLock EXPR(-96=0xffffffa0) UNUSED EQU 
_LVOUnLock EXPR(-90=0xffffffa6) UNUSED EQU 
_LVOLock EXPR(-84=0xffffffac) UNUSED EQU 
_LVORename EXPR(-78=0xffffffb2) UNUSED EQU 
_LVODeleteFile EXPR(-72=0xffffffb8) UNUSED EQU 
_LVOSeek EXPR(-66=0xffffffbe) UNUSED EQU 
_LVOOutput EXPR(-60=0xffffffc4) UNUSED EQU 
_LVOInput EXPR(-54=0xffffffca) UNUSED EQU 
_LVOWrite EXPR(-48=0xffffffd0) UNUSED EQU 
_LVORead EXPR(-42=0xffffffd6) UNUSED EQU 
_LVOClose EXPR(-36=0xffffffdc) UNUSED EQU 
_LVOOpen EXPR(-30=0xffffffe2) UNUSED EQU 
__LK EXPR(4=0x4) INTERNAL 
__G2 EXPR(16711680=0xff0000) INTERNAL 
__FO EXPR(0=0x0) INTERNAL 
__RS EXPR(0=0x0) INTERNAL 
REPTN EXPR(-1=0xffffffff) INTERNAL 
__VASM EXPR(1=0x1) INTERNAL 

There have been no errors.
